#
# There is insufficient memory for the Java Runtime Environment to continue.
# Native memory allocation (mmap) failed to map 166723584 bytes for committing reserved memory.
# Possible reasons:
#   The system is out of physical RAM or swap space
#   The process is running with CompressedOops enabled, and the Java Heap may be blocking the growth of the native heap
# Possible solutions:
#   Reduce memory load on the system
#   Increase physical memory or swap space
#   Check if swap backing store is full
#   Decrease Java heap size (-Xmx/-Xms)
#   Decrease number of Java threads
#   Decrease Java thread stack sizes (-Xss)
#   Set larger code cache with -XX:ReservedCodeCacheSize=
#   JVM is running with Unscaled Compressed Oops mode in which the Java heap is
#     placed in the first 4GB address space. The Java Heap base address is the
#     maximum limit for the native heap growth. Please use -XX:HeapBaseMinAddress
#     to set the Java Heap base and to place the Java Heap above 4GB virtual address.
# This output file may be truncated or incomplete.
#
#  Out of Memory Error (os_linux.cpp:2706), pid=3464, tid=3478
#
# JRE version: OpenJDK Runtime Environment (10.0.2+13) (build 10.0.2+13-Ubuntu-1ubuntu0.18.04.4)
# Java VM: OpenJDK 64-Bit Server VM (10.0.2+13-Ubuntu-1ubuntu0.18.04.4, mixed mode, tiered, compressed oops, g1 gc, linux-amd64)
# Core dump will be written. Default location: Core dumps may be processed with "/usr/share/apport/apport %p %s %c %d %P" (or dumping to /home/dd/algraph2.0/Algraph/core.3464)
#

---------------  S U M M A R Y ------------

Command Line: --add-modules=ALL-SYSTEM --add-opens=java.base/java.util=ALL-UNNAMED --add-opens=java.base/java.lang=ALL-UNNAMED -Declipse.application=org.eclipse.jdt.ls.core.id1 -Dosgi.bundles.defaultStartLevel=4 -Declipse.product=org.eclipse.jdt.ls.core.product -Xverify:none -Xmx1G -XX:+UseG1GC -XX:+UseStringDeduplication /home/dd/.vscode/extensions/redhat.java-0.37.0/server/plugins/org.eclipse.equinox.launcher_1.5.200.v20180922-1751.jar -configuration /home/dd/.vscode/extensions/redhat.java-0.37.0/server/config_linux -data /home/dd/.config/Code/User/workspaceStorage/a781280eae2b423a4e7dc34a2da1dc1e/redhat.java/jdt_ws

Host: AMD E2-3800 APU with Radeon(TM) HD Graphics, 4 cores, 3G, Ubuntu 18.04.1 LTS
Time: Tue Jan 22 15:44:52 2019 CET elapsed time: 7349 seconds (0d 2h 2m 29s)

---------------  T H R E A D  ---------------

Current thread (0x00007fbbc8128800):  VMThread "VM Thread" [stack: 0x00007fbbac50e000,0x00007fbbac60e000] [id=3478]

Stack: [0x00007fbbac50e000,0x00007fbbac60e000],  sp=0x00007fbbac60c0a0,  free space=1016k
Native frames: (J=compiled Java code, A=aot compiled Java code, j=interpreted, Vv=VM code, C=native code)
V  [libjvm.so+0xd27ea4]
V  [libjvm.so+0xd28a4b]
V  [libjvm.so+0x64d415]
V  [libjvm.so+0xb2d7c8]
V  [libjvm.so+0xb2601d]
V  [libjvm.so+0x7662ff]
V  [libjvm.so+0x76653e]
V  [libjvm.so+0x769500]
V  [libjvm.so+0x7efa1c]
V  [libjvm.so+0x7f06df]
V  [libjvm.so+0x7f0b59]
V  [libjvm.so+0x7162cf]
V  [libjvm.so+0x71a3ba]
V  [libjvm.so+0xd3a008]
V  [libjvm.so+0xd38871]
V  [libjvm.so+0xd35b3b]
V  [libjvm.so+0xd3715e]
V  [libjvm.so+0xd37588]
V  [libjvm.so+0xb33d40]

VM_Operation (0x00007fbb38e62fb0): G1IncCollectionPause, mode: safepoint, requested by thread 0x00007fbb48089000


---------------  P R O C E S S  ---------------

Threads class SMR info:
_java_thread_list=0x00007fbb30000b20, length=24, elements={
0x00007fbbc8012000, 0x00007fbbc8132000, 0x00007fbbc8134000, 0x00007fbbc8147800,
0x00007fbbc8149800, 0x00007fbbc814b800, 0x00007fbbc814d800, 0x00007fbbc814f800,
0x00007fbbc820d800, 0x00007fbbc8285800, 0x00007fbbc8474800, 0x00007fbbc8492800,
0x00007fbbc8495000, 0x00007fbb40387000, 0x00007fbb405ba800, 0x00007fbb2c01b800,
0x00007fbb40679000, 0x00007fbbc83aa000, 0x00007fbbc83ae800, 0x00007fbb48089000,
0x00007fbb44001800, 0x00007fbb48086800, 0x00007fbb4808b800, 0x00007fbb5d921800
}

Java Threads: ( => current thread )
  0x00007fbbc8012000 JavaThread "main" [_thread_blocked, id=3465, stack(0x00007fbbd03b5000,0x00007fbbd04b6000)]
  0x00007fbbc8132000 JavaThread "Reference Handler" daemon [_thread_blocked, id=3479, stack(0x00007fbbac40b000,0x00007fbbac50c000)]
  0x00007fbbc8134000 JavaThread "Finalizer" daemon [_thread_blocked, id=3480, stack(0x00007fbbac30a000,0x00007fbbac40b000)]
  0x00007fbbc8147800 JavaThread "Signal Dispatcher" daemon [_thread_blocked, id=3481, stack(0x00007fbb956ff000,0x00007fbb95800000)]
  0x00007fbbc8149800 JavaThread "C2 CompilerThread0" daemon [_thread_blocked, id=3482, stack(0x00007fbb955fe000,0x00007fbb956ff000)]
  0x00007fbbc814b800 JavaThread "C2 CompilerThread1" daemon [_thread_blocked, id=3483, stack(0x00007fbb954fd000,0x00007fbb955fe000)]
  0x00007fbbc814d800 JavaThread "C1 CompilerThread2" daemon [_thread_blocked, id=3484, stack(0x00007fbb953fc000,0x00007fbb954fd000)]
  0x00007fbbc814f800 JavaThread "Sweeper thread" daemon [_thread_blocked, id=3485, stack(0x00007fbb952fb000,0x00007fbb953fc000)]
  0x00007fbbc820d800 JavaThread "Common-Cleaner" daemon [_thread_blocked, id=3486, stack(0x00007fbb951fa000,0x00007fbb952fb000)]
  0x00007fbbc8285800 JavaThread "Service Thread" daemon [_thread_blocked, id=3488, stack(0x00007fbb950f9000,0x00007fbb951fa000)]
  0x00007fbbc8474800 JavaThread "Active Thread: Equinox Container: 1db973f3-0978-4334-9c27-afaa3c6471b8" [_thread_blocked, id=3492, stack(0x00007fbb946cc000,0x00007fbb947cd000)]
  0x00007fbbc8492800 JavaThread "Framework Event Dispatcher: Equinox Container: 1db973f3-0978-4334-9c27-afaa3c6471b8" daemon [_thread_blocked, id=3498, stack(0x00007fbb945cb000,0x00007fbb946cc000)]
  0x00007fbbc8495000 JavaThread "Start Level: Equinox Container: 1db973f3-0978-4334-9c27-afaa3c6471b8" daemon [_thread_blocked, id=3499, stack(0x00007fbb944ca000,0x00007fbb945cb000)]
  0x00007fbb40387000 JavaThread "Worker-JM" [_thread_blocked, id=3501, stack(0x00007fbb3bcff000,0x00007fbb3be00000)]
  0x00007fbb405ba800 JavaThread "Java indexing" daemon [_thread_blocked, id=3530, stack(0x00007fbb3b3fc000,0x00007fbb3b4fd000)]
  0x00007fbb2c01b800 JavaThread "Worker-2" [_thread_blocked, id=3531, stack(0x00007fbb3b2fb000,0x00007fbb3b3fc000)]
  0x00007fbb40679000 JavaThread "Bundle File Closer" daemon [_thread_blocked, id=3538, stack(0x00007fbb3affa000,0x00007fbb3b0fb000)]
  0x00007fbbc83aa000 JavaThread "pool-2-thread-1" [_thread_blocked, id=3568, stack(0x00007fbb3a36b000,0x00007fbb3a46c000)]
  0x00007fbbc83ae800 JavaThread "pool-1-thread-1" [_thread_in_native, id=3569, stack(0x00007fbb39a6a000,0x00007fbb39b6b000)]
  0x00007fbb48089000 JavaThread "ForkJoinPool.commonPool-worker-3" daemon [_thread_blocked, id=3576, stack(0x00007fbb38d65000,0x00007fbb38e66000)]
  0x00007fbb44001800 JavaThread "Worker-6" [_thread_blocked, id=3945, stack(0x00007fbb38e66000,0x00007fbb38f67000)]
  0x00007fbb48086800 JavaThread "ForkJoinPool.commonPool-worker-4" daemon [_thread_blocked, id=8872, stack(0x00007fbb39769000,0x00007fbb3986a000)]
  0x00007fbb4808b800 JavaThread "ForkJoinPool.commonPool-worker-5" daemon [_thread_blocked, id=8873, stack(0x00007fbb39567000,0x00007fbb39668000)]
  0x00007fbb5d921800 JavaThread "Worker-7" [_thread_blocked, id=8936, stack(0x00007fbb3b6fd000,0x00007fbb3b7fe000)]

Other Threads:
=>0x00007fbbc8128800 VMThread "VM Thread" [stack: 0x00007fbbac50e000,0x00007fbbac60e000] [id=3478]
  0x00007fbbc8287800 WatcherThread [stack: 0x00007fbb94ff9000,0x00007fbb950f9000] [id=3489]
  0x00007fbbc8028800 GCTaskThread "GC Thread#0" [stack: 0x00007fbbcc4e6000,0x00007fbbcc5e6000] [id=3466]
  0x00007fbbc802a000 GCTaskThread "GC Thread#1" [stack: 0x00007fbbcc3e4000,0x00007fbbcc4e4000] [id=3467]
  0x00007fbbc802c000 GCTaskThread "GC Thread#2" [stack: 0x00007fbbcc2e2000,0x00007fbbcc3e2000] [id=3468]
  0x00007fbbc802d800 GCTaskThread "GC Thread#3" [stack: 0x00007fbbcc1e0000,0x00007fbbcc2e0000] [id=3469]
  0x00007fbbc8067800 ConcurrentGCThread "G1 Main Marker" [stack: 0x00007fbbad122000,0x00007fbbad222000] [id=3470]
  0x00007fbbc8069000 ConcurrentGCThread "G1 Conc#0" [stack: 0x00007fbbad020000,0x00007fbbad120000] [id=3471]
  0x00007fbbc8096000 ConcurrentGCThread "G1 Refine#0" [stack: 0x00007fbbacb1a000,0x00007fbbacc1a000] [id=3472]
  0x00007fbbc8098000 ConcurrentGCThread "G1 Refine#1" [stack: 0x00007fbbaca18000,0x00007fbbacb18000] [id=3473]
  0x00007fbbc8099800 ConcurrentGCThread "G1 Refine#2" [stack: 0x00007fbbac916000,0x00007fbbaca16000] [id=3474]
  0x00007fbbc809b800 ConcurrentGCThread "G1 Refine#3" [stack: 0x00007fbbac814000,0x00007fbbac914000] [id=3475]
  0x00007fbbc809d000 ConcurrentGCThread "G1 Young RemSet Sampling" [stack: 0x00007fbbac712000,0x00007fbbac812000] [id=3476]
  0x00007fbbc80a4000 ConcurrentGCThread "G1 StrDedup" [stack: 0x00007fbbac610000,0x00007fbbac710000] [id=3477]

Threads with active compile tasks:
C2 CompilerThread013539       4       org.eclipse.jdt.internal.compiler.classfmt.FieldInfo::getGenericSignature (46 bytes)
C2 CompilerThread113540       4       org.eclipse.jdt.internal.compiler.lookup.AnnotatableTypeSystem::haveTypeAnnotations (108 bytes)
C1 CompilerThread213541       3       org.eclipse.jdt.core.dom.VariableBinding::getName (30 bytes)

VM state:at safepoint (normal execution)

VM Mutex/Monitor currently owned by a thread:  ([mutex/lock_event])
[0x00007fbbc800e7a0] Threads_lock - owner thread: 0x00007fbbc8128800
[0x00007fbbc800ed40] Heap_lock - owner thread: 0x00007fbb48089000

Heap address: 0x00000000c0000000, size: 1024 MB, Compressed Oops mode: 32-bit
Narrow klass base: 0x0000000000000000, Narrow klass shift: 3
Compressed class space size: 1073741824 Address: 0x0000000100000000

Heap:
 garbage-first heap   total 325632K, used 83206K [0x00000000c0000000, 0x0000000100000000)
  region size 1024K, 2 young (2048K), 2 survivors (2048K)
 Metaspace       used 61985K, capacity 64546K, committed 64900K, reserved 1107968K
  class space    used 5384K, capacity 6300K, committed 6352K, reserved 1048576K
Heap Regions: E=young(eden), S=young(survivor), O=old, HS=humongous(starts), HC=humongous(continues), CS=collection set, F=free, A=archive, TS=gc time stamp, AC=allocation context, TAMS=top-at-mark-start (previous, next)
|   0|0x00000000c0000000, 0x00000000c0100000, 0x00000000c0100000|100%| O|  |TS  0|AC  0|TAMS 0x00000000c0100000, 0x00000000c0100000|
|   1|0x00000000c0100000, 0x00000000c0200000, 0x00000000c0200000|100%| O|  |TS  0|AC  0|TAMS 0x00000000c0200000, 0x00000000c0200000|
|   2|0x00000000c0200000, 0x00000000c0300000, 0x00000000c0300000|100%| O|  |TS  0|AC  0|TAMS 0x00000000c0300000, 0x00000000c0300000|
|   3|0x00000000c0300000, 0x00000000c0400000, 0x00000000c0400000|100%| O|  |TS  0|AC  0|TAMS 0x00000000c0400000, 0x00000000c0400000|
|   4|0x00000000c0400000, 0x00000000c0500000, 0x00000000c0500000|100%| O|  |TS  0|AC  0|TAMS 0x00000000c0500000, 0x00000000c0500000|
|   5|0x00000000c0500000, 0x00000000c0600000, 0x00000000c0600000|100%| O|  |TS  0|AC  0|TAMS 0x00000000c0600000, 0x00000000c0600000|
|   6|0x00000000c0600000, 0x00000000c0700000, 0x00000000c0700000|100%| O|  |TS  0|AC  0|TAMS 0x00000000c0700000, 0x00000000c0700000|
|   7|0x00000000c0700000, 0x00000000c0800000, 0x00000000c0800000|100%| O|  |TS  4|AC  0|TAMS 0x00000000c0700000, 0x00000000c0700000|
|   8|0x00000000c0800000, 0x00000000c0900000, 0x00000000c0900000|100%| O|  |TS  0|AC  0|TAMS 0x00000000c0900000, 0x00000000c0900000|
|   9|0x00000000c0900000, 0x00000000c0a00000, 0x00000000c0a00000|100%| O|  |TS  0|AC  0|TAMS 0x00000000c0a00000, 0x00000000c0a00000|
|  10|0x00000000c0a00000, 0x00000000c0b00000, 0x00000000c0b00000|100%| O|  |TS  0|AC  0|TAMS 0x00000000c0b00000, 0x00000000c0b00000|
|  11|0x00000000c0b00000, 0x00000000c0c00000, 0x00000000c0c00000|100%| O|  |TS  0|AC  0|TAMS 0x00000000c0c00000, 0x00000000c0c00000|
|  12|0x00000000c0c00000, 0x00000000c0d00000, 0x00000000c0d00000|100%| O|  |TS  0|AC  0|TAMS 0x00000000c0d00000, 0x00000000c0d00000|
|  13|0x00000000c0d00000, 0x00000000c0e00000, 0x00000000c0e00000|100%| O|  |TS  0|AC  0|TAMS 0x00000000c0e00000, 0x00000000c0e00000|
|  14|0x00000000c0e00000, 0x00000000c0f00000, 0x00000000c0f00000|100%| O|  |TS  0|AC  0|TAMS 0x00000000c0f00000, 0x00000000c0f00000|
|  15|0x00000000c0f00000, 0x00000000c1000000, 0x00000000c1000000|100%| O|  |TS  0|AC  0|TAMS 0x00000000c1000000, 0x00000000c1000000|
|  16|0x00000000c1000000, 0x00000000c1100000, 0x00000000c1100000|100%|HS|  |TS  0|AC  0|TAMS 0x00000000c1100000, 0x00000000c1100000|
|  17|0x00000000c1100000, 0x00000000c1200000, 0x00000000c1200000|100%|HS|  |TS  0|AC  0|TAMS 0x00000000c1200000, 0x00000000c1200000|
|  18|0x00000000c1200000, 0x00000000c1300000, 0x00000000c1300000|100%| O|  |TS  0|AC  0|TAMS 0x00000000c1300000, 0x00000000c1300000|
|  19|0x00000000c1300000, 0x00000000c1400000, 0x00000000c1400000|100%| O|  |TS  0|AC  0|TAMS 0x00000000c1400000, 0x00000000c1400000|
|  20|0x00000000c1400000, 0x00000000c1500000, 0x00000000c1500000|100%| O|  |TS  0|AC  0|TAMS 0x00000000c1500000, 0x00000000c1500000|
|  21|0x00000000c1500000, 0x00000000c1600000, 0x00000000c1600000|100%| O|  |TS  0|AC  0|TAMS 0x00000000c1600000, 0x00000000c1600000|
|  22|0x00000000c1600000, 0x00000000c1700000, 0x00000000c1700000|100%| O|  |TS  0|AC  0|TAMS 0x00000000c1700000, 0x00000000c1700000|
|  23|0x00000000c1700000, 0x00000000c1800000, 0x00000000c1800000|100%| O|  |TS  0|AC  0|TAMS 0x00000000c1800000, 0x00000000c1800000|
|  24|0x00000000c1800000, 0x00000000c1900000, 0x00000000c1900000|100%| O|  |TS  0|AC  0|TAMS 0x00000000c1900000, 0x00000000c1900000|
|  25|0x00000000c1900000, 0x00000000c1a00000, 0x00000000c1a00000|100%| O|  |TS  0|AC  0|TAMS 0x00000000c1a00000, 0x00000000c1a00000|
|  26|0x00000000c1a00000, 0x00000000c1b00000, 0x00000000c1b00000|100%| O|  |TS  0|AC  0|TAMS 0x00000000c1b00000, 0x00000000c1b00000|
|  27|0x00000000c1b00000, 0x00000000c1c00000, 0x00000000c1c00000|100%| O|  |TS  0|AC  0|TAMS 0x00000000c1c00000, 0x00000000c1c00000|
|  28|0x00000000c1c00000, 0x00000000c1d00000, 0x00000000c1d00000|100%| O|  |TS  0|AC  0|TAMS 0x00000000c1d00000, 0x00000000c1d00000|
|  29|0x00000000c1d00000, 0x00000000c1e00000, 0x00000000c1e00000|100%| O|  |TS  0|AC  0|TAMS 0x00000000c1e00000, 0x00000000c1e00000|
|  30|0x00000000c1e00000, 0x00000000c1f00000, 0x00000000c1f00000|100%| O|  |TS  0|AC  0|TAMS 0x00000000c1f00000, 0x00000000c1f00000|
|  31|0x00000000c1f00000, 0x00000000c2000000, 0x00000000c2000000|100%| O|  |TS  0|AC  0|TAMS 0x00000000c2000000, 0x00000000c2000000|
|  32|0x00000000c2000000, 0x00000000c2100000, 0x00000000c2100000|100%| O|  |TS  0|AC  0|TAMS 0x00000000c2100000, 0x00000000c2100000|
|  33|0x00000000c2100000, 0x00000000c2200000, 0x00000000c2200000|100%| O|  |TS  0|AC  0|TAMS 0x00000000c2200000, 0x00000000c2200000|
|  34|0x00000000c2200000, 0x00000000c2300000, 0x00000000c2300000|100%| O|  |TS  0|AC  0|TAMS 0x00000000c2300000, 0x00000000c2300000|
|  35|0x00000000c2300000, 0x00000000c2400000, 0x00000000c2400000|100%| O|  |TS  0|AC  0|TAMS 0x00000000c2400000, 0x00000000c2400000|
|  36|0x00000000c2400000, 0x00000000c2500000, 0x00000000c2500000|100%| O|  |TS  0|AC  0|TAMS 0x00000000c2500000, 0x00000000c2500000|
|  37|0x00000000c2500000, 0x00000000c2600000, 0x00000000c2600000|100%| O|  |TS  0|AC  0|TAMS 0x00000000c2600000, 0x00000000c2600000|
|  38|0x00000000c2600000, 0x00000000c2700000, 0x00000000c2700000|100%| O|  |TS  0|AC  0|TAMS 0x00000000c2700000, 0x00000000c2700000|
|  39|0x00000000c2700000, 0x00000000c2800000, 0x00000000c2800000|100%| O|  |TS  0|AC  0|TAMS 0x00000000c2800000, 0x00000000c2800000|
|  40|0x00000000c2800000, 0x00000000c2900000, 0x00000000c2900000|100%| O|  |TS  0|AC  0|TAMS 0x00000000c2900000, 0x00000000c2900000|
|  41|0x00000000c2900000, 0x00000000c2a00000, 0x00000000c2a00000|100%| O|  |TS  0|AC  0|TAMS 0x00000000c2a00000, 0x00000000c2a00000|
|  42|0x00000000c2a00000, 0x00000000c2b00000, 0x00000000c2b00000|100%| O|  |TS  0|AC  0|TAMS 0x00000000c2b00000, 0x00000000c2b00000|
|  43|0x00000000c2b00000, 0x00000000c2c00000, 0x00000000c2c00000|100%| O|  |TS  0|AC  0|TAMS 0x00000000c2c00000, 0x00000000c2c00000|
|  44|0x00000000c2c00000, 0x00000000c2d00000, 0x00000000c2d00000|100%| O|  |TS  7|AC  0|TAMS 0x00000000c2c00000, 0x00000000c2c00000|
|  45|0x00000000c2d00000, 0x00000000c2e00000, 0x00000000c2e00000|100%| O|  |TS  7|AC  0|TAMS 0x00000000c2d00000, 0x00000000c2d00000|
|  46|0x00000000c2e00000, 0x00000000c2f00000, 0x00000000c2f00000|100%| O|  |TS  7|AC  0|TAMS 0x00000000c2e00000, 0x00000000c2e00000|
|  47|0x00000000c2f00000, 0x00000000c3000000, 0x00000000c3000000|100%| O|  |TS  7|AC  0|TAMS 0x00000000c2f00000, 0x00000000c2f00000|
|  48|0x00000000c3000000, 0x00000000c3100000, 0x00000000c3100000|100%| O|  |TS  8|AC  0|TAMS 0x00000000c3000000, 0x00000000c3000000|
|  49|0x00000000c3100000, 0x00000000c3200000, 0x00000000c3200000|100%| O|  |TS  0|AC  0|TAMS 0x00000000c3200000, 0x00000000c3200000|
|  50|0x00000000c3200000, 0x00000000c3300000, 0x00000000c3300000|100%| O|  |TS  4|AC  0|TAMS 0x00000000c3200000, 0x00000000c3200000|
|  51|0x00000000c3300000, 0x00000000c3400000, 0x00000000c3400000|100%| O|  |TS 14|AC  0|TAMS 0x00000000c3300000, 0x00000000c3300000|
|  52|0x00000000c3400000, 0x00000000c3500000, 0x00000000c3500000|100%| O|  |TS 14|AC  0|TAMS 0x00000000c3400000, 0x00000000c3400000|
|  53|0x00000000c3500000, 0x00000000c3600000, 0x00000000c3600000|100%| O|  |TS 14|AC  0|TAMS 0x00000000c3500000, 0x00000000c3500000|
|  54|0x00000000c3600000, 0x00000000c3700000, 0x00000000c3700000|100%| O|  |TS 14|AC  0|TAMS 0x00000000c3600000, 0x00000000c3600000|
|  55|0x00000000c3700000, 0x00000000c3800000, 0x00000000c3800000|100%| O|  |TS 14|AC  0|TAMS 0x00000000c3700000, 0x00000000c3700000|
|  56|0x00000000c3800000, 0x00000000c3900000, 0x00000000c3900000|100%| O|  |TS 14|AC  0|TAMS 0x00000000c3800000, 0x00000000c3800000|
|  57|0x00000000c3900000, 0x00000000c3a00000, 0x00000000c3a00000|100%| O|  |TS 15|AC  0|TAMS 0x00000000c3900000, 0x00000000c3900000|
|  58|0x00000000c3a00000, 0x00000000c3b00000, 0x00000000c3b00000|100%| O|  |TS 15|AC  0|TAMS 0x00000000c3a00000, 0x00000000c3a00000|
|  59|0x00000000c3b00000, 0x00000000c3c00000, 0x00000000c3c00000|100%| O|  |TS 15|AC  0|TAMS 0x00000000c3b00000, 0x00000000c3b00000|
|  60|0x00000000c3c00000, 0x00000000c3d00000, 0x00000000c3d00000|100%| O|  |TS 16|AC  0|TAMS 0x00000000c3c00000, 0x00000000c3c00000|
|  61|0x00000000c3d00000, 0x00000000c3e00000, 0x00000000c3e00000|100%| O|  |TS  1|AC  0|TAMS 0x00000000c3d00000, 0x00000000c3d00000|
|  62|0x00000000c3e00000, 0x00000000c3f00000, 0x00000000c3f00000|100%| O|  |TS  0|AC  0|TAMS 0x00000000c3f00000, 0x00000000c3f00000|
|  63|0x00000000c3f00000, 0x00000000c4000000, 0x00000000c4000000|100%| O|  |TS 16|AC  0|TAMS 0x00000000c3f00000, 0x00000000c3f00000|
|  64|0x00000000c4000000, 0x00000000c4100000, 0x00000000c4100000|100%| O|  |TS 16|AC  0|TAMS 0x00000000c4000000, 0x00000000c4000000|
|  65|0x00000000c4100000, 0x00000000c4200000, 0x00000000c4200000|100%| O|  |TS 16|AC  0|TAMS 0x00000000c4100000, 0x00000000c4100000|
|  66|0x00000000c4200000, 0x00000000c4300000, 0x00000000c4300000|100%| O|  |TS  0|AC  0|TAMS 0x00000000c4300000, 0x00000000c4300000|
|  67|0x00000000c4300000, 0x00000000c4400000, 0x00000000c4400000|100%| O|  |TS 16|AC  0|TAMS 0x00000000c4300000, 0x00000000c4300000|
|  68|0x00000000c4400000, 0x00000000c4500000, 0x00000000c4500000|100%| O|  |TS 16|AC  0|TAMS 0x00000000c4400000, 0x00000000c4400000|
|  69|0x00000000c4500000, 0x00000000c4600000, 0x00000000c4600000|100%| O|  |TS 17|AC  0|TAMS 0x00000000c4500000, 0x00000000c4500000|
|  70|0x00000000c4600000, 0x00000000c4700000, 0x00000000c4700000|100%| O|  |TS 18|AC  0|TAMS 0x00000000c4600000, 0x00000000c4600000|
|  71|0x00000000c4700000, 0x00000000c4800000, 0x00000000c4800000|100%| O|  |TS 18|AC  0|TAMS 0x00000000c4700000, 0x00000000c4700000|
|  72|0x00000000c4800000, 0x00000000c4900000, 0x00000000c4900000|100%| O|  |TS 19|AC  0|TAMS 0x00000000c4800000, 0x00000000c4800000|
|  73|0x00000000c4900000, 0x00000000c4a00000, 0x00000000c4a00000|100%| O|  |TS 19|AC  0|TAMS 0x00000000c4900000, 0x00000000c4900000|
|  74|0x00000000c4a00000, 0x00000000c4b00000, 0x00000000c4b00000|100%| O|  |TS 19|AC  0|TAMS 0x00000000c4a00000, 0x00000000c4a00000|
|  75|0x00000000c4b00000, 0x00000000c4c00000, 0x00000000c4c00000|100%| O|  |TS 19|AC  0|TAMS 0x00000000c4b00000, 0x00000000c4b00000|
|  76|0x00000000c4c00000, 0x00000000c4c41a00, 0x00000000c4d00000| 25%| O|  |TS 19|AC  0|TAMS 0x00000000c4c00000, 0x00000000c4c00000|
|  77|0x00000000c4d00000, 0x00000000c4e00000, 0x00000000c4e00000|100%| O|  |TS  2|AC  0|TAMS 0x00000000c4d00000, 0x00000000c4d00000|
|  78|0x00000000c4e00000, 0x00000000c4e00000, 0x00000000c4f00000|  0%| F|  |TS  2|AC  0|TAMS 0x00000000c4e00000, 0x00000000c4e00000|
|  79|0x00000000c4f00000, 0x00000000c4f00000, 0x00000000c5000000|  0%| F|  |TS  2|AC  0|TAMS 0x00000000c4f00000, 0x00000000c4f00000|
|  80|0x00000000c5000000, 0x00000000c5000000, 0x00000000c5100000|  0%| F|  |TS  4|AC  0|TAMS 0x00000000c5000000, 0x00000000c5000000|
|  81|0x00000000c5100000, 0x00000000c5100000, 0x00000000c5200000|  0%| F|  |TS  4|AC  0|TAMS 0x00000000c5100000, 0x00000000c5100000|
|  82|0x00000000c5200000, 0x00000000c5200000, 0x00000000c5300000|  0%| F|  |TS 13|AC  0|TAMS 0x00000000c5200000, 0x00000000c5200000|
|  83|0x00000000c5300000, 0x00000000c5400000, 0x00000000c5400000|100%| O|  |TS  1|AC  0|TAMS 0x00000000c535fe00, 0x00000000c535fe00|
|  84|0x00000000c5400000, 0x00000000c5500000, 0x00000000c5500000|100%| O|  |TS  3|AC  0|TAMS 0x00000000c5400000, 0x00000000c5400000|
|  85|0x00000000c5500000, 0x00000000c5500000, 0x00000000c5600000|  0%| F|  |TS 13|AC  0|TAMS 0x00000000c5500000, 0x00000000c5500000|
|  86|0x00000000c5600000, 0x00000000c5600000, 0x00000000c5700000|  0%| F|  |TS 12|AC  0|TAMS 0x00000000c5600000, 0x00000000c5600000|
|  87|0x00000000c5700000, 0x00000000c5700000, 0x00000000c5800000|  0%| F|  |TS 12|AC  0|TAMS 0x00000000c5700000, 0x00000000c5700000|
|  88|0x00000000c5800000, 0x00000000c5800000, 0x00000000c5900000|  0%| F|  |TS 12|AC  0|TAMS 0x00000000c5800000, 0x00000000c5800000|
|  89|0x00000000c5900000, 0x00000000c5900000, 0x00000000c5a00000|  0%| F|  |TS 12|AC  0|TAMS 0x00000000c5900000, 0x00000000c5900000|
|  90|0x00000000c5a00000, 0x00000000c5a00000, 0x00000000c5b00000|  0%| F|  |TS 12|AC  0|TAMS 0x00000000c5a00000, 0x00000000c5a00000|
|  91|0x00000000c5b00000, 0x00000000c5b00000, 0x00000000c5c00000|  0%| F|  |TS 12|AC  0|TAMS 0x00000000c5b00000, 0x00000000c5b00000|
|  92|0x00000000c5c00000, 0x00000000c5c00000, 0x00000000c5d00000|  0%| F|  |TS 14|AC  0|TAMS 0x00000000c5c00000, 0x00000000c5c00000|
|  93|0x00000000c5d00000, 0x00000000c5d00000, 0x00000000c5e00000|  0%| F|  |TS 14|AC  0|TAMS 0x00000000c5d00000, 0x00000000c5d00000|
|  94|0x00000000c5e00000, 0x00000000c5e00000, 0x00000000c5f00000|  0%| F|  |TS 14|AC  0|TAMS 0x00000000c5e00000, 0x00000000c5e00000|
|  95|0x00000000c5f00000, 0x00000000c5f00000, 0x00000000c6000000|  0%| F|  |TS 14|AC  0|TAMS 0x00000000c5f00000, 0x00000000c5f00000|
|  96|0x00000000c6000000, 0x00000000c6000000, 0x00000000c6100000|  0%| F|  |TS 14|AC  0|TAMS 0x00000000c6000000, 0x00000000c6000000|
|  97|0x00000000c6100000, 0x00000000c6100000, 0x00000000c6200000|  0%| F|  |TS 14|AC  0|TAMS 0x00000000c6100000, 0x00000000c6100000|
|  98|0x00000000c6200000, 0x00000000c6200000, 0x00000000c6300000|  0%| F|  |TS 13|AC  0|TAMS 0x00000000c6200000, 0x00000000c6200000|
|  99|0x00000000c6300000, 0x00000000c6300000, 0x00000000c6400000|  0%| F|  |TS 13|AC  0|TAMS 0x00000000c6300000, 0x00000000c6300000|
| 100|0x00000000c6400000, 0x00000000c6400000, 0x00000000c6500000|  0%| F|  |TS 13|AC  0|TAMS 0x00000000c6400000, 0x00000000c6400000|
| 101|0x00000000c6500000, 0x00000000c6500000, 0x00000000c6600000|  0%| F|  |TS 13|AC  0|TAMS 0x00000000c6500000, 0x00000000c6500000|
| 102|0x00000000c6600000, 0x00000000c6600000, 0x00000000c6700000|  0%| F|  |TS 13|AC  0|TAMS 0x00000000c6600000, 0x00000000c6600000|
| 103|0x00000000c6700000, 0x00000000c6700000, 0x00000000c6800000|  0%| F|  |TS 13|AC  0|TAMS 0x00000000c6700000, 0x00000000c6700000|
| 104|0x00000000c6800000, 0x00000000c6800000, 0x00000000c6900000|  0%| F|  |TS 13|AC  0|TAMS 0x00000000c6800000, 0x00000000c6800000|
| 105|0x00000000c6900000, 0x00000000c6900000, 0x00000000c6a00000|  0%| F|  |TS 13|AC  0|TAMS 0x00000000c6900000, 0x00000000c6900000|
| 106|0x00000000c6a00000, 0x00000000c6a00000, 0x00000000c6b00000|  0%| F|  |TS 13|AC  0|TAMS 0x00000000c6a00000, 0x00000000c6a00000|
| 107|0x00000000c6b00000, 0x00000000c6b00000, 0x00000000c6c00000|  0%| F|  |TS 13|AC  0|TAMS 0x00000000c6b00000, 0x00000000c6b00000|
| 108|0x00000000c6c00000, 0x00000000c6c00000, 0x00000000c6d00000|  0%| F|  |TS 13|AC  0|TAMS 0x00000000c6c00000, 0x00000000c6c00000|
| 109|0x00000000c6d00000, 0x00000000c6d00000, 0x00000000c6e00000|  0%| F|  |TS 13|AC  0|TAMS 0x00000000c6d00000, 0x00000000c6d00000|
| 110|0x00000000c6e00000, 0x00000000c6e00000, 0x00000000c6f00000|  0%| F|  |TS 13|AC  0|TAMS 0x00000000c6e00000, 0x00000000c6e00000|
| 111|0x00000000c6f00000, 0x00000000c6f00000, 0x00000000c7000000|  0%| F|  |TS 13|AC  0|TAMS 0x00000000c6f00000, 0x00000000c6f00000|
| 112|0x00000000c7000000, 0x00000000c7000000, 0x00000000c7100000|  0%| F|  |TS 16|AC  0|TAMS 0x00000000c7000000, 0x00000000c7000000|
| 113|0x00000000c7100000, 0x00000000c7100000, 0x00000000c7200000|  0%| F|  |TS 16|AC  0|TAMS 0x00000000c7100000, 0x00000000c7100000|
| 114|0x00000000c7200000, 0x00000000c7200000, 0x00000000c7300000|  0%| F|  |TS 16|AC  0|TAMS 0x00000000c7200000, 0x00000000c7200000|
| 115|0x00000000c7300000, 0x00000000c7300000, 0x00000000c7400000|  0%| F|  |TS 16|AC  0|TAMS 0x00000000c7300000, 0x00000000c7300000|
| 116|0x00000000c7400000, 0x00000000c7400000, 0x00000000c7500000|  0%| F|  |TS 16|AC  0|TAMS 0x00000000c7400000, 0x00000000c7400000|
| 117|0x00000000c7500000, 0x00000000c7500000, 0x00000000c7600000|  0%| F|  |TS 16|AC  0|TAMS 0x00000000c7500000, 0x00000000c7500000|
| 118|0x00000000c7600000, 0x00000000c7600000, 0x00000000c7700000|  0%| F|  |TS 15|AC  0|TAMS 0x00000000c7600000, 0x00000000c7600000|
| 119|0x00000000c7700000, 0x00000000c7700000, 0x00000000c7800000|  0%| F|  |TS 15|AC  0|TAMS 0x00000000c7700000, 0x00000000c7700000|
| 120|0x00000000c7800000, 0x00000000c7800000, 0x00000000c7900000|  0%| F|  |TS 15|AC  0|TAMS 0x00000000c7800000, 0x00000000c7800000|
| 121|0x00000000c7900000, 0x00000000c7900000, 0x00000000c7a00000|  0%| F|  |TS 15|AC  0|TAMS 0x00000000c7900000, 0x00000000c7900000|
| 122|0x00000000c7a00000, 0x00000000c7a00000, 0x00000000c7b00000|  0%| F|  |TS 15|AC  0|TAMS 0x00000000c7a00000, 0x00000000c7a00000|
| 123|0x00000000c7b00000, 0x00000000c7b00000, 0x00000000c7c00000|  0%| F|  |TS 15|AC  0|TAMS 0x00000000c7b00000, 0x00000000c7b00000|
| 124|0x00000000c7c00000, 0x00000000c7c00000, 0x00000000c7d00000|  0%| F|  |TS 15|AC  0|TAMS 0x00000000c7c00000, 0x00000000c7c00000|
| 125|0x00000000c7d00000, 0x00000000c7d00000, 0x00000000c7e00000|  0%| F|  |TS 15|AC  0|TAMS 0x00000000c7d00000, 0x00000000c7d00000|
| 126|0x00000000c7e00000, 0x00000000c7e00000, 0x00000000c7f00000|  0%| F|  |TS 15|AC  0|TAMS 0x00000000c7e00000, 0x00000000c7e00000|
| 127|0x00000000c7f00000, 0x00000000c7f00000, 0x00000000c8000000|  0%| F|  |TS 15|AC  0|TAMS 0x00000000c7f00000, 0x00000000c7f00000|
| 128|0x00000000c8000000, 0x00000000c8000000, 0x00000000c8100000|  0%| F|  |TS 15|AC  0|TAMS 0x00000000c8000000, 0x00000000c8000000|
| 129|0x00000000c8100000, 0x00000000c8100000, 0x00000000c8200000|  0%| F|  |TS 15|AC  0|TAMS 0x00000000c8100000, 0x00000000c8100000|
| 130|0x00000000c8200000, 0x00000000c8200000, 0x00000000c8300000|  0%| F|  |TS 15|AC  0|TAMS 0x00000000c8200000, 0x00000000c8200000|
| 131|0x00000000c8300000, 0x00000000c8300000, 0x00000000c8400000|  0%| F|  |TS 15|AC  0|TAMS 0x00000000c8300000, 0x00000000c8300000|
| 132|0x00000000c8400000, 0x00000000c8400000, 0x00000000c8500000|  0%| F|  |TS 15|AC  0|TAMS 0x00000000c8400000, 0x00000000c8400000|
| 133|0x00000000c8500000, 0x00000000c8500000, 0x00000000c8600000|  0%| F|  |TS 15|AC  0|TAMS 0x00000000c8500000, 0x00000000c8500000|
| 134|0x00000000c8600000, 0x00000000c8600000, 0x00000000c8700000|  0%| F|  |TS 15|AC  0|TAMS 0x00000000c8600000, 0x00000000c8600000|
| 135|0x00000000c8700000, 0x00000000c8700000, 0x00000000c8800000|  0%| F|  |TS 15|AC  0|TAMS 0x00000000c8700000, 0x00000000c8700000|
| 136|0x00000000c8800000, 0x00000000c8800000, 0x00000000c8900000|  0%| F|  |TS 15|AC  0|TAMS 0x00000000c8800000, 0x00000000c8800000|
| 137|0x00000000c8900000, 0x00000000c8900000, 0x00000000c8a00000|  0%| F|  |TS 15|AC  0|TAMS 0x00000000c8900000, 0x00000000c8900000|
| 138|0x00000000c8a00000, 0x00000000c8a00000, 0x00000000c8b00000|  0%| F|  |TS 15|AC  0|TAMS 0x00000000c8a00000, 0x00000000c8a00000|
| 139|0x00000000c8b00000, 0x00000000c8b00000, 0x00000000c8c00000|  0%| F|  |TS 15|AC  0|TAMS 0x00000000c8b00000, 0x00000000c8b00000|
| 140|0x00000000c8c00000, 0x00000000c8c00000, 0x00000000c8d00000|  0%| F|  |TS 15|AC  0|TAMS 0x00000000c8c00000, 0x00000000c8c00000|
| 141|0x00000000c8d00000, 0x00000000c8d00000, 0x00000000c8e00000|  0%| F|  |TS 15|AC  0|TAMS 0x00000000c8d00000, 0x00000000c8d00000|
| 142|0x00000000c8e00000, 0x00000000c8e00000, 0x00000000c8f00000|  0%| F|  |TS 15|AC  0|TAMS 0x00000000c8e00000, 0x00000000c8e00000|
| 143|0x00000000c8f00000, 0x00000000c8f00000, 0x00000000c9000000|  0%| F|  |TS 15|AC  0|TAMS 0x00000000c8f00000, 0x00000000c8f00000|
| 144|0x00000000c9000000, 0x00000000c9000000, 0x00000000c9100000|  0%| F|  |TS 15|AC  0|TAMS 0x00000000c9000000, 0x00000000c9000000|
| 145|0x00000000c9100000, 0x00000000c9200000, 0x00000000c9200000|100%| S|CS|TS 19|AC  0|TAMS 0x00000000c9100000, 0x00000000c9100000|
| 146|0x00000000c9200000, 0x00000000c9300000, 0x00000000c9300000|100%| S|CS|TS 19|AC  0|TAMS 0x00000000c9200000, 0x00000000c9200000|
| 147|0x00000000c9300000, 0x00000000c9300000, 0x00000000c9400000|  0%| F|  |TS 19|AC  0|TAMS 0x00000000c9300000, 0x00000000c9300000|
| 148|0x00000000c9400000, 0x00000000c9400000, 0x00000000c9500000|  0%| F|  |TS 19|AC  0|TAMS 0x00000000c9400000, 0x00000000c9400000|
| 149|0x00000000c9500000, 0x00000000c9500000, 0x00000000c9600000|  0%| F|  |TS 19|AC  0|TAMS 0x00000000c9500000, 0x00000000c9500000|
| 150|0x00000000c9600000, 0x00000000c9600000, 0x00000000c9700000|  0%| F|  |TS 19|AC  0|TAMS 0x00000000c9600000, 0x00000000c9600000|
| 151|0x00000000c9700000, 0x00000000c9700000, 0x00000000c9800000|  0%| F|  |TS 19|AC  0|TAMS 0x00000000c9700000, 0x00000000c9700000|
| 152|0x00000000c9800000, 0x00000000c9800000, 0x00000000c9900000|  0%| F|  |TS 19|AC  0|TAMS 0x00000000c9800000, 0x00000000c9800000|
| 153|0x00000000c9900000, 0x00000000c9900000, 0x00000000c9a00000|  0%| F|  |TS 19|AC  0|TAMS 0x00000000c9900000, 0x00000000c9900000|
| 154|0x00000000c9a00000, 0x00000000c9a00000, 0x00000000c9b00000|  0%| F|  |TS 19|AC  0|TAMS 0x00000000c9a00000, 0x00000000c9a00000|
| 155|0x00000000c9b00000, 0x00000000c9b00000, 0x00000000c9c00000|  0%| F|  |TS 19|AC  0|TAMS 0x00000000c9b00000, 0x00000000c9b00000|
| 156|0x00000000c9c00000, 0x00000000c9c00000, 0x00000000c9d00000|  0%| F|  |TS 19|AC  0|TAMS 0x00000000c9c00000, 0x00000000c9c00000|
| 157|0x00000000c9d00000, 0x00000000c9d00000, 0x00000000c9e00000|  0%| F|  |TS 19|AC  0|TAMS 0x00000000c9d00000, 0x00000000c9d00000|
| 158|0x00000000c9e00000, 0x00000000c9e00000, 0x00000000c9f00000|  0%| F|  |TS 19|AC  0|TAMS 0x00000000c9e00000, 0x00000000c9e00000|

Card table byte_map: [0x00007fbbaf422000,0x00007fbbaf622000] byte_map_base: 0x00007fbbaee22000

Marking Bits (Prev, Next): (CMBitMap*) 0x00007fbbc8066900, (CMBitMap*) 0x00007fbbc8066938
 Prev Bits: [0x00007fbbae222000, 0x00007fbbaf222000)
 Next Bits: [0x00007fbbad222000, 0x00007fbbae222000)

Polling page: 0x00007fbbd04d6000

CodeHeap 'non-profiled nmethods': size=120032Kb used=8482Kb max_used=8482Kb free=111549Kb
 bounds [0x00007fbbb75ed000, 0x00007fbbb7e3d000, 0x00007fbbbeb25000]
CodeHeap 'profiled nmethods': size=120032Kb used=28790Kb max_used=28790Kb free=91241Kb
 bounds [0x00007fbbb00b5000, 0x00007fbbb1cf5000, 0x00007fbbb75ed000]
CodeHeap 'non-nmethods': size=5696Kb used=1245Kb max_used=1352Kb free=4450Kb
 bounds [0x00007fbbafb25000, 0x00007fbbafd95000, 0x00007fbbb00b5000]
 total_blobs=16495 nmethods=11113 adapters=551
 compilation: enabled

Compilation events (10 events):
Event: 7331,241 Thread 0x00007fbbc814d800 nmethod 13537 0x00007fbbb1cea010 code [0x00007fbbb1cea200, 0x00007fbbb1cea690]
Event: 7331,250 Thread 0x00007fbbc8149800 nmethod 13536 0x00007fbbb7e32990 code [0x00007fbbb7e32b40, 0x00007fbbb7e33098]
Event: 7331,250 Thread 0x00007fbbc8149800 13538   !   4       org.eclipse.jdt.internal.compiler.lookup.MethodBinding::sourceMethod (78 bytes)
Event: 7331,261 Thread 0x00007fbbc8149800 nmethod 13538 0x00007fbbb7e33410 code [0x00007fbbb7e335c0, 0x00007fbbb7e33818]
Event: 7331,262 Thread 0x00007fbbc8149800 13535   !   4       org.eclipse.jdt.internal.core.JarPackageFragmentRoot::getClassFilePath (64 bytes)
Event: 7331,263 Thread 0x00007fbbc8149800 nmethod 13535 0x00007fbbb7e33a10 code [0x00007fbbb7e33ba0, 0x00007fbbb7e33c18]
Event: 7331,475 Thread 0x00007fbbc814b800 nmethod 13534 0x00007fbbb7e33c90 code [0x00007fbbb7e33fe0, 0x00007fbbb7e35ad8]
Event: 7346,798 Thread 0x00007fbbc8149800 13539       4       org.eclipse.jdt.internal.compiler.classfmt.FieldInfo::getGenericSignature (46 bytes)
Event: 7346,969 Thread 0x00007fbbc814b800 13540       4       org.eclipse.jdt.internal.compiler.lookup.AnnotatableTypeSystem::haveTypeAnnotations (108 bytes)
Event: 7347,466 Thread 0x00007fbbc814d800 13541       3       org.eclipse.jdt.core.dom.VariableBinding::getName (30 bytes)

GC Heap History (10 events):
Event: 7314,796 GC heap after
{Heap after GC invocations=87 (full 0):
 garbage-first heap   total 162816K, used 65660K [0x00000000c0000000, 0x0000000100000000)
  region size 1024K, 1 young (1024K), 1 survivors (1024K)
 Metaspace       used 61948K, capacity 64482K, committed 64900K, reserved 1107968K
  class space    used 5378K, capacity 6300K, committed 6352K, reserved 1048576K
}
Event: 7335,752 GC heap before
{Heap before GC invocations=87 (full 0):
 garbage-first heap   total 162816K, used 106620K [0x00000000c0000000, 0x0000000100000000)
  region size 1024K, 41 young (41984K), 1 survivors (1024K)
 Metaspace       used 61985K, capacity 64546K, committed 64900K, reserved 1107968K
  class space    used 5384K, capacity 6300K, committed 6352K, reserved 1048576K
}
Event: 7336,583 GC heap after
{Heap after GC invocations=88 (full 0):
 garbage-first heap   total 162816K, used 74245K [0x00000000c0000000, 0x0000000100000000)
  region size 1024K, 6 young (6144K), 6 survivors (6144K)
 Metaspace       used 61985K, capacity 64546K, committed 64900K, reserved 1107968K
  class space    used 5384K, capacity 6300K, committed 6352K, reserved 1048576K
}
Event: 7337,258 GC heap before
{Heap before GC invocations=88 (full 0):
 garbage-first heap   total 162816K, used 75269K [0x00000000c0000000, 0x0000000100000000)
  region size 1024K, 7 young (7168K), 6 survivors (6144K)
 Metaspace       used 61985K, capacity 64546K, committed 64900K, reserved 1107968K
  class space    used 5384K, capacity 6300K, committed 6352K, reserved 1048576K
}
Event: 7337,285 GC heap after
{Heap after GC invocations=89 (full 0):
 garbage-first heap   total 162816K, used 75433K [0x00000000c0000000, 0x0000000100000000)
  region size 1024K, 1 young (1024K), 1 survivors (1024K)
 Metaspace       used 61985K, capacity 64546K, committed 64900K, reserved 1107968K
  class space    used 5384K, capacity 6300K, committed 6352K, reserved 1048576K
}
Event: 7342,009 GC heap before
{Heap before GC invocations=89 (full 0):
 garbage-first heap   total 162816K, used 81577K [0x00000000c0000000, 0x0000000100000000)
  region size 1024K, 7 young (7168K), 1 survivors (1024K)
 Metaspace       used 61985K, capacity 64546K, committed 64900K, reserved 1107968K
  class space    used 5384K, capacity 6300K, committed 6352K, reserved 1048576K
}
Event: 7342,031 GC heap after
{Heap after GC invocations=90 (full 0):
 garbage-first heap   total 162816K, used 76553K [0x00000000c0000000, 0x0000000100000000)
  region size 1024K, 1 young (1024K), 1 survivors (1024K)
 Metaspace       used 61985K, capacity 64546K, committed 64900K, reserved 1107968K
  class space    used 5384K, capacity 6300K, committed 6352K, reserved 1048576K
}
Event: 7346,058 GC heap before
{Heap before GC invocations=90 (full 0):
 garbage-first heap   total 162816K, used 82697K [0x00000000c0000000, 0x0000000100000000)
  region size 1024K, 7 young (7168K), 1 survivors (1024K)
 Metaspace       used 61985K, capacity 64546K, committed 64900K, reserved 1107968K
  class space    used 5384K, capacity 6300K, committed 6352K, reserved 1048576K
}
Event: 7346,425 GC heap after
{Heap after GC invocations=91 (full 0):
 garbage-first heap   total 162816K, used 77994K [0x00000000c0000000, 0x0000000100000000)
  region size 1024K, 1 young (1024K), 1 survivors (1024K)
 Metaspace       used 61985K, capacity 64546K, committed 64900K, reserved 1107968K
  class space    used 5384K, capacity 6300K, committed 6352K, reserved 1048576K
}
Event: 7347,873 GC heap before
{Heap before GC invocations=91 (full 0):
 garbage-first heap   total 162816K, used 89258K [0x00000000c0000000, 0x0000000100000000)
  region size 1024K, 12 young (12288K), 1 survivors (1024K)
 Metaspace       used 61985K, capacity 64546K, committed 64900K, reserved 1107968K
  class space    used 5384K, capacity 6300K, committed 6352K, reserved 1048576K
}

Deoptimization events (10 events):
Event: 7280,000 Thread 0x00007fbb48086800 Uncommon trap: reason=bimorphic_or_optimized_type_check action=maybe_recompile pc=0x00007fbbb7c0fff4 method=org.eclipse.jdt.internal.compiler.lookup.ParameterizedTypeBinding.problemId()I @ 4 c2
Event: 7280,001 Thread 0x00007fbb48086800 Uncommon trap: reason=bimorphic_or_optimized_type_check action=maybe_recompile pc=0x00007fbbb7a93d7c method=org.eclipse.jdt.core.dom.DefaultBindingResolver.internalGetTypeBinding(Lorg/eclipse/jdt/internal/compiler/lookup/TypeBinding;Lorg/eclipse/jdt/core/
Event: 7280,003 Thread 0x00007fbb48086800 Uncommon trap: reason=bimorphic_or_optimized_type_check action=maybe_recompile pc=0x00007fbbb7a93d7c method=org.eclipse.jdt.core.dom.DefaultBindingResolver.internalGetTypeBinding(Lorg/eclipse/jdt/internal/compiler/lookup/TypeBinding;Lorg/eclipse/jdt/core/
Event: 7285,752 Thread 0x00007fbb2c01b800 Uncommon trap: reason=predicate action=maybe_recompile pc=0x00007fbbb7bf63f8 method=org.eclipse.jdt.internal.compiler.parser.diagnose.DiagnoseParser.scopeTrialCheck([IILorg/eclipse/jdt/internal/compiler/parser/diagnose/DiagnoseParser$PrimaryRepairInfo;I)V
Event: 7285,753 Thread 0x00007fbb2c01b800 Uncommon trap: reason=unstable_if action=reinterpret pc=0x00007fbbb7d4c610 method=org.eclipse.jdt.internal.compiler.parser.diagnose.DiagnoseParser.misspell(II)I @ 496 c2
Event: 7286,117 Thread 0x00007fbb2c01b800 Uncommon trap: reason=class_check action=maybe_recompile pc=0x00007fbbb7c39cdc method=org.eclipse.jdt.core.dom.DefaultCommentMapper.storeTrailingComments(Lorg/eclipse/jdt/core/dom/ASTNode;IZ[I)I @ 308 c2
Event: 7286,140 Thread 0x00007fbb48086800 Uncommon trap: reason=bimorphic_or_optimized_type_check action=maybe_recompile pc=0x00007fbbb7c10938 method=org.eclipse.jdt.internal.compiler.lookup.ParameterizedTypeBinding.superclass()Lorg/eclipse/jdt/internal/compiler/lookup/ReferenceBinding; @ 11 c2
Event: 7286,232 Thread 0x00007fbb2c01b800 Uncommon trap: reason=predicate action=maybe_recompile pc=0x00007fbbb7bdfe2c method=org.eclipse.jdt.internal.compiler.parser.diagnose.DiagnoseParser.scopeTrialCheck([IILorg/eclipse/jdt/internal/compiler/parser/diagnose/DiagnoseParser$PrimaryRepairInfo;I)V
Event: 7308,107 Thread 0x00007fbb5d921800 Uncommon trap: reason=class_check action=maybe_recompile pc=0x00007fbbb7c39cdc method=org.eclipse.jdt.core.dom.DefaultCommentMapper.storeTrailingComments(Lorg/eclipse/jdt/core/dom/ASTNode;IZ[I)I @ 308 c2
Event: 7330,405 Thread 0x00007fbb48086800 Uncommon trap: reason=unstable_if action=reinterpret pc=0x00007fbbb7a5da98 method=sun.nio.cs.UTF_8$Encoder.encodeArrayLoop(Ljava/nio/CharBuffer;Ljava/nio/ByteBuffer;)Ljava/nio/charset/CoderResult; @ 113 c2

Classes redefined (0 events):
No events

Internal exceptions (10 events):
Event: 7268,551 Thread 0x00007fbb48089000 Exception <a 'java/lang/ArrayIndexOutOfBoundsException'{0x00000000c78dcaa8}> (0x00000000c78dcaa8) thrown at [/build/openjdk-lts-Ae5PRQ/openjdk-lts-10.0.2+13/src/hotspot/share/runtime/sharedRuntime.cpp, line 600]
Event: 7268,551 Thread 0x00007fbb48089000 Exception <a 'java/lang/ArrayIndexOutOfBoundsException'{0x00000000c78dce48}> (0x00000000c78dce48) thrown at [/build/openjdk-lts-Ae5PRQ/openjdk-lts-10.0.2+13/src/hotspot/share/runtime/sharedRuntime.cpp, line 600]
Event: 7268,551 Thread 0x00007fbb48089000 Exception <a 'java/lang/ArrayIndexOutOfBoundsException'{0x00000000c78dd148}> (0x00000000c78dd148) thrown at [/build/openjdk-lts-Ae5PRQ/openjdk-lts-10.0.2+13/src/hotspot/share/runtime/sharedRuntime.cpp, line 600]
Event: 7273,595 Thread 0x00007fbb4808b800 Exception <a 'java/lang/ArrayIndexOutOfBoundsException'{0x00000000c60f4a90}> (0x00000000c60f4a90) thrown at [/build/openjdk-lts-Ae5PRQ/openjdk-lts-10.0.2+13/src/hotspot/share/runtime/sharedRuntime.cpp, line 600]
Event: 7273,595 Thread 0x00007fbb4808b800 Exception <a 'java/lang/ArrayIndexOutOfBoundsException'{0x00000000c60f4e30}> (0x00000000c60f4e30) thrown at [/build/openjdk-lts-Ae5PRQ/openjdk-lts-10.0.2+13/src/hotspot/share/runtime/sharedRuntime.cpp, line 600]
Event: 7273,595 Thread 0x00007fbb4808b800 Exception <a 'java/lang/ArrayIndexOutOfBoundsException'{0x00000000c60f5180}> (0x00000000c60f5180) thrown at [/build/openjdk-lts-Ae5PRQ/openjdk-lts-10.0.2+13/src/hotspot/share/runtime/sharedRuntime.cpp, line 600]
Event: 7273,639 Thread 0x00007fbb48089000 Exception <a 'java/lang/ArrayIndexOutOfBoundsException'{0x00000000c83e6108}> (0x00000000c83e6108) thrown at [/build/openjdk-lts-Ae5PRQ/openjdk-lts-10.0.2+13/src/hotspot/share/runtime/sharedRuntime.cpp, line 600]
Event: 7273,639 Thread 0x00007fbb48089000 Exception <a 'java/lang/ArrayIndexOutOfBoundsException'{0x00000000c83e64a8}> (0x00000000c83e64a8) thrown at [/build/openjdk-lts-Ae5PRQ/openjdk-lts-10.0.2+13/src/hotspot/share/runtime/sharedRuntime.cpp, line 600]
Event: 7273,639 Thread 0x00007fbb48089000 Exception <a 'java/lang/ArrayIndexOutOfBoundsException'{0x00000000c83e67f8}> (0x00000000c83e67f8) thrown at [/build/openjdk-lts-Ae5PRQ/openjdk-lts-10.0.2+13/src/hotspot/share/runtime/sharedRuntime.cpp, line 600]
Event: 7273,673 Thread 0x00007fbb48086800 Exception <a 'java/lang/ArrayIndexOutOfBoundsException'{0x00000000c7fe3c20}> (0x00000000c7fe3c20) thrown at [/build/openjdk-lts-Ae5PRQ/openjdk-lts-10.0.2+13/src/hotspot/share/runtime/sharedRuntime.cpp, line 600]

Events (10 events):
Event: 7336,583 Executing VM operation: G1IncCollectionPause done
Event: 7337,258 Executing VM operation: G1IncCollectionPause
Event: 7337,285 Executing VM operation: G1IncCollectionPause done
Event: 7342,009 Executing VM operation: G1IncCollectionPause
Event: 7342,031 Executing VM operation: G1IncCollectionPause done
Event: 7344,963 Executing VM operation: G1IncCollectionPause
Event: 7346,425 Executing VM operation: G1IncCollectionPause done
Event: 7346,574 Executing VM operation: RevokeBias
Event: 7346,627 Executing VM operation: RevokeBias done
Event: 7347,873 Executing VM operation: G1IncCollectionPause


Dynamic libraries:
c0000000-c9f00000 rw-p 00000000 00:00 0 
d3e00000-100000000 ---p 00000000 00:00 0 
100000000-100634000 rw-p 00000000 00:00 0 
100634000-140000000 ---p 00000000 00:00 0 
55734acaa000-55734acab000 r-xp 00000000 08:05 2231872                    /usr/lib/jvm/java-11-openjdk-amd64/bin/java
55734aeab000-55734aeac000 r--p 00001000 08:05 2231872                    /usr/lib/jvm/java-11-openjdk-amd64/bin/java
55734aeac000-55734aead000 rw-p 00002000 08:05 2231872                    /usr/lib/jvm/java-11-openjdk-amd64/bin/java
55734b608000-55734b629000 rw-p 00000000 00:00 0                          [heap]
7fbb22b25000-7fbb2c000000 r--s 00000000 08:05 2248920                    /usr/lib/jvm/java-11-openjdk-amd64/lib/modules
7fbb2c000000-7fbb2c21a000 rw-p 00000000 00:00 0 
7fbb2c21a000-7fbb30000000 ---p 00000000 00:00 0 
7fbb30000000-7fbb3024f000 rw-p 00000000 00:00 0 
7fbb3024f000-7fbb34000000 ---p 00000000 00:00 0 
7fbb34000000-7fbb340a3000 rw-p 00000000 00:00 0 
7fbb340a3000-7fbb38000000 ---p 00000000 00:00 0 
7fbb38565000-7fbb386a5000 rw-p 00000000 00:00 0 
7fbb386a5000-7fbb38765000 ---p 00000000 00:00 0 
7fbb38765000-7fbb38965000 rw-p 00000000 00:00 0 
7fbb38965000-7fbb38b5f000 rw-p 00000000 00:00 0 
7fbb38b5f000-7fbb38b65000 ---p 00000000 00:00 0 
7fbb38b65000-7fbb38d65000 rw-p 00000000 00:00 0 
7fbb38d65000-7fbb38d69000 ---p 00000000 00:00 0 
7fbb38d69000-7fbb38e66000 rw-p 00000000 00:00 0 
7fbb38e66000-7fbb38e6a000 ---p 00000000 00:00 0 
7fbb38e6a000-7fbb39167000 rw-p 00000000 00:00 0 
7fbb39167000-7fbb39367000 rw-p 00000000 00:00 0 
7fbb39367000-7fbb39567000 rw-p 00000000 00:00 0 
7fbb39567000-7fbb3956b000 ---p 00000000 00:00 0 
7fbb3956b000-7fbb39668000 rw-p 00000000 00:00 0 
7fbb39668000-7fbb3966c000 ---p 00000000 00:00 0 
7fbb3966c000-7fbb39769000 rw-p 00000000 00:00 0 
7fbb39769000-7fbb3976d000 ---p 00000000 00:00 0 
7fbb3976d000-7fbb39a6a000 rw-p 00000000 00:00 0 
7fbb39a6a000-7fbb39a6e000 ---p 00000000 00:00 0 
7fbb39a6e000-7fbb39d6b000 rw-p 00000000 00:00 0 
7fbb39d6b000-7fbb39f6b000 rw-p 00000000 00:00 0 
7fbb39f6b000-7fbb3a16b000 rw-p 00000000 00:00 0 
7fbb3a16b000-7fbb3a36b000 rw-p 00000000 00:00 0 
7fbb3a36b000-7fbb3a36f000 ---p 00000000 00:00 0 
7fbb3a36f000-7fbb3a66c000 rw-p 00000000 00:00 0 
7fbb3a66c000-7fbb3a85f000 rw-p 00000000 00:00 0 
7fbb3a85f000-7fbb3a86c000 ---p 00000000 00:00 0 
7fbb3a86c000-7fbb3aa6c000 rw-p 00000000 00:00 0 
7fbb3aa6c000-7fbb3ac6c000 rw-p 00000000 00:00 0 
7fbb3acf9000-7fbb3acfd000 ---p 00000000 00:00 0 
7fbb3acfd000-7fbb3affa000 rw-p 00000000 00:00 0 
7fbb3affa000-7fbb3affe000 ---p 00000000 00:00 0 
7fbb3affe000-7fbb3b2fb000 rw-p 00000000 00:00 0 
7fbb3b2fb000-7fbb3b2ff000 ---p 00000000 00:00 0 
7fbb3b2ff000-7fbb3b3fc000 rw-p 00000000 00:00 0 
7fbb3b3fc000-7fbb3b400000 ---p 00000000 00:00 0 
7fbb3b400000-7fbb3b6fd000 rw-p 00000000 00:00 0 
7fbb3b6fd000-7fbb3b701000 ---p 00000000 00:00 0 
7fbb3b701000-7fbb3b9fe000 rw-p 00000000 00:00 0 
7fbb3b9fe000-7fbb3ba02000 ---p 00000000 00:00 0 
7fbb3ba02000-7fbb3bcff000 rw-p 00000000 00:00 0 
7fbb3bcff000-7fbb3bd03000 ---p 00000000 00:00 0 
7fbb3bd03000-7fbb3c000000 rw-p 00000000 00:00 0 
7fbb3c000000-7fbb3c035000 rw-p 00000000 00:00 0 
7fbb3c035000-7fbb40000000 ---p 00000000 00:00 0 
7fbb40000000-7fbb40be7000 rw-p 00000000 00:00 0 
7fbb40be7000-7fbb44000000 ---p 00000000 00:00 0 
7fbb44000000-7fbb4417b000 rw-p 00000000 00:00 0 
7fbb4417b000-7fbb48000000 ---p 00000000 00:00 0 
7fbb48000000-7fbb48104000 rw-p 00000000 00:00 0 
7fbb48104000-7fbb4c000000 ---p 00000000 00:00 0 
7fbb4c000000-7fbb4c131000 rw-p 00000000 00:00 0 
7fbb4c131000-7fbb50000000 ---p 00000000 00:00 0 
7fbb50000000-7fbb50021000 rw-p 00000000 00:00 0 
7fbb50021000-7fbb54000000 ---p 00000000 00:00 0 
7fbb54000000-7fbb541c5000 rw-p 00000000 00:00 0 
7fbb541c5000-7fbb58000000 ---p 00000000 00:00 0 
7fbb58000000-7fbb580db000 rw-p 00000000 00:00 0 
7fbb580db000-7fbb5c000000 ---p 00000000 00:00 0 
7fbb5c000000-7fbb5e39a000 rw-p 00000000 00:00 0 
7fbb5e39a000-7fbb60000000 ---p 00000000 00:00 0 
7fbb60000000-7fbb60d4b000 rw-p 00000000 00:00 0 
7fbb60d4b000-7fbb64000000 ---p 00000000 00:00 0 
7fbb64000000-7fbb64053000 rw-p 00000000 00:00 0 
7fbb64053000-7fbb68000000 ---p 00000000 00:00 0 
7fbb68000000-7fbb6afc2000 rw-p 00000000 00:00 0 
7fbb6afc2000-7fbb6c000000 ---p 00000000 00:00 0 
7fbb6c000000-7fbb6c021000 rw-p 00000000 00:00 0 
7fbb6c021000-7fbb70000000 ---p 00000000 00:00 0 
7fbb70000000-7fbb70021000 rw-p 00000000 00:00 0 
7fbb70021000-7fbb74000000 ---p 00000000 00:00 0 
7fbb74000000-7fbb743f3000 rw-p 00000000 00:00 0 
7fbb743f3000-7fbb78000000 ---p 00000000 00:00 0 
7fbb78000000-7fbb786b4000 rw-p 00000000 00:00 0 
7fbb786b4000-7fbb7c000000 ---p 00000000 00:00 0 
7fbb7c000000-7fbb7c021000 rw-p 00000000 00:00 0 
7fbb7c021000-7fbb80000000 ---p 00000000 00:00 0 
7fbb80000000-7fbb80021000 rw-p 00000000 00:00 0 
7fbb80021000-7fbb84000000 ---p 00000000 00:00 0 
7fbb84000000-7fbb84021000 rw-p 00000000 00:00 0 
7fbb84021000-7fbb88000000 ---p 00000000 00:00 0 
7fbb88000000-7fbb88021000 rw-p 00000000 00:00 0 
7fbb88021000-7fbb8c000000 ---p 00000000 00:00 0 
7fbb8c000000-7fbb8c028000 rw-p 00000000 00:00 0 
7fbb8c028000-7fbb90000000 ---p 00000000 00:00 0 
7fbb90000000-7fbb90021000 rw-p 00000000 00:00 0 
7fbb90021000-7fbb94000000 ---p 00000000 00:00 0 
7fbb940b9000-7fbb942b9000 rw-p 00000000 00:00 0 
7fbb942b9000-7fbb942c9000 r-xp 00000000 00:34 1048596                    /home/dd/.vscode/extensions/redhat.java-0.37.0/server/config_linux/org.eclipse.equinox.launcher/org.eclipse.equinox.launcher.gtk.linux.x86_64_1.1.900.v20180922-1751/eclipse_1801.so
7fbb942c9000-7fbb944c8000 ---p 00010000 00:34 1048596                    /home/dd/.vscode/extensions/redhat.java-0.37.0/server/config_linux/org.eclipse.equinox.launcher/org.eclipse.equinox.launcher.gtk.linux.x86_64_1.1.900.v20180922-1751/eclipse_1801.so
7fbb944c8000-7fbb944c9000 r--p 0000f000 00:34 1048596                    /home/dd/.vscode/extensions/redhat.java-0.37.0/server/config_linux/org.eclipse.equinox.launcher/org.eclipse.equinox.launcher.gtk.linux.x86_64_1.1.900.v20180922-1751/eclipse_1801.so
7fbb944c9000-7fbb944ca000 rw-p 00010000 00:34 1048596                    /home/dd/.vscode/extensions/redhat.java-0.37.0/server/config_linux/org.eclipse.equinox.launcher/org.eclipse.equinox.launcher.gtk.linux.x86_64_1.1.900.v20180922-1751/eclipse_1801.so
7fbb944ca000-7fbb944ce000 ---p 00000000 00:00 0 
7fbb944ce000-7fbb945cb000 rw-p 00000000 00:00 0 
7fbb945cb000-7fbb945cf000 ---p 00000000 00:00 0 
7fbb945cf000-7fbb946cc000 rw-p 00000000 00:00 0 
7fbb946cc000-7fbb946d0000 ---p 00000000 00:00 0 
7fbb946d0000-7fbb949cd000 rw-p 00000000 00:00 0 
7fbb949cd000-7fbb94bcd000 rw-p 00000000 00:00 0 
7fbb94bcd000-7fbb94be4000 r-xp 00000000 08:05 2248880                    /usr/lib/jvm/java-11-openjdk-amd64/lib/libnet.so
7fbb94be4000-7fbb94de3000 ---p 00017000 08:05 2248880                    /usr/lib/jvm/java-11-openjdk-amd64/lib/libnet.so
7fbb94de3000-7fbb94de4000 r--p 00016000 08:05 2248880                    /usr/lib/jvm/java-11-openjdk-amd64/lib/libnet.so
7fbb94de4000-7fbb94de5000 rw-p 00017000 08:05 2248880                    /usr/lib/jvm/java-11-openjdk-amd64/lib/libnet.so
7fbb94de5000-7fbb94df6000 r-xp 00000000 08:05 2248884                    /usr/lib/jvm/java-11-openjdk-amd64/lib/libnio.so
7fbb94df6000-7fbb94ff5000 ---p 00011000 08:05 2248884                    /usr/lib/jvm/java-11-openjdk-amd64/lib/libnio.so
7fbb94ff5000-7fbb94ff6000 r--p 00010000 08:05 2248884                    /usr/lib/jvm/java-11-openjdk-amd64/lib/libnio.so
7fbb94ff6000-7fbb94ff7000 rw-p 00011000 08:05 2248884                    /usr/lib/jvm/java-11-openjdk-amd64/lib/libnio.so
7fbb94ff7000-7fbb94ff8000 ---p 00000000 00:00 0 
7fbb94ff8000-7fbb950f9000 rw-p 00000000 00:00 0 
7fbb950f9000-7fbb950fd000 ---p 00000000 00:00 0 
7fbb950fd000-7fbb951fa000 rw-p 00000000 00:00 0 
7fbb951fa000-7fbb951fe000 ---p 00000000 00:00 0 
7fbb951fe000-7fbb952fb000 rw-p 00000000 00:00 0 
7fbb952fb000-7fbb952ff000 ---p 00000000 00:00 0 
7fbb952ff000-7fbb953fc000 rw-p 00000000 00:00 0 
7fbb953fc000-7fbb95400000 ---p 00000000 00:00 0 
7fbb95400000-7fbb954fd000 rw-p 00000000 00:00 0 
7fbb954fd000-7fbb95501000 ---p 00000000 00:00 0 
7fbb95501000-7fbb955fe000 rw-p 00000000 00:00 0 
7fbb955fe000-7fbb95602000 ---p 00000000 00:00 0 
7fbb95602000-7fbb956ff000 rw-p 00000000 00:00 0 
7fbb956ff000-7fbb95703000 ---p 00000000 00:00 0 
7fbb95703000-7fbb98000000 rw-p 00000000 00:00 0 
7fbb98000000-7fbb98118000 rw-p 00000000 00:00 0 
7fbb98118000-7fbb9c000000 ---p 00000000 00:00 0 
7fbb9c000000-7fbb9c021000 rw-p 00000000 00:00 0 
7fbb9c021000-7fbba0000000 ---p 00000000 00:00 0 
7fbba0000000-7fbba0125000 rw-p 00000000 00:00 0 
7fbba0125000-7fbba4000000 ---p 00000000 00:00 0 
7fbba4000000-7fbba4125000 rw-p 00000000 00:00 0 
7fbba4125000-7fbba8000000 ---p 00000000 00:00 0 
7fbba8000000-7fbba811c000 rw-p 00000000 00:00 0 
7fbba811c000-7fbbac000000 ---p 00000000 00:00 0 
7fbbac02b000-7fbbac30a000 r--p 00000000 08:05 2228444                    /usr/lib/locale/locale-archive
7fbbac30a000-7fbbac30e000 ---p 00000000 00:00 0 
7fbbac30e000-7fbbac40b000 rw-p 00000000 00:00 0 
7fbbac40b000-7fbbac40f000 ---p 00000000 00:00 0 
7fbbac40f000-7fbbac50c000 rw-p 00000000 00:00 0 
7fbbac50c000-7fbbac50d000 ---p 00000000 00:00 0 
7fbbac50d000-7fbbac60e000 rw-p 00000000 00:00 0 
7fbbac60e000-7fbbac60f000 ---p 00000000 00:00 0 
7fbbac60f000-7fbbac710000 rw-p 00000000 00:00 0 
7fbbac710000-7fbbac711000 ---p 00000000 00:00 0 
7fbbac711000-7fbbac812000 rw-p 00000000 00:00 0 
7fbbac812000-7fbbac813000 ---p 00000000 00:00 0 
7fbbac813000-7fbbac914000 rw-p 00000000 00:00 0 
7fbbac914000-7fbbac915000 ---p 00000000 00:00 0 
7fbbac915000-7fbbaca16000 rw-p 00000000 00:00 0 
7fbbaca16000-7fbbaca17000 ---p 00000000 00:00 0 
7fbbaca17000-7fbbacb18000 rw-p 00000000 00:00 0 
7fbbacb18000-7fbbacb19000 ---p 00000000 00:00 0 
7fbbacb19000-7fbbad01e000 rw-p 00000000 00:00 0 
7fbbad01e000-7fbbad01f000 ---p 00000000 00:00 0 
7fbbad01f000-7fbbad120000 rw-p 00000000 00:00 0 
7fbbad120000-7fbbad121000 ---p 00000000 00:00 0 
7fbbad121000-7fbbad49e000 rw-p 00000000 00:00 0 
7fbbad49e000-7fbbae222000 ---p 00000000 00:00 0 
7fbbae222000-7fbbae49e000 rw-p 00000000 00:00 0 
7fbbae49e000-7fbbaf222000 ---p 00000000 00:00 0 
7fbbaf222000-7fbbaf272000 rw-p 00000000 00:00 0 
7fbbaf272000-7fbbaf422000 ---p 00000000 00:00 0 
7fbbaf422000-7fbbaf472000 rw-p 00000000 00:00 0 
7fbbaf472000-7fbbaf622000 ---p 00000000 00:00 0 
7fbbaf622000-7fbbaf672000 rw-p 00000000 00:00 0 
7fbbaf672000-7fbbaf822000 ---p 00000000 00:00 0 
7fbbaf822000-7fbbafb25000 rw-p 00000000 00:00 0 
7fbbafb25000-7fbbafd95000 rwxp 00000000 00:00 0 
7fbbafd95000-7fbbb00b5000 ---p 00000000 00:00 0 
7fbbb00b5000-7fbbb1cf5000 rwxp 00000000 00:00 0 
7fbbb1cf5000-7fbbb75ed000 ---p 00000000 00:00 0 
7fbbb75ed000-7fbbb7e3d000 rwxp 00000000 00:00 0 
7fbbb7e3d000-7fbbbeb25000 ---p 00000000 00:00 0 
7fbbbeb25000-7fbbc8000000 r--s 00000000 08:05 2248920                    /usr/lib/jvm/java-11-openjdk-amd64/lib/modules
7fbbc8000000-7fbbc84f0000 rw-p 00000000 00:00 0 
7fbbc84f0000-7fbbcc000000 ---p 00000000 00:00 0 
7fbbcc067000-7fbbcc1de000 rw-p 00000000 00:00 0 
7fbbcc1de000-7fbbcc1df000 ---p 00000000 00:00 0 
7fbbcc1df000-7fbbcc2e0000 rw-p 00000000 00:00 0 
7fbbcc2e0000-7fbbcc2e1000 ---p 00000000 00:00 0 
7fbbcc2e1000-7fbbcc3e2000 rw-p 00000000 00:00 0 
7fbbcc3e2000-7fbbcc3e3000 ---p 00000000 00:00 0 
7fbbcc3e3000-7fbbcc4e4000 rw-p 00000000 00:00 0 
7fbbcc4e4000-7fbbcc4e5000 ---p 00000000 00:00 0 
7fbbcc4e5000-7fbbcc5f7000 rw-p 00000000 00:00 0 
7fbbcc5f7000-7fbbcc6d1000 ---p 00000000 00:00 0 
7fbbcc6d1000-7fbbcc70a000 rw-p 00000000 00:00 0 
7fbbcc70a000-7fbbcc7bc000 ---p 00000000 00:00 0 
7fbbcc7bc000-7fbbcc7c1000 r-xp 00000000 08:05 2232096                    /usr/lib/jvm/java-11-openjdk-amd64/lib/libjimage.so
7fbbcc7c1000-7fbbcc9c0000 ---p 00005000 08:05 2232096                    /usr/lib/jvm/java-11-openjdk-amd64/lib/libjimage.so
7fbbcc9c0000-7fbbcc9c1000 r--p 00004000 08:05 2232096                    /usr/lib/jvm/java-11-openjdk-amd64/lib/libjimage.so
7fbbcc9c1000-7fbbcc9c2000 rw-p 00005000 08:05 2232096                    /usr/lib/jvm/java-11-openjdk-amd64/lib/libjimage.so
7fbbcc9c2000-7fbbcc9c9000 r-xp 00000000 08:05 2248916                    /usr/lib/jvm/java-11-openjdk-amd64/lib/libzip.so
7fbbcc9c9000-7fbbccbc8000 ---p 00007000 08:05 2248916                    /usr/lib/jvm/java-11-openjdk-amd64/lib/libzip.so
7fbbccbc8000-7fbbccbc9000 r--p 00006000 08:05 2248916                    /usr/lib/jvm/java-11-openjdk-amd64/lib/libzip.so
7fbbccbc9000-7fbbccbca000 rw-p 00007000 08:05 2248916                    /usr/lib/jvm/java-11-openjdk-amd64/lib/libzip.so
7fbbccbca000-7fbbccbd5000 r-xp 00000000 08:05 795587                     /lib/x86_64-linux-gnu/libnss_files-2.27.so
7fbbccbd5000-7fbbccdd4000 ---p 0000b000 08:05 795587                     /lib/x86_64-linux-gnu/libnss_files-2.27.so
7fbbccdd4000-7fbbccdd5000 r--p 0000a000 08:05 795587                     /lib/x86_64-linux-gnu/libnss_files-2.27.so
7fbbccdd5000-7fbbccdd6000 rw-p 0000b000 08:05 795587                     /lib/x86_64-linux-gnu/libnss_files-2.27.so
7fbbccdd6000-7fbbccddc000 rw-p 00000000 00:00 0 
7fbbccddc000-7fbbccdf3000 r-xp 00000000 08:05 795584                     /lib/x86_64-linux-gnu/libnsl-2.27.so
7fbbccdf3000-7fbbccff2000 ---p 00017000 08:05 795584                     /lib/x86_64-linux-gnu/libnsl-2.27.so
7fbbccff2000-7fbbccff3000 r--p 00016000 08:05 795584                     /lib/x86_64-linux-gnu/libnsl-2.27.so
7fbbccff3000-7fbbccff4000 rw-p 00017000 08:05 795584                     /lib/x86_64-linux-gnu/libnsl-2.27.so
7fbbccff4000-7fbbccff6000 rw-p 00000000 00:00 0 
7fbbccff6000-7fbbcd001000 r-xp 00000000 08:05 795589                     /lib/x86_64-linux-gnu/libnss_nis-2.27.so
7fbbcd001000-7fbbcd200000 ---p 0000b000 08:05 795589                     /lib/x86_64-linux-gnu/libnss_nis-2.27.so
7fbbcd200000-7fbbcd201000 r--p 0000a000 08:05 795589                     /lib/x86_64-linux-gnu/libnss_nis-2.27.so
7fbbcd201000-7fbbcd202000 rw-p 0000b000 08:05 795589                     /lib/x86_64-linux-gnu/libnss_nis-2.27.so
7fbbcd202000-7fbbcd20a000 r-xp 00000000 08:05 795585                     /lib/x86_64-linux-gnu/libnss_compat-2.27.so
7fbbcd20a000-7fbbcd40a000 ---p 00008000 08:05 795585                     /lib/x86_64-linux-gnu/libnss_compat-2.27.so
7fbbcd40a000-7fbbcd40b000 r--p 00008000 08:05 795585                     /lib/x86_64-linux-gnu/libnss_compat-2.27.so
7fbbcd40b000-7fbbcd40c000 rw-p 00009000 08:05 795585                     /lib/x86_64-linux-gnu/libnss_compat-2.27.so
7fbbcd40c000-7fbbcd438000 r-xp 00000000 08:05 2232092                    /usr/lib/jvm/java-11-openjdk-amd64/lib/libjava.so
7fbbcd438000-7fbbcd637000 ---p 0002c000 08:05 2232092                    /usr/lib/jvm/java-11-openjdk-amd64/lib/libjava.so
7fbbcd637000-7fbbcd638000 r--p 0002b000 08:05 2232092                    /usr/lib/jvm/java-11-openjdk-amd64/lib/libjava.so
7fbbcd638000-7fbbcd63a000 rw-p 0002c000 08:05 2232092                    /usr/lib/jvm/java-11-openjdk-amd64/lib/libjava.so
7fbbcd63a000-7fbbcd647000 r-xp 00000000 08:05 2248912                    /usr/lib/jvm/java-11-openjdk-amd64/lib/libverify.so
7fbbcd647000-7fbbcd846000 ---p 0000d000 08:05 2248912                    /usr/lib/jvm/java-11-openjdk-amd64/lib/libverify.so
7fbbcd846000-7fbbcd848000 r--p 0000c000 08:05 2248912                    /usr/lib/jvm/java-11-openjdk-amd64/lib/libverify.so
7fbbcd848000-7fbbcd849000 rw-p 0000e000 08:05 2248912                    /usr/lib/jvm/java-11-openjdk-amd64/lib/libverify.so
7fbbcd849000-7fbbcd850000 r-xp 00000000 08:05 795594                     /lib/x86_64-linux-gnu/librt-2.27.so
7fbbcd850000-7fbbcda4f000 ---p 00007000 08:05 795594                     /lib/x86_64-linux-gnu/librt-2.27.so
7fbbcda4f000-7fbbcda50000 r--p 00006000 08:05 795594                     /lib/x86_64-linux-gnu/librt-2.27.so
7fbbcda50000-7fbbcda51000 rw-p 00007000 08:05 795594                     /lib/x86_64-linux-gnu/librt-2.27.so
7fbbcda51000-7fbbcda68000 r-xp 00000000 08:05 791100                     /lib/x86_64-linux-gnu/libgcc_s.so.1
7fbbcda68000-7fbbcdc67000 ---p 00017000 08:05 791100                     /lib/x86_64-linux-gnu/libgcc_s.so.1
7fbbcdc67000-7fbbcdc68000 r--p 00016000 08:05 791100                     /lib/x86_64-linux-gnu/libgcc_s.so.1
7fbbcdc68000-7fbbcdc69000 rw-p 00017000 08:05 791100                     /lib/x86_64-linux-gnu/libgcc_s.so.1
7fbbcdc69000-7fbbcde06000 r-xp 00000000 08:05 795581                     /lib/x86_64-linux-gnu/libm-2.27.so
7fbbcde06000-7fbbce005000 ---p 0019d000 08:05 795581                     /lib/x86_64-linux-gnu/libm-2.27.so
7fbbce005000-7fbbce006000 r--p 0019c000 08:05 795581                     /lib/x86_64-linux-gnu/libm-2.27.so
7fbbce006000-7fbbce007000 rw-p 0019d000 08:05 795581                     /lib/x86_64-linux-gnu/libm-2.27.so
7fbbce007000-7fbbce180000 r-xp 00000000 08:05 2230609                    /usr/lib/x86_64-linux-gnu/libstdc++.so.6.0.25
7fbbce180000-7fbbce380000 ---p 00179000 08:05 2230609                    /usr/lib/x86_64-linux-gnu/libstdc++.so.6.0.25
7fbbce380000-7fbbce38a000 r--p 00179000 08:05 2230609                    /usr/lib/x86_64-linux-gnu/libstdc++.so.6.0.25
7fbbce38a000-7fbbce38c000 rw-p 00183000 08:05 2230609                    /usr/lib/x86_64-linux-gnu/libstdc++.so.6.0.25
7fbbce38c000-7fbbce390000 rw-p 00000000 00:00 0 
7fbbce390000-7fbbcf32d000 r-xp 00000000 08:05 2248934                    /usr/lib/jvm/java-11-openjdk-amd64/lib/server/libjvm.so
7fbbcf32d000-7fbbcf52d000 ---p 00f9d000 08:05 2248934                    /usr/lib/jvm/java-11-openjdk-amd64/lib/server/libjvm.so
7fbbcf52d000-7fbbcf5f1000 r--p 00f9d000 08:05 2248934                    /usr/lib/jvm/java-11-openjdk-amd64/lib/server/libjvm.so
7fbbcf5f1000-7fbbcf629000 rw-p 01061000 08:05 2248934                    /usr/lib/jvm/java-11-openjdk-amd64/lib/server/libjvm.so
7fbbcf629000-7fbbcf672000 rw-p 00000000 00:00 0 
7fbbcf672000-7fbbcf68c000 r-xp 00000000 08:05 795592                     /lib/x86_64-linux-gnu/libpthread-2.27.so
7fbbcf68c000-7fbbcf88b000 ---p 0001a000 08:05 795592                     /lib/x86_64-linux-gnu/libpthread-2.27.so
7fbbcf88b000-7fbbcf88c000 r--p 00019000 08:05 795592                     /lib/x86_64-linux-gnu/libpthread-2.27.so
7fbbcf88c000-7fbbcf88d000 rw-p 0001a000 08:05 795592                     /lib/x86_64-linux-gnu/libpthread-2.27.so
7fbbcf88d000-7fbbcf891000 rw-p 00000000 00:00 0 
7fbbcf891000-7fbbcf894000 r-xp 00000000 08:05 795580                     /lib/x86_64-linux-gnu/libdl-2.27.so
7fbbcf894000-7fbbcfa93000 ---p 00003000 08:05 795580                     /lib/x86_64-linux-gnu/libdl-2.27.so
7fbbcfa93000-7fbbcfa94000 r--p 00002000 08:05 795580                     /lib/x86_64-linux-gnu/libdl-2.27.so
7fbbcfa94000-7fbbcfa95000 rw-p 00003000 08:05 795580                     /lib/x86_64-linux-gnu/libdl-2.27.so
7fbbcfa95000-7fbbcfab1000 r-xp 00000000 08:05 791382                     /lib/x86_64-linux-gnu/libz.so.1.2.11
7fbbcfab1000-7fbbcfcb0000 ---p 0001c000 08:05 791382                     /lib/x86_64-linux-gnu/libz.so.1.2.11
7fbbcfcb0000-7fbbcfcb1000 r--p 0001b000 08:05 791382                     /lib/x86_64-linux-gnu/libz.so.1.2.11
7fbbcfcb1000-7fbbcfcb2000 rw-p 0001c000 08:05 791382                     /lib/x86_64-linux-gnu/libz.so.1.2.11
7fbbcfcb2000-7fbbcfe99000 r-xp 00000000 08:05 795577                     /lib/x86_64-linux-gnu/libc-2.27.so
7fbbcfe99000-7fbbd0099000 ---p 001e7000 08:05 795577                     /lib/x86_64-linux-gnu/libc-2.27.so
7fbbd0099000-7fbbd009d000 r--p 001e7000 08:05 795577                     /lib/x86_64-linux-gnu/libc-2.27.so
7fbbd009d000-7fbbd009f000 rw-p 001eb000 08:05 795577                     /lib/x86_64-linux-gnu/libc-2.27.so
7fbbd009f000-7fbbd00a3000 rw-p 00000000 00:00 0 
7fbbd00a3000-7fbbd00b2000 r-xp 00000000 08:05 2232075                    /usr/lib/jvm/java-11-openjdk-amd64/lib/jli/libjli.so
7fbbd00b2000-7fbbd02b1000 ---p 0000f000 08:05 2232075                    /usr/lib/jvm/java-11-openjdk-amd64/lib/jli/libjli.so
7fbbd02b1000-7fbbd02b2000 r--p 0000e000 08:05 2232075                    /usr/lib/jvm/java-11-openjdk-amd64/lib/jli/libjli.so
7fbbd02b2000-7fbbd02b3000 rw-p 0000f000 08:05 2232075                    /usr/lib/jvm/java-11-openjdk-amd64/lib/jli/libjli.so
7fbbd02b3000-7fbbd02da000 r-xp 00000000 08:05 795573                     /lib/x86_64-linux-gnu/ld-2.27.so
7fbbd02f8000-7fbbd02fc000 ---p 00000000 00:00 0 
7fbbd02fc000-7fbbd03b5000 rw-p 00000000 00:00 0 
7fbbd03b5000-7fbbd03b9000 ---p 00000000 00:00 0 
7fbbd03b9000-7fbbd04b8000 rw-p 00000000 00:00 0 
7fbbd04c1000-7fbbd04c7000 rw-p 00000000 00:00 0 
7fbbd04c7000-7fbbd04ce000 ---p 00000000 00:00 0 
7fbbd04ce000-7fbbd04d6000 rw-s 00000000 08:05 2359784                    /tmp/hsperfdata_dd/3464
7fbbd04d6000-7fbbd04d7000 ---p 00000000 00:00 0 
7fbbd04d7000-7fbbd04d8000 r--p 00000000 00:00 0 
7fbbd04d8000-7fbbd04da000 rw-p 00000000 00:00 0 
7fbbd04da000-7fbbd04db000 r--p 00027000 08:05 795573                     /lib/x86_64-linux-gnu/ld-2.27.so
7fbbd04db000-7fbbd04dc000 rw-p 00028000 08:05 795573                     /lib/x86_64-linux-gnu/ld-2.27.so
7fbbd04dc000-7fbbd04dd000 rw-p 00000000 00:00 0 
7fff004ac000-7fff004cd000 rw-p 00000000 00:00 0                          [stack]
7fff005a8000-7fff005ab000 r--p 00000000 00:00 0                          [vvar]
7fff005ab000-7fff005ad000 r-xp 00000000 00:00 0                          [vdso]
ffffffffff600000-ffffffffff601000 r-xp 00000000 00:00 0                  [vsyscall]


VM Arguments:
jvm_args: --add-modules=ALL-SYSTEM --add-opens=java.base/java.util=ALL-UNNAMED --add-opens=java.base/java.lang=ALL-UNNAMED -Declipse.application=org.eclipse.jdt.ls.core.id1 -Dosgi.bundles.defaultStartLevel=4 -Declipse.product=org.eclipse.jdt.ls.core.product -Xverify:none -Xmx1G -XX:+UseG1GC -XX:+UseStringDeduplication 
java_command: /home/dd/.vscode/extensions/redhat.java-0.37.0/server/plugins/org.eclipse.equinox.launcher_1.5.200.v20180922-1751.jar -configuration /home/dd/.vscode/extensions/redhat.java-0.37.0/server/config_linux -data /home/dd/.config/Code/User/workspaceStorage/a781280eae2b423a4e7dc34a2da1dc1e/redhat.java/jdt_ws
java_class_path (initial): /home/dd/.vscode/extensions/redhat.java-0.37.0/server/plugins/org.eclipse.equinox.launcher_1.5.200.v20180922-1751.jar
Launcher Type: SUN_STANDARD

Logging:
Log output configuration:
#0: stdout all=warning uptime,level,tags
#1: stderr all=off uptime,level,tags

Environment Variables:
PATH=/usr/local/sbin:/usr/local/bin:/usr/sbin:/usr/bin:/sbin:/bin:/usr/games:/usr/local/games:/snap/bin
USERNAME=dd
SHELL=/bin/bash
DISPLAY=:0

Signal Handlers:
SIGSEGV: [libjvm.so+0xd28b70], sa_mask[0]=11111111011111111101111111111110, sa_flags=SA_RESTART|SA_SIGINFO
SIGBUS: [libjvm.so+0xd28b70], sa_mask[0]=11111111011111111101111111111110, sa_flags=SA_RESTART|SA_SIGINFO
SIGFPE: [libjvm.so+0xd28b70], sa_mask[0]=11111111011111111101111111111110, sa_flags=SA_RESTART|SA_SIGINFO
SIGPIPE: [libjvm.so+0xb2a1f0], sa_mask[0]=11111111011111111101111111111110, sa_flags=SA_RESTART|SA_SIGINFO
SIGXFSZ: [libjvm.so+0xb2a1f0], sa_mask[0]=11111111011111111101111111111110, sa_flags=SA_RESTART|SA_SIGINFO
SIGILL: [libjvm.so+0xd28b70], sa_mask[0]=11111111011111111101111111111110, sa_flags=SA_RESTART|SA_SIGINFO
SIGUSR2: [libjvm.so+0xb2a030], sa_mask[0]=00000000000000000000000000000000, sa_flags=SA_RESTART|SA_SIGINFO
SIGHUP: [libjvm.so+0xb2a180], sa_mask[0]=11111111011111111101111111111110, sa_flags=SA_RESTART|SA_SIGINFO
SIGINT: [libjvm.so+0xb2a180], sa_mask[0]=11111111011111111101111111111110, sa_flags=SA_RESTART|SA_SIGINFO
SIGTERM: [libjvm.so+0xb2a180], sa_mask[0]=11111111011111111101111111111110, sa_flags=SA_RESTART|SA_SIGINFO
SIGQUIT: [libjvm.so+0xb2a180], sa_mask[0]=11111111011111111101111111111110, sa_flags=SA_RESTART|SA_SIGINFO


---------------  S Y S T E M  ---------------

OS:DISTRIB_ID=Ubuntu
DISTRIB_RELEASE=18.04
DISTRIB_CODENAME=bionic
DISTRIB_DESCRIPTION="Ubuntu 18.04.1 LTS"
uname:Linux 4.15.0-39-generic #42-Ubuntu SMP Tue Oct 23 15:48:01 UTC 2018 x86_64
libc:glibc 2.27 NPTL 2.27 
rlimit: STACK 8192k, CORE 0k, NPROC 13317, NOFILE 1048576, AS infinity, DATA infinity, FSIZE infinity
load average:10,21 4,57 2,07

/proc/meminfo:
MemTotal:        3469912 kB
MemFree:          108788 kB
MemAvailable:      57164 kB
Buffers:            6204 kB
Cached:           130240 kB
SwapCached:            0 kB
Active:          2812512 kB
Inactive:          91736 kB
Active(anon):    2771348 kB
Inactive(anon):    38484 kB
Active(file):      41164 kB
Inactive(file):    53252 kB
Unevictable:          92 kB
Mlocked:              92 kB
SwapTotal:             0 kB
SwapFree:              0 kB
Dirty:               680 kB
Writeback:             0 kB
AnonPages:       2768392 kB
Mapped:           102664 kB
Shmem:             41532 kB
Slab:              97424 kB
SReclaimable:      35056 kB
SUnreclaim:        62368 kB
KernelStack:       17024 kB
PageTables:        71532 kB
NFS_Unstable:          0 kB
Bounce:                0 kB
WritebackTmp:          0 kB
CommitLimit:     1734956 kB
Committed_AS:   10667388 kB
VmallocTotal:   34359738367 kB
VmallocUsed:           0 kB
VmallocChunk:          0 kB
HardwareCorrupted:     0 kB
AnonHugePages:         0 kB
ShmemHugePages:        0 kB
ShmemPmdMapped:        0 kB
CmaTotal:              0 kB
CmaFree:               0 kB
HugePages_Total:       0
HugePages_Free:        0
HugePages_Rsvd:        0
HugePages_Surp:        0
Hugepagesize:       2048 kB
DirectMap4k:     1447420 kB
DirectMap2M:     2168832 kB
DirectMap1G:           0 kB

container (cgroup) information:
container_type: cgroupv1
cpu_cpuset_cpus: 0-3
cpu_memory_nodes: 0
active_processor_count: 4
cpu_quota: -1
cpu_period: 100000
cpu_shares: -1
memory_limit_in_bytes: -1
memory_and_swap_limit_in_bytes: -2
memory_soft_limit_in_bytes: -1
memory_usage_in_bytes: 2974556160
memory_max_usage_in_bytes: 17195008


CPU:total 4 (initial active 4) (4 cores per cpu, 1 threads per core) family 22 model 0 stepping 1, cmov, cx8, fxsr, mmx, sse, sse2, sse3, ssse3, sse4.1, sse4.2, popcnt, avx, aes, clmul, mmxext, 3dnowpref, lzcnt, sse4a, tsc, tscinvbit, tscinv, bmi1
CPU Model and flags from /proc/cpuinfo:
model name	: AMD E2-3800 APU with Radeon(TM) HD Graphics
flags		: fpu vme de pse tsc msr pae mce cx8 apic sep mtrr pge mca cmov pat pse36 clflush mmx fxsr sse sse2 ht syscall nx mmxext fxsr_opt pdpe1gb rdtscp lm constant_tsc rep_good nopl nonstop_tsc cpuid extd_apicid aperfmperf pni pclmulqdq monitor ssse3 cx16 sse4_1 sse4_2 movbe popcnt aes xsave avx f16c lahf_lm cmp_legacy svm extapic cr8_legacy abm sse4a misalignsse 3dnowprefetch osvw ibs skinit wdt topoext perfctr_nb bpext perfctr_llc hw_pstate proc_feedback ssbd vmmcall bmi1 xsaveopt arat npt lbrv svm_lock nrip_save tsc_scale flushbyasid decodeassists pausefilter pfthreshold overflow_recov

Memory: 4k page, physical 3469912k(108416k free), swap 0k(0k free)

vm_info: OpenJDK 64-Bit Server VM (10.0.2+13-Ubuntu-1ubuntu0.18.04.4) for linux-amd64 JRE (10.0.2+13-Ubuntu-1ubuntu0.18.04.4), built on Nov 13 2018 12:53:39 by "buildd" with gcc 7.3.0

END.
