#
# There is insufficient memory for the Java Runtime Environment to continue.
# Native memory allocation (mmap) failed to map 163577856 bytes for committing reserved memory.
# Possible reasons:
#   The system is out of physical RAM or swap space
#   The process is running with CompressedOops enabled, and the Java Heap may be blocking the growth of the native heap
# Possible solutions:
#   Reduce memory load on the system
#   Increase physical memory or swap space
#   Check if swap backing store is full
#   Decrease Java heap size (-Xmx/-Xms)
#   Decrease number of Java threads
#   Decrease Java thread stack sizes (-Xss)
#   Set larger code cache with -XX:ReservedCodeCacheSize=
#   JVM is running with Unscaled Compressed Oops mode in which the Java heap is
#     placed in the first 4GB address space. The Java Heap base address is the
#     maximum limit for the native heap growth. Please use -XX:HeapBaseMinAddress
#     to set the Java Heap base and to place the Java Heap above 4GB virtual address.
# This output file may be truncated or incomplete.
#
#  Out of Memory Error (os_linux.cpp:2706), pid=3815, tid=3829
#
# JRE version: OpenJDK Runtime Environment (10.0.2+13) (build 10.0.2+13-Ubuntu-1ubuntu0.18.04.4)
# Java VM: OpenJDK 64-Bit Server VM (10.0.2+13-Ubuntu-1ubuntu0.18.04.4, mixed mode, tiered, compressed oops, g1 gc, linux-amd64)
# Core dump will be written. Default location: Core dumps may be processed with "/usr/share/apport/apport %p %s %c %d %P" (or dumping to /home/dd/algraph2.0/Algraph/core.3815)
#

---------------  S U M M A R Y ------------

Command Line: --add-modules=ALL-SYSTEM --add-opens=java.base/java.util=ALL-UNNAMED --add-opens=java.base/java.lang=ALL-UNNAMED -Declipse.application=org.eclipse.jdt.ls.core.id1 -Dosgi.bundles.defaultStartLevel=4 -Declipse.product=org.eclipse.jdt.ls.core.product -Xverify:none -Xmx1G -XX:+UseG1GC -XX:+UseStringDeduplication /home/dd/.vscode/extensions/redhat.java-0.37.0/server/plugins/org.eclipse.equinox.launcher_1.5.200.v20180922-1751.jar -configuration /home/dd/.vscode/extensions/redhat.java-0.37.0/server/config_linux -data /home/dd/.config/Code/User/workspaceStorage/a781280eae2b423a4e7dc34a2da1dc1e/redhat.java/jdt_ws

Host: AMD E2-3800 APU with Radeon(TM) HD Graphics, 4 cores, 3G, Ubuntu 18.04.1 LTS
Time: Sun Jan 20 12:35:25 2019 CET elapsed time: 49 seconds (0d 0h 0m 49s)

---------------  T H R E A D  ---------------

Current thread (0x00007f9e6c128800):  VMThread "VM Thread" [stack: 0x00007f9e50225000,0x00007f9e50325000] [id=3829]

Stack: [0x00007f9e50225000,0x00007f9e50325000],  sp=0x00007f9e503230a0,  free space=1016k
Native frames: (J=compiled Java code, A=aot compiled Java code, j=interpreted, Vv=VM code, C=native code)
V  [libjvm.so+0xd27ea4]
V  [libjvm.so+0xd28a4b]
V  [libjvm.so+0x64d415]
V  [libjvm.so+0xb2d7c8]
V  [libjvm.so+0xb2601d]
V  [libjvm.so+0x7662ff]
V  [libjvm.so+0x76653e]
V  [libjvm.so+0x769500]
V  [libjvm.so+0x7efa1c]
V  [libjvm.so+0x7f06df]
V  [libjvm.so+0x7f0b59]
V  [libjvm.so+0x7162cf]
V  [libjvm.so+0x71a3ba]
V  [libjvm.so+0xd3a008]
V  [libjvm.so+0xd38871]
V  [libjvm.so+0xd35b3b]
V  [libjvm.so+0xd3715e]
V  [libjvm.so+0xd37588]
V  [libjvm.so+0xb33d40]

VM_Operation (0x00007f9e11dd5a90): G1IncCollectionPause, mode: safepoint, requested by thread 0x00007f9ddc366000


---------------  P R O C E S S  ---------------

Threads class SMR info:
_java_thread_list=0x00007f9e082ff4d0, length=24, elements={
0x00007f9e6c012000, 0x00007f9e6c132000, 0x00007f9e6c134000, 0x00007f9e6c147800,
0x00007f9e6c149800, 0x00007f9e6c14b800, 0x00007f9e6c14d800, 0x00007f9e6c14f800,
0x00007f9e6c235800, 0x00007f9e6c2b5800, 0x00007f9e6c396000, 0x00007f9e6c51c800,
0x00007f9e6c4d2000, 0x00007f9e6c228000, 0x00007f9ddc0a0000, 0x00007f9ddc183000,
0x00007f9ddc366000, 0x00007f9dd4009000, 0x0000558b08edb800, 0x00007f9e6c24c800,
0x00007f9e6c224800, 0x00007f9dd4014000, 0x00007f9ddcae2000, 0x00007f9de0009000
}

Java Threads: ( => current thread )
  0x00007f9e6c012000 JavaThread "main" [_thread_blocked, id=3816, stack(0x00007f9e76894000,0x00007f9e76995000)]
  0x00007f9e6c132000 JavaThread "Reference Handler" daemon [_thread_blocked, id=3830, stack(0x00007f9e50122000,0x00007f9e50223000)]
  0x00007f9e6c134000 JavaThread "Finalizer" daemon [_thread_blocked, id=3831, stack(0x00007f9e50021000,0x00007f9e50122000)]
  0x00007f9e6c147800 JavaThread "Signal Dispatcher" daemon [_thread_blocked, id=3832, stack(0x00007f9e13c20000,0x00007f9e13d21000)]
  0x00007f9e6c149800 JavaThread "C2 CompilerThread0" daemon [_thread_blocked, id=3833, stack(0x00007f9e13b1f000,0x00007f9e13c20000)]
  0x00007f9e6c14b800 JavaThread "C2 CompilerThread1" daemon [_thread_blocked, id=3834, stack(0x00007f9e13a1e000,0x00007f9e13b1f000)]
  0x00007f9e6c14d800 JavaThread "C1 CompilerThread2" daemon [_thread_blocked, id=3835, stack(0x00007f9e1391d000,0x00007f9e13a1e000)]
  0x00007f9e6c14f800 JavaThread "Sweeper thread" daemon [_thread_blocked, id=3836, stack(0x00007f9e1381c000,0x00007f9e1391d000)]
  0x00007f9e6c235800 JavaThread "Common-Cleaner" daemon [_thread_blocked, id=3837, stack(0x00007f9e1371b000,0x00007f9e1381c000)]
  0x00007f9e6c2b5800 JavaThread "Service Thread" daemon [_thread_blocked, id=3839, stack(0x00007f9e1361a000,0x00007f9e1371b000)]
  0x00007f9e6c396000 JavaThread "process reaper" daemon [_thread_blocked, id=3842, stack(0x00007f9e767d7000,0x00007f9e767f9000)]
  0x00007f9e6c51c800 JavaThread "Active Thread: Equinox Container: 8a2c186f-709c-4cbc-8cd7-f3627ee73ddd" [_thread_blocked, id=3843, stack(0x00007f9e12bed000,0x00007f9e12cee000)]
  0x00007f9e6c4d2000 JavaThread "Framework Event Dispatcher: Equinox Container: 8a2c186f-709c-4cbc-8cd7-f3627ee73ddd" daemon [_thread_blocked, id=3848, stack(0x00007f9e12aec000,0x00007f9e12bed000)]
  0x00007f9e6c228000 JavaThread "Start Level: Equinox Container: 8a2c186f-709c-4cbc-8cd7-f3627ee73ddd" daemon [_thread_blocked, id=3849, stack(0x00007f9e129eb000,0x00007f9e12aec000)]
  0x00007f9ddc0a0000 JavaThread "Worker-JM" [_thread_blocked, id=3850, stack(0x00007f9e124d9000,0x00007f9e125da000)]
  0x00007f9ddc183000 JavaThread "Worker-0" [_thread_blocked, id=3851, stack(0x00007f9e121d8000,0x00007f9e122d9000)]
  0x00007f9ddc366000 JavaThread "Java indexing" daemon [_thread_blocked, id=3852, stack(0x00007f9e11cd7000,0x00007f9e11dd8000)]
  0x00007f9dd4009000 JavaThread "Worker-1" [_thread_blocked, id=3853, stack(0x00007f9e11bd6000,0x00007f9e11cd7000)]
  0x0000558b08edb800 JavaThread "Worker-2: Building workspace" [_thread_blocked, id=3868, stack(0x00007f9e110d5000,0x00007f9e111d6000)]
  0x00007f9e6c24c800 JavaThread "pool-2-thread-1" [_thread_blocked, id=3870, stack(0x00007f9e10dd4000,0x00007f9e10ed5000)]
  0x00007f9e6c224800 JavaThread "pool-1-thread-1" [_thread_blocked, id=3872, stack(0x00007f9e108d3000,0x00007f9e109d4000)]
  0x00007f9dd4014000 JavaThread "Worker-3" [_thread_blocked, id=3880, stack(0x00007f9e107d2000,0x00007f9e108d3000)]
  0x00007f9ddcae2000 JavaThread "Worker-4: Java indexing... " [_thread_blocked, id=3882, stack(0x00007f9e106d1000,0x00007f9e107d2000)]
  0x00007f9de0009000 JavaThread "ForkJoinPool.commonPool-worker-1" daemon [_thread_blocked, id=3948, stack(0x00007f9e103d0000,0x00007f9e104d1000)]

Other Threads:
=>0x00007f9e6c128800 VMThread "VM Thread" [stack: 0x00007f9e50225000,0x00007f9e50325000] [id=3829]
  0x00007f9e6c2b7800 WatcherThread [stack: 0x00007f9e1351a000,0x00007f9e1361a000] [id=3840]
  0x00007f9e6c028800 GCTaskThread "GC Thread#0" [stack: 0x00007f9e729c5000,0x00007f9e72ac5000] [id=3817]
  0x00007f9e6c02a000 GCTaskThread "GC Thread#1" [stack: 0x00007f9e728c3000,0x00007f9e729c3000] [id=3818]
  0x00007f9e6c02c000 GCTaskThread "GC Thread#2" [stack: 0x00007f9e727c1000,0x00007f9e728c1000] [id=3819]
  0x00007f9e6c02d800 GCTaskThread "GC Thread#3" [stack: 0x00007f9e726bf000,0x00007f9e727bf000] [id=3820]
  0x00007f9e6c067800 ConcurrentGCThread "G1 Main Marker" [stack: 0x00007f9e70bb9000,0x00007f9e70cb9000] [id=3821]
  0x00007f9e6c069000 ConcurrentGCThread "G1 Conc#0" [stack: 0x00007f9e70ab7000,0x00007f9e70bb7000] [id=3822]
  0x00007f9e6c096000 ConcurrentGCThread "G1 Refine#0" [stack: 0x00007f9e705b1000,0x00007f9e706b1000] [id=3823]
  0x00007f9e6c098000 ConcurrentGCThread "G1 Refine#1" [stack: 0x00007f9e704af000,0x00007f9e705af000] [id=3824]
  0x00007f9e6c099800 ConcurrentGCThread "G1 Refine#2" [stack: 0x00007f9e703ad000,0x00007f9e704ad000] [id=3825]
  0x00007f9e6c09b800 ConcurrentGCThread "G1 Refine#3" [stack: 0x00007f9e702ab000,0x00007f9e703ab000] [id=3826]
  0x00007f9e6c09d000 ConcurrentGCThread "G1 Young RemSet Sampling" [stack: 0x00007f9e701a9000,0x00007f9e702a9000] [id=3827]
  0x00007f9e6c0a4000 ConcurrentGCThread "G1 StrDedup" [stack: 0x00007f9e700a7000,0x00007f9e701a7000] [id=3828]

Threads with active compile tasks:
C2 CompilerThread05112   !   4       org.eclipse.jdt.internal.compiler.classfmt.ClassFileReader::<init> (1940 bytes)
C2 CompilerThread15172       4       org.eclipse.jdt.internal.core.JarPackageFragmentRoot::initRawPackageInfo (349 bytes)

VM state:at safepoint (normal execution)

VM Mutex/Monitor currently owned by a thread:  ([mutex/lock_event])
[0x00007f9e6c00e7a0] Threads_lock - owner thread: 0x00007f9e6c128800
[0x00007f9e6c00ed40] Heap_lock - owner thread: 0x00007f9ddc366000

Heap address: 0x00000000c0000000, size: 1024 MB, Compressed Oops mode: 32-bit
Narrow klass base: 0x0000000000000000, Narrow klass shift: 3
Compressed class space size: 1073741824 Address: 0x0000000100000000

Heap:
 garbage-first heap   total 413696K, used 96249K [0x00000000c0000000, 0x0000000100000000)
  region size 1024K, 10 young (10240K), 10 survivors (10240K)
 Metaspace       used 50058K, capacity 52363K, committed 52684K, reserved 1095680K
  class space    used 4753K, capacity 5615K, committed 5632K, reserved 1048576K
Heap Regions: E=young(eden), S=young(survivor), O=old, HS=humongous(starts), HC=humongous(continues), CS=collection set, F=free, A=archive, TS=gc time stamp, AC=allocation context, TAMS=top-at-mark-start (previous, next)
|   0|0x00000000c0000000, 0x00000000c0100000, 0x00000000c0100000|100%| O|  |TS  0|AC  0|TAMS 0x00000000c0100000, 0x00000000c0100000|
|   1|0x00000000c0100000, 0x00000000c0200000, 0x00000000c0200000|100%| O|  |TS  0|AC  0|TAMS 0x00000000c0200000, 0x00000000c0200000|
|   2|0x00000000c0200000, 0x00000000c0300000, 0x00000000c0300000|100%| O|  |TS  0|AC  0|TAMS 0x00000000c0300000, 0x00000000c0300000|
|   3|0x00000000c0300000, 0x00000000c0400000, 0x00000000c0400000|100%| O|  |TS  0|AC  0|TAMS 0x00000000c0400000, 0x00000000c0400000|
|   4|0x00000000c0400000, 0x00000000c0500000, 0x00000000c0500000|100%| O|  |TS  0|AC  0|TAMS 0x00000000c0500000, 0x00000000c0500000|
|   5|0x00000000c0500000, 0x00000000c0600000, 0x00000000c0600000|100%| O|  |TS  0|AC  0|TAMS 0x00000000c0600000, 0x00000000c0600000|
|   6|0x00000000c0600000, 0x00000000c0700000, 0x00000000c0700000|100%| O|  |TS  0|AC  0|TAMS 0x00000000c0700000, 0x00000000c0700000|
|   7|0x00000000c0700000, 0x00000000c0800000, 0x00000000c0800000|100%| O|  |TS  0|AC  0|TAMS 0x00000000c0800000, 0x00000000c0800000|
|   8|0x00000000c0800000, 0x00000000c0900000, 0x00000000c0900000|100%| O|  |TS  0|AC  0|TAMS 0x00000000c0900000, 0x00000000c0900000|
|   9|0x00000000c0900000, 0x00000000c0a00000, 0x00000000c0a00000|100%| O|  |TS  0|AC  0|TAMS 0x00000000c0a00000, 0x00000000c0a00000|
|  10|0x00000000c0a00000, 0x00000000c0b00000, 0x00000000c0b00000|100%| O|  |TS  0|AC  0|TAMS 0x00000000c0b00000, 0x00000000c0b00000|
|  11|0x00000000c0b00000, 0x00000000c0c00000, 0x00000000c0c00000|100%| O|  |TS  0|AC  0|TAMS 0x00000000c0c00000, 0x00000000c0c00000|
|  12|0x00000000c0c00000, 0x00000000c0d00000, 0x00000000c0d00000|100%| O|  |TS  0|AC  0|TAMS 0x00000000c0d00000, 0x00000000c0d00000|
|  13|0x00000000c0d00000, 0x00000000c0e00000, 0x00000000c0e00000|100%| O|  |TS  0|AC  0|TAMS 0x00000000c0e00000, 0x00000000c0e00000|
|  14|0x00000000c0e00000, 0x00000000c0f00000, 0x00000000c0f00000|100%| O|  |TS  0|AC  0|TAMS 0x00000000c0f00000, 0x00000000c0f00000|
|  15|0x00000000c0f00000, 0x00000000c1000000, 0x00000000c1000000|100%| O|  |TS  0|AC  0|TAMS 0x00000000c1000000, 0x00000000c1000000|
|  16|0x00000000c1000000, 0x00000000c1100000, 0x00000000c1100000|100%| O|  |TS  0|AC  0|TAMS 0x00000000c1100000, 0x00000000c1100000|
|  17|0x00000000c1100000, 0x00000000c1200000, 0x00000000c1200000|100%| O|  |TS  0|AC  0|TAMS 0x00000000c1200000, 0x00000000c1200000|
|  18|0x00000000c1200000, 0x00000000c1300000, 0x00000000c1300000|100%| O|  |TS  0|AC  0|TAMS 0x00000000c1300000, 0x00000000c1300000|
|  19|0x00000000c1300000, 0x00000000c1400000, 0x00000000c1400000|100%| O|  |TS  0|AC  0|TAMS 0x00000000c1400000, 0x00000000c1400000|
|  20|0x00000000c1400000, 0x00000000c1500000, 0x00000000c1500000|100%| O|  |TS  0|AC  0|TAMS 0x00000000c1500000, 0x00000000c1500000|
|  21|0x00000000c1500000, 0x00000000c1600000, 0x00000000c1600000|100%| O|  |TS  0|AC  0|TAMS 0x00000000c1600000, 0x00000000c1600000|
|  22|0x00000000c1600000, 0x00000000c1700000, 0x00000000c1700000|100%| O|  |TS  0|AC  0|TAMS 0x00000000c1700000, 0x00000000c1700000|
|  23|0x00000000c1700000, 0x00000000c1800000, 0x00000000c1800000|100%| O|  |TS  0|AC  0|TAMS 0x00000000c1800000, 0x00000000c1800000|
|  24|0x00000000c1800000, 0x00000000c1900000, 0x00000000c1900000|100%|HS|  |TS  0|AC  0|TAMS 0x00000000c1900000, 0x00000000c1900000|
|  25|0x00000000c1900000, 0x00000000c1a00000, 0x00000000c1a00000|100%| O|  |TS  0|AC  0|TAMS 0x00000000c1a00000, 0x00000000c1a00000|
|  26|0x00000000c1a00000, 0x00000000c1b00000, 0x00000000c1b00000|100%| O|  |TS  0|AC  0|TAMS 0x00000000c1b00000, 0x00000000c1b00000|
|  27|0x00000000c1b00000, 0x00000000c1c00000, 0x00000000c1c00000|100%| O|  |TS  0|AC  0|TAMS 0x00000000c1c00000, 0x00000000c1c00000|
|  28|0x00000000c1c00000, 0x00000000c1d00000, 0x00000000c1d00000|100%| O|  |TS  0|AC  0|TAMS 0x00000000c1d00000, 0x00000000c1d00000|
|  29|0x00000000c1d00000, 0x00000000c1e00000, 0x00000000c1e00000|100%| O|  |TS  0|AC  0|TAMS 0x00000000c1e00000, 0x00000000c1e00000|
|  30|0x00000000c1e00000, 0x00000000c1f00000, 0x00000000c1f00000|100%| O|  |TS  0|AC  0|TAMS 0x00000000c1f00000, 0x00000000c1f00000|
|  31|0x00000000c1f00000, 0x00000000c2000000, 0x00000000c2000000|100%| O|  |TS  0|AC  0|TAMS 0x00000000c2000000, 0x00000000c2000000|
|  32|0x00000000c2000000, 0x00000000c2100000, 0x00000000c2100000|100%| O|  |TS  0|AC  0|TAMS 0x00000000c2100000, 0x00000000c2100000|
|  33|0x00000000c2100000, 0x00000000c2200000, 0x00000000c2200000|100%| O|  |TS  0|AC  0|TAMS 0x00000000c2200000, 0x00000000c2200000|
|  34|0x00000000c2200000, 0x00000000c2300000, 0x00000000c2300000|100%| O|  |TS  0|AC  0|TAMS 0x00000000c2300000, 0x00000000c2300000|
|  35|0x00000000c2300000, 0x00000000c2400000, 0x00000000c2400000|100%| O|  |TS  0|AC  0|TAMS 0x00000000c2400000, 0x00000000c2400000|
|  36|0x00000000c2400000, 0x00000000c2500000, 0x00000000c2500000|100%| O|  |TS  0|AC  0|TAMS 0x00000000c2500000, 0x00000000c2500000|
|  37|0x00000000c2500000, 0x00000000c2600000, 0x00000000c2600000|100%| O|  |TS  0|AC  0|TAMS 0x00000000c2600000, 0x00000000c2600000|
|  38|0x00000000c2600000, 0x00000000c2700000, 0x00000000c2700000|100%| O|  |TS  0|AC  0|TAMS 0x00000000c2700000, 0x00000000c2700000|
|  39|0x00000000c2700000, 0x00000000c2800000, 0x00000000c2800000|100%| O|  |TS  1|AC  0|TAMS 0x00000000c27eb800, 0x00000000c27eb800|
|  40|0x00000000c2800000, 0x00000000c2900000, 0x00000000c2900000|100%| O|  |TS  1|AC  0|TAMS 0x00000000c2800000, 0x00000000c2800000|
|  41|0x00000000c2900000, 0x00000000c2a00000, 0x00000000c2a00000|100%| O|  |TS  1|AC  0|TAMS 0x00000000c2900000, 0x00000000c2900000|
|  42|0x00000000c2a00000, 0x00000000c2b00000, 0x00000000c2b00000|100%| O|  |TS  1|AC  0|TAMS 0x00000000c2a00000, 0x00000000c2a00000|
|  43|0x00000000c2b00000, 0x00000000c2c00000, 0x00000000c2c00000|100%| O|  |TS  2|AC  0|TAMS 0x00000000c2b00000, 0x00000000c2b00000|
|  44|0x00000000c2c00000, 0x00000000c2d00000, 0x00000000c2d00000|100%| O|  |TS  2|AC  0|TAMS 0x00000000c2c00000, 0x00000000c2c00000|
|  45|0x00000000c2d00000, 0x00000000c2e00000, 0x00000000c2e00000|100%| O|  |TS  2|AC  0|TAMS 0x00000000c2d00000, 0x00000000c2d00000|
|  46|0x00000000c2e00000, 0x00000000c2f00000, 0x00000000c2f00000|100%| O|  |TS  3|AC  0|TAMS 0x00000000c2e00000, 0x00000000c2e00000|
|  47|0x00000000c2f00000, 0x00000000c3000000, 0x00000000c3000000|100%|HS|  |TS  0|AC  0|TAMS 0x00000000c2f00000, 0x00000000c2f00000|
|  48|0x00000000c3000000, 0x00000000c3100000, 0x00000000c3100000|100%| O|  |TS  3|AC  0|TAMS 0x00000000c3000000, 0x00000000c3000000|
|  49|0x00000000c3100000, 0x00000000c3200000, 0x00000000c3200000|100%| O|  |TS  3|AC  0|TAMS 0x00000000c3100000, 0x00000000c3100000|
|  50|0x00000000c3200000, 0x00000000c3300000, 0x00000000c3300000|100%| O|  |TS  3|AC  0|TAMS 0x00000000c3200000, 0x00000000c3200000|
|  51|0x00000000c3300000, 0x00000000c3400000, 0x00000000c3400000|100%| O|  |TS  4|AC  0|TAMS 0x00000000c3300000, 0x00000000c3300000|
|  52|0x00000000c3400000, 0x00000000c3500000, 0x00000000c3500000|100%| O|  |TS  4|AC  0|TAMS 0x00000000c3400000, 0x00000000c3400000|
|  53|0x00000000c3500000, 0x00000000c3600000, 0x00000000c3600000|100%| O|  |TS  4|AC  0|TAMS 0x00000000c3500000, 0x00000000c3500000|
|  54|0x00000000c3600000, 0x00000000c3700000, 0x00000000c3700000|100%| O|  |TS  4|AC  0|TAMS 0x00000000c3600000, 0x00000000c3600000|
|  55|0x00000000c3700000, 0x00000000c3800000, 0x00000000c3800000|100%| O|  |TS  4|AC  0|TAMS 0x00000000c3700000, 0x00000000c3700000|
|  56|0x00000000c3800000, 0x00000000c3900000, 0x00000000c3900000|100%| O|  |TS  5|AC  0|TAMS 0x00000000c3800000, 0x00000000c3800000|
|  57|0x00000000c3900000, 0x00000000c3a00000, 0x00000000c3a00000|100%| O|  |TS  6|AC  0|TAMS 0x00000000c3900000, 0x00000000c3900000|
|  58|0x00000000c3a00000, 0x00000000c3b00000, 0x00000000c3b00000|100%|HS|  |TS  0|AC  0|TAMS 0x00000000c3a00000, 0x00000000c3a00000|
|  59|0x00000000c3b00000, 0x00000000c3c00000, 0x00000000c3c00000|100%|HC|  |TS  0|AC  0|TAMS 0x00000000c3b00000, 0x00000000c3b00000|
|  60|0x00000000c3c00000, 0x00000000c3d00000, 0x00000000c3d00000|100%| O|  |TS  6|AC  0|TAMS 0x00000000c3c00000, 0x00000000c3c00000|
|  61|0x00000000c3d00000, 0x00000000c3e00000, 0x00000000c3e00000|100%| O|  |TS  6|AC  0|TAMS 0x00000000c3d00000, 0x00000000c3d00000|
|  62|0x00000000c3e00000, 0x00000000c3f00000, 0x00000000c3f00000|100%| O|  |TS  6|AC  0|TAMS 0x00000000c3e00000, 0x00000000c3e00000|
|  63|0x00000000c3f00000, 0x00000000c4000000, 0x00000000c4000000|100%| O|  |TS  6|AC  0|TAMS 0x00000000c3f00000, 0x00000000c3f00000|
|  64|0x00000000c4000000, 0x00000000c4100000, 0x00000000c4100000|100%| O|  |TS  6|AC  0|TAMS 0x00000000c4000000, 0x00000000c4000000|
|  65|0x00000000c4100000, 0x00000000c4200000, 0x00000000c4200000|100%| O|  |TS  6|AC  0|TAMS 0x00000000c4100000, 0x00000000c4100000|
|  66|0x00000000c4200000, 0x00000000c4300000, 0x00000000c4300000|100%| O|  |TS  6|AC  0|TAMS 0x00000000c4200000, 0x00000000c4200000|
|  67|0x00000000c4300000, 0x00000000c4400000, 0x00000000c4400000|100%| O|  |TS  6|AC  0|TAMS 0x00000000c4300000, 0x00000000c4300000|
|  68|0x00000000c4400000, 0x00000000c4500000, 0x00000000c4500000|100%| O|  |TS  6|AC  0|TAMS 0x00000000c4400000, 0x00000000c4400000|
|  69|0x00000000c4500000, 0x00000000c4600000, 0x00000000c4600000|100%| O|  |TS  6|AC  0|TAMS 0x00000000c4500000, 0x00000000c4500000|
|  70|0x00000000c4600000, 0x00000000c4700000, 0x00000000c4700000|100%| O|  |TS  6|AC  0|TAMS 0x00000000c4600000, 0x00000000c4600000|
|  71|0x00000000c4700000, 0x00000000c4800000, 0x00000000c4800000|100%| O|  |TS  7|AC  0|TAMS 0x00000000c4700000, 0x00000000c4700000|
|  72|0x00000000c4800000, 0x00000000c4900000, 0x00000000c4900000|100%| O|  |TS  7|AC  0|TAMS 0x00000000c4800000, 0x00000000c4800000|
|  73|0x00000000c4900000, 0x00000000c4a00000, 0x00000000c4a00000|100%| O|  |TS  7|AC  0|TAMS 0x00000000c4900000, 0x00000000c4900000|
|  74|0x00000000c4a00000, 0x00000000c4b00000, 0x00000000c4b00000|100%| O|  |TS  7|AC  0|TAMS 0x00000000c4a00000, 0x00000000c4a00000|
|  75|0x00000000c4b00000, 0x00000000c4c00000, 0x00000000c4c00000|100%| O|  |TS  7|AC  0|TAMS 0x00000000c4b00000, 0x00000000c4b00000|
|  76|0x00000000c4c00000, 0x00000000c4d00000, 0x00000000c4d00000|100%| O|  |TS  7|AC  0|TAMS 0x00000000c4c00000, 0x00000000c4c00000|
|  77|0x00000000c4d00000, 0x00000000c4e00000, 0x00000000c4e00000|100%| O|  |TS  8|AC  0|TAMS 0x00000000c4d00000, 0x00000000c4d00000|
|  78|0x00000000c4e00000, 0x00000000c4f00000, 0x00000000c4f00000|100%| O|  |TS  8|AC  0|TAMS 0x00000000c4e00000, 0x00000000c4e00000|
|  79|0x00000000c4f00000, 0x00000000c5000000, 0x00000000c5000000|100%| O|  |TS  8|AC  0|TAMS 0x00000000c4f00000, 0x00000000c4f00000|
|  80|0x00000000c5000000, 0x00000000c5100000, 0x00000000c5100000|100%| O|  |TS  8|AC  0|TAMS 0x00000000c5000000, 0x00000000c5000000|
|  81|0x00000000c5100000, 0x00000000c5200000, 0x00000000c5200000|100%| O|  |TS  8|AC  0|TAMS 0x00000000c5100000, 0x00000000c5100000|
|  82|0x00000000c5200000, 0x00000000c5300000, 0x00000000c5300000|100%| O|  |TS  8|AC  0|TAMS 0x00000000c5200000, 0x00000000c5200000|
|  83|0x00000000c5300000, 0x00000000c5400000, 0x00000000c5400000|100%| O|  |TS  8|AC  0|TAMS 0x00000000c5300000, 0x00000000c5300000|
|  84|0x00000000c5400000, 0x00000000c54ab600, 0x00000000c5500000| 66%| O|  |TS  8|AC  0|TAMS 0x00000000c5400000, 0x00000000c5400000|
|  85|0x00000000c5500000, 0x00000000c5500000, 0x00000000c5600000|  0%| F|  |TS  4|AC  0|TAMS 0x00000000c5500000, 0x00000000c5500000|
|  86|0x00000000c5600000, 0x00000000c5600000, 0x00000000c5700000|  0%| F|  |TS  5|AC  0|TAMS 0x00000000c5600000, 0x00000000c5600000|
|  87|0x00000000c5700000, 0x00000000c5700000, 0x00000000c5800000|  0%| F|  |TS  5|AC  0|TAMS 0x00000000c5700000, 0x00000000c5700000|
|  88|0x00000000c5800000, 0x00000000c5800000, 0x00000000c5900000|  0%| F|  |TS  4|AC  0|TAMS 0x00000000c5800000, 0x00000000c5800000|
|  89|0x00000000c5900000, 0x00000000c5900000, 0x00000000c5a00000|  0%| F|  |TS  4|AC  0|TAMS 0x00000000c5900000, 0x00000000c5900000|
|  90|0x00000000c5a00000, 0x00000000c5a00000, 0x00000000c5b00000|  0%| F|  |TS  4|AC  0|TAMS 0x00000000c5a00000, 0x00000000c5a00000|
|  91|0x00000000c5b00000, 0x00000000c5b00000, 0x00000000c5c00000|  0%| F|  |TS  4|AC  0|TAMS 0x00000000c5b00000, 0x00000000c5b00000|
|  92|0x00000000c5c00000, 0x00000000c5c00000, 0x00000000c5d00000|  0%| F|  |TS  4|AC  0|TAMS 0x00000000c5c00000, 0x00000000c5c00000|
|  93|0x00000000c5d00000, 0x00000000c5d00000, 0x00000000c5e00000|  0%| F|  |TS  4|AC  0|TAMS 0x00000000c5d00000, 0x00000000c5d00000|
|  94|0x00000000c5e00000, 0x00000000c5e00000, 0x00000000c5f00000|  0%| F|  |TS  4|AC  0|TAMS 0x00000000c5e00000, 0x00000000c5e00000|
|  95|0x00000000c5f00000, 0x00000000c5f00000, 0x00000000c6000000|  0%| F|  |TS  4|AC  0|TAMS 0x00000000c5f00000, 0x00000000c5f00000|
|  96|0x00000000c6000000, 0x00000000c6000000, 0x00000000c6100000|  0%| F|  |TS  4|AC  0|TAMS 0x00000000c6000000, 0x00000000c6000000|
|  97|0x00000000c6100000, 0x00000000c6100000, 0x00000000c6200000|  0%| F|  |TS  4|AC  0|TAMS 0x00000000c6100000, 0x00000000c6100000|
|  98|0x00000000c6200000, 0x00000000c6200000, 0x00000000c6300000|  0%| F|  |TS  4|AC  0|TAMS 0x00000000c6200000, 0x00000000c6200000|
|  99|0x00000000c6300000, 0x00000000c6300000, 0x00000000c6400000|  0%| F|  |TS  4|AC  0|TAMS 0x00000000c6300000, 0x00000000c6300000|
| 100|0x00000000c6400000, 0x00000000c6400000, 0x00000000c6500000|  0%| F|  |TS  4|AC  0|TAMS 0x00000000c6400000, 0x00000000c6400000|
| 101|0x00000000c6500000, 0x00000000c6500000, 0x00000000c6600000|  0%| F|  |TS  4|AC  0|TAMS 0x00000000c6500000, 0x00000000c6500000|
| 102|0x00000000c6600000, 0x00000000c6600000, 0x00000000c6700000|  0%| F|  |TS  4|AC  0|TAMS 0x00000000c6600000, 0x00000000c6600000|
| 103|0x00000000c6700000, 0x00000000c6700000, 0x00000000c6800000|  0%| F|  |TS  4|AC  0|TAMS 0x00000000c6700000, 0x00000000c6700000|
| 104|0x00000000c6800000, 0x00000000c6800000, 0x00000000c6900000|  0%| F|  |TS  4|AC  0|TAMS 0x00000000c6800000, 0x00000000c6800000|
| 105|0x00000000c6900000, 0x00000000c6900000, 0x00000000c6a00000|  0%| F|  |TS  4|AC  0|TAMS 0x00000000c6900000, 0x00000000c6900000|
| 106|0x00000000c6a00000, 0x00000000c6a00000, 0x00000000c6b00000|  0%| F|  |TS  4|AC  0|TAMS 0x00000000c6a00000, 0x00000000c6a00000|
| 107|0x00000000c6b00000, 0x00000000c6b00000, 0x00000000c6c00000|  0%| F|  |TS  4|AC  0|TAMS 0x00000000c6b00000, 0x00000000c6b00000|
| 108|0x00000000c6c00000, 0x00000000c6c00000, 0x00000000c6d00000|  0%| F|  |TS  4|AC  0|TAMS 0x00000000c6c00000, 0x00000000c6c00000|
| 109|0x00000000c6d00000, 0x00000000c6d00000, 0x00000000c6e00000|  0%| F|  |TS  4|AC  0|TAMS 0x00000000c6d00000, 0x00000000c6d00000|
| 110|0x00000000c6e00000, 0x00000000c6e00000, 0x00000000c6f00000|  0%| F|  |TS  4|AC  0|TAMS 0x00000000c6e00000, 0x00000000c6e00000|
| 111|0x00000000c6f00000, 0x00000000c6f00000, 0x00000000c7000000|  0%| F|  |TS  4|AC  0|TAMS 0x00000000c6f00000, 0x00000000c6f00000|
| 112|0x00000000c7000000, 0x00000000c7000000, 0x00000000c7100000|  0%| F|  |TS  4|AC  0|TAMS 0x00000000c7000000, 0x00000000c7000000|
| 113|0x00000000c7100000, 0x00000000c7100000, 0x00000000c7200000|  0%| F|  |TS  4|AC  0|TAMS 0x00000000c7100000, 0x00000000c7100000|
| 114|0x00000000c7200000, 0x00000000c7200000, 0x00000000c7300000|  0%| F|  |TS  4|AC  0|TAMS 0x00000000c7200000, 0x00000000c7200000|
| 115|0x00000000c7300000, 0x00000000c7300000, 0x00000000c7400000|  0%| F|  |TS  4|AC  0|TAMS 0x00000000c7300000, 0x00000000c7300000|
| 116|0x00000000c7400000, 0x00000000c7400000, 0x00000000c7500000|  0%| F|  |TS  4|AC  0|TAMS 0x00000000c7400000, 0x00000000c7400000|
| 117|0x00000000c7500000, 0x00000000c7500000, 0x00000000c7600000|  0%| F|  |TS  4|AC  0|TAMS 0x00000000c7500000, 0x00000000c7500000|
| 118|0x00000000c7600000, 0x00000000c7600000, 0x00000000c7700000|  0%| F|  |TS  4|AC  0|TAMS 0x00000000c7600000, 0x00000000c7600000|
| 119|0x00000000c7700000, 0x00000000c7700000, 0x00000000c7800000|  0%| F|  |TS  4|AC  0|TAMS 0x00000000c7700000, 0x00000000c7700000|
| 120|0x00000000c7800000, 0x00000000c7800000, 0x00000000c7900000|  0%| F|  |TS  4|AC  0|TAMS 0x00000000c7800000, 0x00000000c7800000|
| 121|0x00000000c7900000, 0x00000000c7900000, 0x00000000c7a00000|  0%| F|  |TS  4|AC  0|TAMS 0x00000000c7900000, 0x00000000c7900000|
| 122|0x00000000c7a00000, 0x00000000c7a00000, 0x00000000c7b00000|  0%| F|  |TS  4|AC  0|TAMS 0x00000000c7a00000, 0x00000000c7a00000|
| 123|0x00000000c7b00000, 0x00000000c7b00000, 0x00000000c7c00000|  0%| F|  |TS  4|AC  0|TAMS 0x00000000c7b00000, 0x00000000c7b00000|
| 124|0x00000000c7c00000, 0x00000000c7c00000, 0x00000000c7d00000|  0%| F|  |TS  4|AC  0|TAMS 0x00000000c7c00000, 0x00000000c7c00000|
| 125|0x00000000c7d00000, 0x00000000c7d00000, 0x00000000c7e00000|  0%| F|  |TS  4|AC  0|TAMS 0x00000000c7d00000, 0x00000000c7d00000|
| 126|0x00000000c7e00000, 0x00000000c7e00000, 0x00000000c7f00000|  0%| F|  |TS  4|AC  0|TAMS 0x00000000c7e00000, 0x00000000c7e00000|
| 127|0x00000000c7f00000, 0x00000000c7f00000, 0x00000000c8000000|  0%| F|  |TS  4|AC  0|TAMS 0x00000000c7f00000, 0x00000000c7f00000|
| 128|0x00000000c8000000, 0x00000000c8000000, 0x00000000c8100000|  0%| F|  |TS  4|AC  0|TAMS 0x00000000c8000000, 0x00000000c8000000|
| 129|0x00000000c8100000, 0x00000000c8100000, 0x00000000c8200000|  0%| F|  |TS  4|AC  0|TAMS 0x00000000c8100000, 0x00000000c8100000|
| 130|0x00000000c8200000, 0x00000000c8200000, 0x00000000c8300000|  0%| F|  |TS  4|AC  0|TAMS 0x00000000c8200000, 0x00000000c8200000|
| 131|0x00000000c8300000, 0x00000000c8300000, 0x00000000c8400000|  0%| F|  |TS  4|AC  0|TAMS 0x00000000c8300000, 0x00000000c8300000|
| 132|0x00000000c8400000, 0x00000000c8400000, 0x00000000c8500000|  0%| F|  |TS  4|AC  0|TAMS 0x00000000c8400000, 0x00000000c8400000|
| 133|0x00000000c8500000, 0x00000000c8500000, 0x00000000c8600000|  0%| F|  |TS  4|AC  0|TAMS 0x00000000c8500000, 0x00000000c8500000|
| 134|0x00000000c8600000, 0x00000000c8600000, 0x00000000c8700000|  0%| F|  |TS  4|AC  0|TAMS 0x00000000c8600000, 0x00000000c8600000|
| 135|0x00000000c8700000, 0x00000000c8700000, 0x00000000c8800000|  0%| F|  |TS  4|AC  0|TAMS 0x00000000c8700000, 0x00000000c8700000|
| 136|0x00000000c8800000, 0x00000000c8800000, 0x00000000c8900000|  0%| F|  |TS  4|AC  0|TAMS 0x00000000c8800000, 0x00000000c8800000|
| 137|0x00000000c8900000, 0x00000000c8900000, 0x00000000c8a00000|  0%| F|  |TS  4|AC  0|TAMS 0x00000000c8900000, 0x00000000c8900000|
| 138|0x00000000c8a00000, 0x00000000c8a00000, 0x00000000c8b00000|  0%| F|  |TS  4|AC  0|TAMS 0x00000000c8a00000, 0x00000000c8a00000|
| 139|0x00000000c8b00000, 0x00000000c8b00000, 0x00000000c8c00000|  0%| F|  |TS  4|AC  0|TAMS 0x00000000c8b00000, 0x00000000c8b00000|
| 140|0x00000000c8c00000, 0x00000000c8c00000, 0x00000000c8d00000|  0%| F|  |TS  4|AC  0|TAMS 0x00000000c8c00000, 0x00000000c8c00000|
| 141|0x00000000c8d00000, 0x00000000c8d00000, 0x00000000c8e00000|  0%| F|  |TS  4|AC  0|TAMS 0x00000000c8d00000, 0x00000000c8d00000|
| 142|0x00000000c8e00000, 0x00000000c8e00000, 0x00000000c8f00000|  0%| F|  |TS  4|AC  0|TAMS 0x00000000c8e00000, 0x00000000c8e00000|
| 143|0x00000000c8f00000, 0x00000000c8f00000, 0x00000000c9000000|  0%| F|  |TS  4|AC  0|TAMS 0x00000000c8f00000, 0x00000000c8f00000|
| 144|0x00000000c9000000, 0x00000000c9000000, 0x00000000c9100000|  0%| F|  |TS  4|AC  0|TAMS 0x00000000c9000000, 0x00000000c9000000|
| 145|0x00000000c9100000, 0x00000000c9100000, 0x00000000c9200000|  0%| F|  |TS  4|AC  0|TAMS 0x00000000c9100000, 0x00000000c9100000|
| 146|0x00000000c9200000, 0x00000000c9200000, 0x00000000c9300000|  0%| F|  |TS  4|AC  0|TAMS 0x00000000c9200000, 0x00000000c9200000|
| 147|0x00000000c9300000, 0x00000000c9300000, 0x00000000c9400000|  0%| F|  |TS  4|AC  0|TAMS 0x00000000c9300000, 0x00000000c9300000|
| 148|0x00000000c9400000, 0x00000000c9400000, 0x00000000c9500000|  0%| F|  |TS  4|AC  0|TAMS 0x00000000c9400000, 0x00000000c9400000|
| 149|0x00000000c9500000, 0x00000000c9500000, 0x00000000c9600000|  0%| F|  |TS  4|AC  0|TAMS 0x00000000c9500000, 0x00000000c9500000|
| 150|0x00000000c9600000, 0x00000000c9600000, 0x00000000c9700000|  0%| F|  |TS  4|AC  0|TAMS 0x00000000c9600000, 0x00000000c9600000|
| 151|0x00000000c9700000, 0x00000000c97530e0, 0x00000000c9800000| 32%| S|CS|TS  8|AC  0|TAMS 0x00000000c9700000, 0x00000000c9700000|
| 152|0x00000000c9800000, 0x00000000c9900000, 0x00000000c9900000|100%| S|CS|TS  8|AC  0|TAMS 0x00000000c9800000, 0x00000000c9800000|
| 153|0x00000000c9900000, 0x00000000c9a00000, 0x00000000c9a00000|100%| S|CS|TS  8|AC  0|TAMS 0x00000000c9900000, 0x00000000c9900000|
| 154|0x00000000c9a00000, 0x00000000c9b00000, 0x00000000c9b00000|100%| S|CS|TS  8|AC  0|TAMS 0x00000000c9a00000, 0x00000000c9a00000|
| 155|0x00000000c9b00000, 0x00000000c9c00000, 0x00000000c9c00000|100%| S|CS|TS  8|AC  0|TAMS 0x00000000c9b00000, 0x00000000c9b00000|
| 156|0x00000000c9c00000, 0x00000000c9d00000, 0x00000000c9d00000|100%| S|CS|TS  8|AC  0|TAMS 0x00000000c9c00000, 0x00000000c9c00000|
| 157|0x00000000c9d00000, 0x00000000c9e00000, 0x00000000c9e00000|100%| S|CS|TS  8|AC  0|TAMS 0x00000000c9d00000, 0x00000000c9d00000|
| 158|0x00000000c9e00000, 0x00000000c9f00000, 0x00000000c9f00000|100%| S|CS|TS  8|AC  0|TAMS 0x00000000c9e00000, 0x00000000c9e00000|
| 159|0x00000000c9f00000, 0x00000000ca000000, 0x00000000ca000000|100%| S|CS|TS  8|AC  0|TAMS 0x00000000c9f00000, 0x00000000c9f00000|
| 160|0x00000000ca000000, 0x00000000ca100000, 0x00000000ca100000|100%| S|CS|TS  8|AC  0|TAMS 0x00000000ca000000, 0x00000000ca000000|
| 161|0x00000000ca100000, 0x00000000ca100000, 0x00000000ca200000|  0%| F|  |TS  8|AC  0|TAMS 0x00000000ca100000, 0x00000000ca100000|
| 162|0x00000000ca200000, 0x00000000ca200000, 0x00000000ca300000|  0%| F|  |TS  8|AC  0|TAMS 0x00000000ca200000, 0x00000000ca200000|
| 163|0x00000000ca300000, 0x00000000ca300000, 0x00000000ca400000|  0%| F|  |TS  8|AC  0|TAMS 0x00000000ca300000, 0x00000000ca300000|
| 164|0x00000000ca400000, 0x00000000ca400000, 0x00000000ca500000|  0%| F|  |TS  8|AC  0|TAMS 0x00000000ca400000, 0x00000000ca400000|
| 165|0x00000000ca500000, 0x00000000ca500000, 0x00000000ca600000|  0%| F|  |TS  8|AC  0|TAMS 0x00000000ca500000, 0x00000000ca500000|
| 166|0x00000000ca600000, 0x00000000ca600000, 0x00000000ca700000|  0%| F|  |TS  8|AC  0|TAMS 0x00000000ca600000, 0x00000000ca600000|
| 167|0x00000000ca700000, 0x00000000ca700000, 0x00000000ca800000|  0%| F|  |TS  8|AC  0|TAMS 0x00000000ca700000, 0x00000000ca700000|
| 168|0x00000000ca800000, 0x00000000ca800000, 0x00000000ca900000|  0%| F|  |TS  8|AC  0|TAMS 0x00000000ca800000, 0x00000000ca800000|
| 169|0x00000000ca900000, 0x00000000ca900000, 0x00000000caa00000|  0%| F|  |TS  8|AC  0|TAMS 0x00000000ca900000, 0x00000000ca900000|
| 170|0x00000000caa00000, 0x00000000caa00000, 0x00000000cab00000|  0%| F|  |TS  8|AC  0|TAMS 0x00000000caa00000, 0x00000000caa00000|
| 171|0x00000000cab00000, 0x00000000cab00000, 0x00000000cac00000|  0%| F|  |TS  8|AC  0|TAMS 0x00000000cab00000, 0x00000000cab00000|
| 172|0x00000000cac00000, 0x00000000cac00000, 0x00000000cad00000|  0%| F|  |TS  8|AC  0|TAMS 0x00000000cac00000, 0x00000000cac00000|
| 173|0x00000000cad00000, 0x00000000cad00000, 0x00000000cae00000|  0%| F|  |TS  8|AC  0|TAMS 0x00000000cad00000, 0x00000000cad00000|
| 174|0x00000000cae00000, 0x00000000cae00000, 0x00000000caf00000|  0%| F|  |TS  8|AC  0|TAMS 0x00000000cae00000, 0x00000000cae00000|
| 175|0x00000000caf00000, 0x00000000caf00000, 0x00000000cb000000|  0%| F|  |TS  8|AC  0|TAMS 0x00000000caf00000, 0x00000000caf00000|
| 176|0x00000000cb000000, 0x00000000cb000000, 0x00000000cb100000|  0%| F|  |TS  8|AC  0|TAMS 0x00000000cb000000, 0x00000000cb000000|
| 177|0x00000000cb100000, 0x00000000cb100000, 0x00000000cb200000|  0%| F|  |TS  8|AC  0|TAMS 0x00000000cb100000, 0x00000000cb100000|
| 178|0x00000000cb200000, 0x00000000cb200000, 0x00000000cb300000|  0%| F|  |TS  8|AC  0|TAMS 0x00000000cb200000, 0x00000000cb200000|
| 179|0x00000000cb300000, 0x00000000cb300000, 0x00000000cb400000|  0%| F|  |TS  8|AC  0|TAMS 0x00000000cb300000, 0x00000000cb300000|
| 180|0x00000000cb400000, 0x00000000cb400000, 0x00000000cb500000|  0%| F|  |TS  8|AC  0|TAMS 0x00000000cb400000, 0x00000000cb400000|
| 181|0x00000000cb500000, 0x00000000cb500000, 0x00000000cb600000|  0%| F|  |TS  8|AC  0|TAMS 0x00000000cb500000, 0x00000000cb500000|
| 182|0x00000000cb600000, 0x00000000cb600000, 0x00000000cb700000|  0%| F|  |TS  8|AC  0|TAMS 0x00000000cb600000, 0x00000000cb600000|
| 183|0x00000000cb700000, 0x00000000cb700000, 0x00000000cb800000|  0%| F|  |TS  8|AC  0|TAMS 0x00000000cb700000, 0x00000000cb700000|
| 184|0x00000000cb800000, 0x00000000cb800000, 0x00000000cb900000|  0%| F|  |TS  8|AC  0|TAMS 0x00000000cb800000, 0x00000000cb800000|
| 185|0x00000000cb900000, 0x00000000cb900000, 0x00000000cba00000|  0%| F|  |TS  8|AC  0|TAMS 0x00000000cb900000, 0x00000000cb900000|
| 186|0x00000000cba00000, 0x00000000cba00000, 0x00000000cbb00000|  0%| F|  |TS  8|AC  0|TAMS 0x00000000cba00000, 0x00000000cba00000|
| 187|0x00000000cbb00000, 0x00000000cbb00000, 0x00000000cbc00000|  0%| F|  |TS  8|AC  0|TAMS 0x00000000cbb00000, 0x00000000cbb00000|
| 188|0x00000000cbc00000, 0x00000000cbc00000, 0x00000000cbd00000|  0%| F|  |TS  8|AC  0|TAMS 0x00000000cbc00000, 0x00000000cbc00000|
| 189|0x00000000cbd00000, 0x00000000cbd00000, 0x00000000cbe00000|  0%| F|  |TS  8|AC  0|TAMS 0x00000000cbd00000, 0x00000000cbd00000|
| 190|0x00000000cbe00000, 0x00000000cbe00000, 0x00000000cbf00000|  0%| F|  |TS  8|AC  0|TAMS 0x00000000cbe00000, 0x00000000cbe00000|
| 191|0x00000000cbf00000, 0x00000000cbf00000, 0x00000000cc000000|  0%| F|  |TS  8|AC  0|TAMS 0x00000000cbf00000, 0x00000000cbf00000|
| 192|0x00000000cc000000, 0x00000000cc000000, 0x00000000cc100000|  0%| F|  |TS  8|AC  0|TAMS 0x00000000cc000000, 0x00000000cc000000|
| 193|0x00000000cc100000, 0x00000000cc100000, 0x00000000cc200000|  0%| F|  |TS  8|AC  0|TAMS 0x00000000cc100000, 0x00000000cc100000|
| 194|0x00000000cc200000, 0x00000000cc200000, 0x00000000cc300000|  0%| F|  |TS  8|AC  0|TAMS 0x00000000cc200000, 0x00000000cc200000|
| 195|0x00000000cc300000, 0x00000000cc300000, 0x00000000cc400000|  0%| F|  |TS  8|AC  0|TAMS 0x00000000cc300000, 0x00000000cc300000|
| 196|0x00000000cc400000, 0x00000000cc400000, 0x00000000cc500000|  0%| F|  |TS  8|AC  0|TAMS 0x00000000cc400000, 0x00000000cc400000|
| 197|0x00000000cc500000, 0x00000000cc500000, 0x00000000cc600000|  0%| F|  |TS  8|AC  0|TAMS 0x00000000cc500000, 0x00000000cc500000|
| 198|0x00000000cc600000, 0x00000000cc600000, 0x00000000cc700000|  0%| F|  |TS  8|AC  0|TAMS 0x00000000cc600000, 0x00000000cc600000|
| 199|0x00000000cc700000, 0x00000000cc700000, 0x00000000cc800000|  0%| F|  |TS  8|AC  0|TAMS 0x00000000cc700000, 0x00000000cc700000|
| 200|0x00000000cc800000, 0x00000000cc800000, 0x00000000cc900000|  0%| F|  |TS  8|AC  0|TAMS 0x00000000cc800000, 0x00000000cc800000|
| 201|0x00000000cc900000, 0x00000000cc900000, 0x00000000cca00000|  0%| F|  |TS  8|AC  0|TAMS 0x00000000cc900000, 0x00000000cc900000|
| 202|0x00000000cca00000, 0x00000000cca00000, 0x00000000ccb00000|  0%| F|  |TS  8|AC  0|TAMS 0x00000000cca00000, 0x00000000cca00000|
| 203|0x00000000ccb00000, 0x00000000ccb00000, 0x00000000ccc00000|  0%| F|  |TS  8|AC  0|TAMS 0x00000000ccb00000, 0x00000000ccb00000|
| 204|0x00000000ccc00000, 0x00000000ccc00000, 0x00000000ccd00000|  0%| F|  |TS  8|AC  0|TAMS 0x00000000ccc00000, 0x00000000ccc00000|
| 205|0x00000000ccd00000, 0x00000000ccd00000, 0x00000000cce00000|  0%| F|  |TS  8|AC  0|TAMS 0x00000000ccd00000, 0x00000000ccd00000|
| 206|0x00000000cce00000, 0x00000000cce00000, 0x00000000ccf00000|  0%| F|  |TS  8|AC  0|TAMS 0x00000000cce00000, 0x00000000cce00000|
| 207|0x00000000ccf00000, 0x00000000ccf00000, 0x00000000cd000000|  0%| F|  |TS  8|AC  0|TAMS 0x00000000ccf00000, 0x00000000ccf00000|
| 208|0x00000000cd000000, 0x00000000cd000000, 0x00000000cd100000|  0%| F|  |TS  8|AC  0|TAMS 0x00000000cd000000, 0x00000000cd000000|
| 209|0x00000000cd100000, 0x00000000cd100000, 0x00000000cd200000|  0%| F|  |TS  8|AC  0|TAMS 0x00000000cd100000, 0x00000000cd100000|
| 210|0x00000000cd200000, 0x00000000cd200000, 0x00000000cd300000|  0%| F|  |TS  8|AC  0|TAMS 0x00000000cd200000, 0x00000000cd200000|
| 211|0x00000000cd300000, 0x00000000cd300000, 0x00000000cd400000|  0%| F|  |TS  8|AC  0|TAMS 0x00000000cd300000, 0x00000000cd300000|
| 212|0x00000000cd400000, 0x00000000cd400000, 0x00000000cd500000|  0%| F|  |TS  8|AC  0|TAMS 0x00000000cd400000, 0x00000000cd400000|
| 213|0x00000000cd500000, 0x00000000cd500000, 0x00000000cd600000|  0%| F|  |TS  8|AC  0|TAMS 0x00000000cd500000, 0x00000000cd500000|
| 214|0x00000000cd600000, 0x00000000cd600000, 0x00000000cd700000|  0%| F|  |TS  8|AC  0|TAMS 0x00000000cd600000, 0x00000000cd600000|
| 215|0x00000000cd700000, 0x00000000cd700000, 0x00000000cd800000|  0%| F|  |TS  8|AC  0|TAMS 0x00000000cd700000, 0x00000000cd700000|
| 216|0x00000000cd800000, 0x00000000cd800000, 0x00000000cd900000|  0%| F|  |TS  8|AC  0|TAMS 0x00000000cd800000, 0x00000000cd800000|
| 217|0x00000000cd900000, 0x00000000cd900000, 0x00000000cda00000|  0%| F|  |TS  8|AC  0|TAMS 0x00000000cd900000, 0x00000000cd900000|
| 218|0x00000000cda00000, 0x00000000cda00000, 0x00000000cdb00000|  0%| F|  |TS  8|AC  0|TAMS 0x00000000cda00000, 0x00000000cda00000|
| 219|0x00000000cdb00000, 0x00000000cdb00000, 0x00000000cdc00000|  0%| F|  |TS  8|AC  0|TAMS 0x00000000cdb00000, 0x00000000cdb00000|
| 220|0x00000000cdc00000, 0x00000000cdc00000, 0x00000000cdd00000|  0%| F|  |TS  8|AC  0|TAMS 0x00000000cdc00000, 0x00000000cdc00000|
| 221|0x00000000cdd00000, 0x00000000cdd00000, 0x00000000cde00000|  0%| F|  |TS  8|AC  0|TAMS 0x00000000cdd00000, 0x00000000cdd00000|
| 222|0x00000000cde00000, 0x00000000cde00000, 0x00000000cdf00000|  0%| F|  |TS  8|AC  0|TAMS 0x00000000cde00000, 0x00000000cde00000|
| 223|0x00000000cdf00000, 0x00000000cdf00000, 0x00000000ce000000|  0%| F|  |TS  8|AC  0|TAMS 0x00000000cdf00000, 0x00000000cdf00000|
| 224|0x00000000ce000000, 0x00000000ce000000, 0x00000000ce100000|  0%| F|  |TS  8|AC  0|TAMS 0x00000000ce000000, 0x00000000ce000000|
| 225|0x00000000ce100000, 0x00000000ce100000, 0x00000000ce200000|  0%| F|  |TS  8|AC  0|TAMS 0x00000000ce100000, 0x00000000ce100000|
| 226|0x00000000ce200000, 0x00000000ce200000, 0x00000000ce300000|  0%| F|  |TS  8|AC  0|TAMS 0x00000000ce200000, 0x00000000ce200000|
| 227|0x00000000ce300000, 0x00000000ce300000, 0x00000000ce400000|  0%| F|  |TS  8|AC  0|TAMS 0x00000000ce300000, 0x00000000ce300000|
| 228|0x00000000ce400000, 0x00000000ce400000, 0x00000000ce500000|  0%| F|  |TS  8|AC  0|TAMS 0x00000000ce400000, 0x00000000ce400000|
| 229|0x00000000ce500000, 0x00000000ce500000, 0x00000000ce600000|  0%| F|  |TS  8|AC  0|TAMS 0x00000000ce500000, 0x00000000ce500000|
| 230|0x00000000ce600000, 0x00000000ce600000, 0x00000000ce700000|  0%| F|  |TS  8|AC  0|TAMS 0x00000000ce600000, 0x00000000ce600000|
| 231|0x00000000ce700000, 0x00000000ce700000, 0x00000000ce800000|  0%| F|  |TS  8|AC  0|TAMS 0x00000000ce700000, 0x00000000ce700000|
| 232|0x00000000ce800000, 0x00000000ce800000, 0x00000000ce900000|  0%| F|  |TS  8|AC  0|TAMS 0x00000000ce800000, 0x00000000ce800000|
| 233|0x00000000ce900000, 0x00000000ce900000, 0x00000000cea00000|  0%| F|  |TS  8|AC  0|TAMS 0x00000000ce900000, 0x00000000ce900000|
| 234|0x00000000cea00000, 0x00000000cea00000, 0x00000000ceb00000|  0%| F|  |TS  8|AC  0|TAMS 0x00000000cea00000, 0x00000000cea00000|
| 235|0x00000000ceb00000, 0x00000000ceb00000, 0x00000000cec00000|  0%| F|  |TS  8|AC  0|TAMS 0x00000000ceb00000, 0x00000000ceb00000|
| 236|0x00000000cec00000, 0x00000000cec00000, 0x00000000ced00000|  0%| F|  |TS  8|AC  0|TAMS 0x00000000cec00000, 0x00000000cec00000|
| 237|0x00000000ced00000, 0x00000000ced00000, 0x00000000cee00000|  0%| F|  |TS  8|AC  0|TAMS 0x00000000ced00000, 0x00000000ced00000|
| 238|0x00000000cee00000, 0x00000000cee00000, 0x00000000cef00000|  0%| F|  |TS  8|AC  0|TAMS 0x00000000cee00000, 0x00000000cee00000|
| 239|0x00000000cef00000, 0x00000000cef00000, 0x00000000cf000000|  0%| F|  |TS  8|AC  0|TAMS 0x00000000cef00000, 0x00000000cef00000|
| 240|0x00000000cf000000, 0x00000000cf000000, 0x00000000cf100000|  0%| F|  |TS  8|AC  0|TAMS 0x00000000cf000000, 0x00000000cf000000|
| 241|0x00000000cf100000, 0x00000000cf100000, 0x00000000cf200000|  0%| F|  |TS  8|AC  0|TAMS 0x00000000cf100000, 0x00000000cf100000|
| 242|0x00000000cf200000, 0x00000000cf200000, 0x00000000cf300000|  0%| F|  |TS  8|AC  0|TAMS 0x00000000cf200000, 0x00000000cf200000|
| 243|0x00000000cf300000, 0x00000000cf300000, 0x00000000cf400000|  0%| F|  |TS  8|AC  0|TAMS 0x00000000cf300000, 0x00000000cf300000|
| 244|0x00000000cf400000, 0x00000000cf400000, 0x00000000cf500000|  0%| F|  |TS  8|AC  0|TAMS 0x00000000cf400000, 0x00000000cf400000|
| 245|0x00000000cf500000, 0x00000000cf500000, 0x00000000cf600000|  0%| F|  |TS  8|AC  0|TAMS 0x00000000cf500000, 0x00000000cf500000|
| 246|0x00000000cf600000, 0x00000000cf600000, 0x00000000cf700000|  0%| F|  |TS  8|AC  0|TAMS 0x00000000cf600000, 0x00000000cf600000|
| 247|0x00000000cf700000, 0x00000000cf700000, 0x00000000cf800000|  0%| F|  |TS  8|AC  0|TAMS 0x00000000cf700000, 0x00000000cf700000|

Card table byte_map: [0x00007f9e71eb9000,0x00007f9e720b9000] byte_map_base: 0x00007f9e718b9000

Marking Bits (Prev, Next): (CMBitMap*) 0x00007f9e6c066938, (CMBitMap*) 0x00007f9e6c066900
 Prev Bits: [0x00007f9e52b25000, 0x00007f9e53b25000)
 Next Bits: [0x00007f9e70cb9000, 0x00007f9e71cb9000)

Polling page: 0x00007f9e769b5000

CodeHeap 'non-profiled nmethods': size=120032Kb used=2781Kb max_used=2781Kb free=117251Kb
 bounds [0x00007f9e5b5ed000, 0x00007f9e5b8ad000, 0x00007f9e62b25000]
CodeHeap 'profiled nmethods': size=120032Kb used=10976Kb max_used=10976Kb free=109055Kb
 bounds [0x00007f9e540b5000, 0x00007f9e54b85000, 0x00007f9e5b5ed000]
CodeHeap 'non-nmethods': size=5696Kb used=1213Kb max_used=1265Kb free=4482Kb
 bounds [0x00007f9e53b25000, 0x00007f9e53d95000, 0x00007f9e540b5000]
 total_blobs=6898 nmethods=4835 adapters=520
 compilation: enabled

Compilation events (10 events):
Event: 48,666 Thread 0x00007f9e6c14d800 5375       3       org.eclipse.jdt.internal.compiler.classfmt.ClassFileReader::getMemberTypes (159 bytes)
Event: 48,668 Thread 0x00007f9e6c14d800 nmethod 5375 0x00007f9e54b72c90 code [0x00007f9e54b72ec0, 0x00007f9e54b737b8]
Event: 48,680 Thread 0x00007f9e6c14d800 5376       2       java.nio.CharBuffer::wrap (8 bytes)
Event: 48,681 Thread 0x00007f9e6c14d800 nmethod 5376 0x00007f9e54b73a90 code [0x00007f9e54b73c60, 0x00007f9e54b73f78]
Event: 48,695 Thread 0x00007f9e6c14d800 5379       2       java.lang.invoke.LambdaFormEditor::getInCache (186 bytes)
Event: 48,698 Thread 0x00007f9e6c14d800 nmethod 5379 0x00007f9e54b74110 code [0x00007f9e54b74320, 0x00007f9e54b74888]
Event: 48,698 Thread 0x00007f9e6c14d800 5377       2       java.lang.invoke.LambdaFormEditor$Transform::inRange (36 bytes)
Event: 48,698 Thread 0x00007f9e6c14d800 nmethod 5377 0x00007f9e54b74b90 code [0x00007f9e54b74d40, 0x00007f9e54b74e90]
Event: 48,698 Thread 0x00007f9e6c14d800 5378       2       java.lang.invoke.LambdaFormEditor$Transform::<init> (28 bytes)
Event: 48,699 Thread 0x00007f9e6c14d800 nmethod 5378 0x00007f9e54b74f10 code [0x00007f9e54b750e0, 0x00007f9e54b752c8]

GC Heap History (10 events):
Event: 40,904 GC heap after
{Heap after GC invocations=29 (full 0):
 garbage-first heap   total 126976K, used 57605K [0x00000000c0000000, 0x0000000100000000)
  region size 1024K, 5 young (5120K), 5 survivors (5120K)
 Metaspace       used 46688K, capacity 48879K, committed 49356K, reserved 1093632K
  class space    used 4474K, capacity 5287K, committed 5376K, reserved 1048576K
}
Event: 41,557 GC heap before
{Heap before GC invocations=29 (full 0):
 garbage-first heap   total 126976K, used 94469K [0x00000000c0000000, 0x0000000100000000)
  region size 1024K, 41 young (41984K), 5 survivors (5120K)
 Metaspace       used 47854K, capacity 50017K, committed 50380K, reserved 1093632K
  class space    used 4565K, capacity 5369K, committed 5376K, reserved 1048576K
}
Event: 41,616 GC heap after
{Heap after GC invocations=30 (full 0):
 garbage-first heap   total 253952K, used 61615K [0x00000000c0000000, 0x0000000100000000)
  region size 1024K, 4 young (4096K), 4 survivors (4096K)
 Metaspace       used 47854K, capacity 50017K, committed 50380K, reserved 1093632K
  class space    used 4565K, capacity 5369K, committed 5376K, reserved 1048576K
}
Event: 43,298 GC heap before
{Heap before GC invocations=30 (full 0):
 garbage-first heap   total 253952K, used 143535K [0x00000000c0000000, 0x0000000100000000)
  region size 1024K, 84 young (86016K), 4 survivors (4096K)
 Metaspace       used 49404K, capacity 51556K, committed 52044K, reserved 1095680K
  class space    used 4696K, capacity 5498K, committed 5504K, reserved 1048576K
}
Event: 43,403 GC heap after
{Heap after GC invocations=31 (full 0):
 garbage-first heap   total 253952K, used 70605K [0x00000000c0000000, 0x0000000100000000)
  region size 1024K, 11 young (11264K), 11 survivors (11264K)
 Metaspace       used 49404K, capacity 51556K, committed 52044K, reserved 1095680K
  class space    used 4696K, capacity 5498K, committed 5504K, reserved 1048576K
}
Event: 44,424 GC heap before
{Heap before GC invocations=31 (full 0):
 garbage-first heap   total 253952K, used 151501K [0x00000000c0000000, 0x0000000100000000)
  region size 1024K, 88 young (90112K), 11 survivors (11264K)
 Metaspace       used 49434K, capacity 51556K, committed 52044K, reserved 1095680K
  class space    used 4697K, capacity 5498K, committed 5504K, reserved 1048576K
}
Event: 44,695 GC heap after
{Heap after GC invocations=32 (full 0):
 garbage-first heap   total 253952K, used 79872K [0x00000000c0000000, 0x0000000100000000)
  region size 1024K, 7 young (7168K), 7 survivors (7168K)
 Metaspace       used 49434K, capacity 51556K, committed 52044K, reserved 1095680K
  class space    used 4697K, capacity 5498K, committed 5504K, reserved 1048576K
}
Event: 46,235 GC heap before
{Heap before GC invocations=32 (full 0):
 garbage-first heap   total 253952K, used 142336K [0x00000000c0000000, 0x0000000100000000)
  region size 1024K, 68 young (69632K), 7 survivors (7168K)
 Metaspace       used 49623K, capacity 51714K, committed 52172K, reserved 1095680K
  class space    used 4710K, capacity 5506K, committed 5632K, reserved 1048576K
}
Event: 46,318 GC heap after
{Heap after GC invocations=33 (full 0):
 garbage-first heap   total 253952K, used 87255K [0x00000000c0000000, 0x0000000100000000)
  region size 1024K, 8 young (8192K), 8 survivors (8192K)
 Metaspace       used 49623K, capacity 51714K, committed 52172K, reserved 1095680K
  class space    used 4710K, capacity 5506K, committed 5632K, reserved 1048576K
}
Event: 48,743 GC heap before
{Heap before GC invocations=33 (full 0):
 garbage-first heap   total 253952K, used 168151K [0x00000000c0000000, 0x0000000100000000)
  region size 1024K, 87 young (89088K), 8 survivors (8192K)
 Metaspace       used 50058K, capacity 52363K, committed 52684K, reserved 1095680K
  class space    used 4753K, capacity 5615K, committed 5632K, reserved 1048576K
}

Deoptimization events (10 events):
Event: 38,994 Thread 0x00007f9e6c224800 Uncommon trap: reason=unstable_if action=reinterpret pc=0x00007f9e5b6769a8 method=java.util.WeakHashMap.expungeStaleEntries()V @ 9 c2
Event: 39,060 Thread 0x00007f9e6c224800 Uncommon trap: reason=unstable_if action=reinterpret pc=0x00007f9e5b678e00 method=java.util.Properties$LineReader.readLine()I @ 445 c2
Event: 39,643 Thread 0x00007f9ddc366000 Uncommon trap: reason=unstable_if action=reinterpret pc=0x00007f9e5b80da04 method=org.eclipse.jdt.internal.core.search.indexing.BinaryIndexer.extractArgCount([C[C)I @ 239 c2
Event: 39,696 Thread 0x00007f9e6c224800 Uncommon trap: reason=predicate action=maybe_recompile pc=0x00007f9e5b735d5c method=java.util.TreeMap.getEntryUsingComparator(Ljava/lang/Object;)Ljava/util/TreeMap$Entry; @ 22 c2
Event: 41,006 Thread 0x00007f9ddc366000 Uncommon trap: reason=unstable_if action=reinterpret pc=0x00007f9e5b827170 method=org.eclipse.jdt.internal.compiler.classfmt.MethodInfo.decodeLocalVariableAttribute(II)V @ 14 c2
Event: 42,505 Thread 0x00007f9e6c224800 Uncommon trap: reason=class_check action=maybe_recompile pc=0x00007f9e5b712868 method=java.util.HashMap.removeNode(ILjava/lang/Object;Ljava/lang/Object;ZZ)Ljava/util/HashMap$Node; @ 68 c2
Event: 45,222 Thread 0x00007f9dd4014000 Uncommon trap: reason=unstable_if action=reinterpret pc=0x00007f9e5b7d5480 method=jdk.internal.jimage.BasicImageReader.findLocation(Ljava/lang/String;)Ljdk/internal/jimage/ImageLocation; @ 40 c2
Event: 45,238 Thread 0x00007f9dd4014000 Uncommon trap: reason=unstable_if action=reinterpret pc=0x00007f9e5b7fc794 method=jdk.internal.jimage.ImageLocation.verify(Ljava/lang/String;[JLjdk/internal/jimage/ImageStrings;)Z @ 73 c2
Event: 45,275 Thread 0x00007f9dd4014000 Uncommon trap: reason=unstable_if action=reinterpret pc=0x00007f9e5b84634c method=org.eclipse.jdt.internal.compiler.parser.Scanner.scanIdentifierOrKeywordWithBoundCheck()I @ 146 c2
Event: 46,690 Thread 0x00007f9ddc366000 Uncommon trap: reason=unstable_if action=reinterpret pc=0x00007f9e5b833644 method=org.eclipse.jdt.internal.core.search.indexing.BinaryIndexer.extractArgCount([C[C)I @ 239 c2

Classes redefined (0 events):
No events

Internal exceptions (10 events):
Event: 41,127 Thread 0x00007f9e6c224800 Exception <a 'java/lang/NoSuchMethodError'{0x00000000c6f99608}: java.lang.invoke.DirectMethodHandle$Holder.invokeStatic(Ljava/lang/Object;Ljava/lang/Object;Ljava/lang/Object;I)I> (0x00000000c6f99608) thrown at [/build/openjdk-lts-Ae5PRQ/openjdk-lts-10.0.2
Event: 41,203 Thread 0x00007f9e6c224800 Exception <a 'java/lang/NoSuchMethodError'{0x00000000c6908500}: java.lang.invoke.DirectMethodHandle$Holder.invokeVirtual(Ljava/lang/Object;Ljava/lang/Object;Ljava/lang/Object;)I> (0x00000000c6908500) thrown at [/build/openjdk-lts-Ae5PRQ/openjdk-lts-10.0.2
Event: 44,232 Thread 0x00007f9dd4014000 Exception <a 'java/lang/ArrayIndexOutOfBoundsException'{0x00000000cba01ed0}> (0x00000000cba01ed0) thrown at [/build/openjdk-lts-Ae5PRQ/openjdk-lts-10.0.2+13/src/hotspot/share/runtime/sharedRuntime.cpp, line 600]
Event: 45,808 Thread 0x00007f9dd4014000 Exception <a 'java/io/FileNotFoundException'{0x00000000cc78b4b8}> (0x00000000cc78b4b8) thrown at [/build/openjdk-lts-Ae5PRQ/openjdk-lts-10.0.2+13/src/hotspot/share/prims/jni.cpp, line 611]
Event: 45,809 Thread 0x00007f9dd4014000 Exception <a 'java/io/FileNotFoundException'{0x00000000cc78c830}> (0x00000000cc78c830) thrown at [/build/openjdk-lts-Ae5PRQ/openjdk-lts-10.0.2+13/src/hotspot/share/prims/jni.cpp, line 611]
Event: 45,928 Thread 0x00007f9dd4014000 Exception <a 'java/lang/ArrayIndexOutOfBoundsException'{0x00000000cc104668}> (0x00000000cc104668) thrown at [/build/openjdk-lts-Ae5PRQ/openjdk-lts-10.0.2+13/src/hotspot/share/runtime/sharedRuntime.cpp, line 600]
Event: 46,467 Thread 0x00007f9dd4014000 Exception <a 'java/lang/ArrayIndexOutOfBoundsException'{0x00000000cf3b7748}> (0x00000000cf3b7748) thrown at [/build/openjdk-lts-Ae5PRQ/openjdk-lts-10.0.2+13/src/hotspot/share/runtime/sharedRuntime.cpp, line 600]
Event: 46,604 Thread 0x00007f9dd4014000 Exception <a 'java/lang/ArrayIndexOutOfBoundsException'{0x00000000ceafd688}> (0x00000000ceafd688) thrown at [/build/openjdk-lts-Ae5PRQ/openjdk-lts-10.0.2+13/src/hotspot/share/runtime/sharedRuntime.cpp, line 600]
Event: 46,679 Thread 0x00007f9dd4014000 Exception <a 'java/lang/ArrayIndexOutOfBoundsException'{0x00000000ce4c3798}> (0x00000000ce4c3798) thrown at [/build/openjdk-lts-Ae5PRQ/openjdk-lts-10.0.2+13/src/hotspot/share/runtime/sharedRuntime.cpp, line 600]
Event: 48,698 Thread 0x0000558b08edb800 Exception <a 'sun/nio/fs/UnixException'{0x00000000ca708b78}> (0x00000000ca708b78) thrown at [/build/openjdk-lts-Ae5PRQ/openjdk-lts-10.0.2+13/src/hotspot/share/prims/jni.cpp, line 611]

Events (10 events):
Event: 48,671 Thread 0x00007f9ddc366000 DEOPT UNPACKING pc=0x00007f9e53b4c83a sp=0x00007f9e11dd5628 mode 0
Event: 48,679 loading class java/nio/file/FileSystemNotFoundException
Event: 48,679 loading class java/nio/file/FileSystemNotFoundException done
Event: 48,698 loading class java/nio/file/AccessDeniedException
Event: 48,704 loading class java/nio/file/AccessDeniedException done
Event: 48,738 Thread 0x00007f9ddc366000 DEOPT PACKING pc=0x00007f9e5496a089 sp=0x00007f9e11dd6070
Event: 48,738 Thread 0x00007f9ddc366000 DEOPT UNPACKING pc=0x00007f9e53b4c83a sp=0x00007f9e11dd5628 mode 0
Event: 48,741 Thread 0x00007f9ddc366000 DEOPT PACKING pc=0x00007f9e54b0dffc sp=0x00007f9e11dd6160
Event: 48,741 Thread 0x00007f9ddc366000 DEOPT UNPACKING pc=0x00007f9e53b4c83a sp=0x00007f9e11dd5620 mode 0
Event: 48,743 Executing VM operation: G1IncCollectionPause


Dynamic libraries:
c0000000-cf800000 rw-p 00000000 00:00 0 
d9400000-100000000 ---p 00000000 00:00 0 
100000000-100580000 rw-p 00000000 00:00 0 
100580000-140000000 ---p 00000000 00:00 0 
558b089a4000-558b089a5000 r-xp 00000000 08:05 2231872                    /usr/lib/jvm/java-11-openjdk-amd64/bin/java
558b08ba5000-558b08ba6000 r--p 00001000 08:05 2231872                    /usr/lib/jvm/java-11-openjdk-amd64/bin/java
558b08ba6000-558b08ba7000 rw-p 00002000 08:05 2231872                    /usr/lib/jvm/java-11-openjdk-amd64/bin/java
558b08ec2000-558b08f8d000 rw-p 00000000 00:00 0                          [heap]
7f9dca325000-7f9dca525000 rw-p 00000000 00:00 0 
7f9dca525000-7f9dca725000 rw-p 00000000 00:00 0 
7f9dca725000-7f9dca925000 rw-p 00000000 00:00 0 
7f9dca925000-7f9dcab25000 rw-p 00000000 00:00 0 
7f9dcab25000-7f9dd4000000 r--s 00000000 08:05 2248920                    /usr/lib/jvm/java-11-openjdk-amd64/lib/modules
7f9dd4000000-7f9dd403f000 rw-p 00000000 00:00 0 
7f9dd403f000-7f9dd8000000 ---p 00000000 00:00 0 
7f9dd8000000-7f9dd8255000 rw-p 00000000 00:00 0 
7f9dd8255000-7f9ddc000000 ---p 00000000 00:00 0 
7f9ddc000000-7f9ddcaf8000 rw-p 00000000 00:00 0 
7f9ddcaf8000-7f9de0000000 ---p 00000000 00:00 0 
7f9de0000000-7f9de0285000 rw-p 00000000 00:00 0 
7f9de0285000-7f9de4000000 ---p 00000000 00:00 0 
7f9de4000000-7f9de4021000 rw-p 00000000 00:00 0 
7f9de4021000-7f9de8000000 ---p 00000000 00:00 0 
7f9de8000000-7f9de8021000 rw-p 00000000 00:00 0 
7f9de8021000-7f9dec000000 ---p 00000000 00:00 0 
7f9dec000000-7f9dec021000 rw-p 00000000 00:00 0 
7f9dec021000-7f9df0000000 ---p 00000000 00:00 0 
7f9df0000000-7f9df0021000 rw-p 00000000 00:00 0 
7f9df0021000-7f9df4000000 ---p 00000000 00:00 0 
7f9df4000000-7f9df4021000 rw-p 00000000 00:00 0 
7f9df4021000-7f9df8000000 ---p 00000000 00:00 0 
7f9df8000000-7f9df8021000 rw-p 00000000 00:00 0 
7f9df8021000-7f9dfc000000 ---p 00000000 00:00 0 
7f9dfc000000-7f9dfca26000 rw-p 00000000 00:00 0 
7f9dfca26000-7f9e00000000 ---p 00000000 00:00 0 
7f9e00000000-7f9e00021000 rw-p 00000000 00:00 0 
7f9e00021000-7f9e04000000 ---p 00000000 00:00 0 
7f9e04000000-7f9e0665d000 rw-p 00000000 00:00 0 
7f9e0665d000-7f9e08000000 ---p 00000000 00:00 0 
7f9e08000000-7f9e0accf000 rw-p 00000000 00:00 0 
7f9e0accf000-7f9e0c000000 ---p 00000000 00:00 0 
7f9e0c000000-7f9e0c021000 rw-p 00000000 00:00 0 
7f9e0c021000-7f9e10000000 ---p 00000000 00:00 0 
7f9e100cd000-7f9e100d1000 ---p 00000000 00:00 0 
7f9e100d1000-7f9e101ce000 rw-p 00000000 00:00 0 
7f9e101ce000-7f9e101d2000 ---p 00000000 00:00 0 
7f9e101d2000-7f9e102cf000 rw-p 00000000 00:00 0 
7f9e102cf000-7f9e102d3000 ---p 00000000 00:00 0 
7f9e102d3000-7f9e103d0000 rw-p 00000000 00:00 0 
7f9e103d0000-7f9e103d4000 ---p 00000000 00:00 0 
7f9e103d4000-7f9e106d1000 rw-p 00000000 00:00 0 
7f9e106d1000-7f9e106d5000 ---p 00000000 00:00 0 
7f9e106d5000-7f9e107d2000 rw-p 00000000 00:00 0 
7f9e107d2000-7f9e107d6000 ---p 00000000 00:00 0 
7f9e107d6000-7f9e108d3000 rw-p 00000000 00:00 0 
7f9e108d3000-7f9e108d7000 ---p 00000000 00:00 0 
7f9e108d7000-7f9e10bd4000 rw-p 00000000 00:00 0 
7f9e10bd4000-7f9e10dd4000 rw-p 00000000 00:00 0 
7f9e10dd4000-7f9e10dd8000 ---p 00000000 00:00 0 
7f9e10dd8000-7f9e110c8000 rw-p 00000000 00:00 0 
7f9e110c8000-7f9e110d5000 ---p 00000000 00:00 0 
7f9e110d5000-7f9e110d9000 ---p 00000000 00:00 0 
7f9e110d9000-7f9e113d6000 rw-p 00000000 00:00 0 
7f9e113d6000-7f9e115d6000 rw-p 00000000 00:00 0 
7f9e115d6000-7f9e117d6000 rw-p 00000000 00:00 0 
7f9e117d6000-7f9e119d6000 rw-p 00000000 00:00 0 
7f9e119d6000-7f9e11bd6000 rw-p 00000000 00:00 0 
7f9e11bd6000-7f9e11bda000 ---p 00000000 00:00 0 
7f9e11bda000-7f9e11cd7000 rw-p 00000000 00:00 0 
7f9e11cd7000-7f9e11cdb000 ---p 00000000 00:00 0 
7f9e11cdb000-7f9e11fd8000 rw-p 00000000 00:00 0 
7f9e11fd8000-7f9e121d8000 rw-p 00000000 00:00 0 
7f9e121d8000-7f9e121dc000 ---p 00000000 00:00 0 
7f9e121dc000-7f9e124d9000 rw-p 00000000 00:00 0 
7f9e124d9000-7f9e124dd000 ---p 00000000 00:00 0 
7f9e124dd000-7f9e127da000 rw-p 00000000 00:00 0 
7f9e127da000-7f9e127ea000 r-xp 00000000 00:34 1048596                    /home/dd/.vscode/extensions/redhat.java-0.37.0/server/config_linux/org.eclipse.equinox.launcher/org.eclipse.equinox.launcher.gtk.linux.x86_64_1.1.900.v20180922-1751/eclipse_1801.so
7f9e127ea000-7f9e129e9000 ---p 00010000 00:34 1048596                    /home/dd/.vscode/extensions/redhat.java-0.37.0/server/config_linux/org.eclipse.equinox.launcher/org.eclipse.equinox.launcher.gtk.linux.x86_64_1.1.900.v20180922-1751/eclipse_1801.so
7f9e129e9000-7f9e129ea000 r--p 0000f000 00:34 1048596                    /home/dd/.vscode/extensions/redhat.java-0.37.0/server/config_linux/org.eclipse.equinox.launcher/org.eclipse.equinox.launcher.gtk.linux.x86_64_1.1.900.v20180922-1751/eclipse_1801.so
7f9e129ea000-7f9e129eb000 rw-p 00010000 00:34 1048596                    /home/dd/.vscode/extensions/redhat.java-0.37.0/server/config_linux/org.eclipse.equinox.launcher/org.eclipse.equinox.launcher.gtk.linux.x86_64_1.1.900.v20180922-1751/eclipse_1801.so
7f9e129eb000-7f9e129ef000 ---p 00000000 00:00 0 
7f9e129ef000-7f9e12aec000 rw-p 00000000 00:00 0 
7f9e12aec000-7f9e12af0000 ---p 00000000 00:00 0 
7f9e12af0000-7f9e12bed000 rw-p 00000000 00:00 0 
7f9e12bed000-7f9e12bf1000 ---p 00000000 00:00 0 
7f9e12bf1000-7f9e12eee000 rw-p 00000000 00:00 0 
7f9e12eee000-7f9e130ee000 rw-p 00000000 00:00 0 
7f9e130ee000-7f9e13105000 r-xp 00000000 08:05 2248880                    /usr/lib/jvm/java-11-openjdk-amd64/lib/libnet.so
7f9e13105000-7f9e13304000 ---p 00017000 08:05 2248880                    /usr/lib/jvm/java-11-openjdk-amd64/lib/libnet.so
7f9e13304000-7f9e13305000 r--p 00016000 08:05 2248880                    /usr/lib/jvm/java-11-openjdk-amd64/lib/libnet.so
7f9e13305000-7f9e13306000 rw-p 00017000 08:05 2248880                    /usr/lib/jvm/java-11-openjdk-amd64/lib/libnet.so
7f9e13306000-7f9e13317000 r-xp 00000000 08:05 2248884                    /usr/lib/jvm/java-11-openjdk-amd64/lib/libnio.so
7f9e13317000-7f9e13516000 ---p 00011000 08:05 2248884                    /usr/lib/jvm/java-11-openjdk-amd64/lib/libnio.so
7f9e13516000-7f9e13517000 r--p 00010000 08:05 2248884                    /usr/lib/jvm/java-11-openjdk-amd64/lib/libnio.so
7f9e13517000-7f9e13518000 rw-p 00011000 08:05 2248884                    /usr/lib/jvm/java-11-openjdk-amd64/lib/libnio.so
7f9e13518000-7f9e13519000 ---p 00000000 00:00 0 
7f9e13519000-7f9e1361a000 rw-p 00000000 00:00 0 
7f9e1361a000-7f9e1361e000 ---p 00000000 00:00 0 
7f9e1361e000-7f9e1371b000 rw-p 00000000 00:00 0 
7f9e1371b000-7f9e1371f000 ---p 00000000 00:00 0 
7f9e1371f000-7f9e1381c000 rw-p 00000000 00:00 0 
7f9e1381c000-7f9e13820000 ---p 00000000 00:00 0 
7f9e13820000-7f9e1391d000 rw-p 00000000 00:00 0 
7f9e1391d000-7f9e13921000 ---p 00000000 00:00 0 
7f9e13921000-7f9e13a1e000 rw-p 00000000 00:00 0 
7f9e13a1e000-7f9e13a22000 ---p 00000000 00:00 0 
7f9e13a22000-7f9e13b1f000 rw-p 00000000 00:00 0 
7f9e13b1f000-7f9e13b23000 ---p 00000000 00:00 0 
7f9e13b23000-7f9e13c20000 rw-p 00000000 00:00 0 
7f9e13c20000-7f9e13c24000 ---p 00000000 00:00 0 
7f9e13c24000-7f9e13d21000 rw-p 00000000 00:00 0 
7f9e13d21000-7f9e14000000 r--p 00000000 08:05 2228444                    /usr/lib/locale/locale-archive
7f9e14000000-7f9e14021000 rw-p 00000000 00:00 0 
7f9e14021000-7f9e18000000 ---p 00000000 00:00 0 
7f9e18000000-7f9e18021000 rw-p 00000000 00:00 0 
7f9e18021000-7f9e1c000000 ---p 00000000 00:00 0 
7f9e1c000000-7f9e1c2e8000 rw-p 00000000 00:00 0 
7f9e1c2e8000-7f9e20000000 ---p 00000000 00:00 0 
7f9e20000000-7f9e2016e000 rw-p 00000000 00:00 0 
7f9e2016e000-7f9e24000000 ---p 00000000 00:00 0 
7f9e24000000-7f9e24021000 rw-p 00000000 00:00 0 
7f9e24021000-7f9e28000000 ---p 00000000 00:00 0 
7f9e28000000-7f9e28021000 rw-p 00000000 00:00 0 
7f9e28021000-7f9e2c000000 ---p 00000000 00:00 0 
7f9e2c000000-7f9e2c021000 rw-p 00000000 00:00 0 
7f9e2c021000-7f9e30000000 ---p 00000000 00:00 0 
7f9e30000000-7f9e30021000 rw-p 00000000 00:00 0 
7f9e30021000-7f9e34000000 ---p 00000000 00:00 0 
7f9e34000000-7f9e34021000 rw-p 00000000 00:00 0 
7f9e34021000-7f9e38000000 ---p 00000000 00:00 0 
7f9e38000000-7f9e38052000 rw-p 00000000 00:00 0 
7f9e38052000-7f9e3c000000 ---p 00000000 00:00 0 
7f9e3c000000-7f9e3c041000 rw-p 00000000 00:00 0 
7f9e3c041000-7f9e40000000 ---p 00000000 00:00 0 
7f9e40000000-7f9e40021000 rw-p 00000000 00:00 0 
7f9e40021000-7f9e44000000 ---p 00000000 00:00 0 
7f9e44000000-7f9e44036000 rw-p 00000000 00:00 0 
7f9e44036000-7f9e48000000 ---p 00000000 00:00 0 
7f9e48000000-7f9e4803c000 rw-p 00000000 00:00 0 
7f9e4803c000-7f9e4c000000 ---p 00000000 00:00 0 
7f9e4c000000-7f9e4c03b000 rw-p 00000000 00:00 0 
7f9e4c03b000-7f9e50000000 ---p 00000000 00:00 0 
7f9e50021000-7f9e50025000 ---p 00000000 00:00 0 
7f9e50025000-7f9e50122000 rw-p 00000000 00:00 0 
7f9e50122000-7f9e50126000 ---p 00000000 00:00 0 
7f9e50126000-7f9e50223000 rw-p 00000000 00:00 0 
7f9e50223000-7f9e50224000 ---p 00000000 00:00 0 
7f9e50224000-7f9e52f05000 rw-p 00000000 00:00 0 
7f9e52f05000-7f9e53b25000 ---p 00000000 00:00 0 
7f9e53b25000-7f9e53d95000 rwxp 00000000 00:00 0 
7f9e53d95000-7f9e540b5000 ---p 00000000 00:00 0 
7f9e540b5000-7f9e54b85000 rwxp 00000000 00:00 0 
7f9e54b85000-7f9e5b5ed000 ---p 00000000 00:00 0 
7f9e5b5ed000-7f9e5b8ad000 rwxp 00000000 00:00 0 
7f9e5b8ad000-7f9e62b25000 ---p 00000000 00:00 0 
7f9e62b25000-7f9e6c000000 r--s 00000000 08:05 2248920                    /usr/lib/jvm/java-11-openjdk-amd64/lib/modules
7f9e6c000000-7f9e6c6db000 rw-p 00000000 00:00 0 
7f9e6c6db000-7f9e70000000 ---p 00000000 00:00 0 
7f9e7002f000-7f9e700a5000 rw-p 00000000 00:00 0 
7f9e700a5000-7f9e700a6000 ---p 00000000 00:00 0 
7f9e700a6000-7f9e701a7000 rw-p 00000000 00:00 0 
7f9e701a7000-7f9e701a8000 ---p 00000000 00:00 0 
7f9e701a8000-7f9e702a9000 rw-p 00000000 00:00 0 
7f9e702a9000-7f9e702aa000 ---p 00000000 00:00 0 
7f9e702aa000-7f9e703ab000 rw-p 00000000 00:00 0 
7f9e703ab000-7f9e703ac000 ---p 00000000 00:00 0 
7f9e703ac000-7f9e704ad000 rw-p 00000000 00:00 0 
7f9e704ad000-7f9e704ae000 ---p 00000000 00:00 0 
7f9e704ae000-7f9e705af000 rw-p 00000000 00:00 0 
7f9e705af000-7f9e705b0000 ---p 00000000 00:00 0 
7f9e705b0000-7f9e70ab5000 rw-p 00000000 00:00 0 
7f9e70ab5000-7f9e70ab6000 ---p 00000000 00:00 0 
7f9e70ab6000-7f9e70bb7000 rw-p 00000000 00:00 0 
7f9e70bb7000-7f9e70bb8000 ---p 00000000 00:00 0 
7f9e70bb8000-7f9e71099000 rw-p 00000000 00:00 0 
7f9e71099000-7f9e71cb9000 ---p 00000000 00:00 0 
7f9e71cb9000-7f9e71d35000 rw-p 00000000 00:00 0 
7f9e71d35000-7f9e71eb9000 ---p 00000000 00:00 0 
7f9e71eb9000-7f9e71f35000 rw-p 00000000 00:00 0 
7f9e71f35000-7f9e720b9000 ---p 00000000 00:00 0 
7f9e720b9000-7f9e72135000 rw-p 00000000 00:00 0 
7f9e72135000-7f9e722b9000 ---p 00000000 00:00 0 
7f9e722b9000-7f9e726bd000 rw-p 00000000 00:00 0 
7f9e726bd000-7f9e726be000 ---p 00000000 00:00 0 
7f9e726be000-7f9e727bf000 rw-p 00000000 00:00 0 
7f9e727bf000-7f9e727c0000 ---p 00000000 00:00 0 
7f9e727c0000-7f9e728c1000 rw-p 00000000 00:00 0 
7f9e728c1000-7f9e728c2000 ---p 00000000 00:00 0 
7f9e728c2000-7f9e729c3000 rw-p 00000000 00:00 0 
7f9e729c3000-7f9e729c4000 ---p 00000000 00:00 0 
7f9e729c4000-7f9e72acb000 rw-p 00000000 00:00 0 
7f9e72acb000-7f9e72bb0000 ---p 00000000 00:00 0 
7f9e72bb0000-7f9e72bc6000 rw-p 00000000 00:00 0 
7f9e72bc6000-7f9e72c9b000 ---p 00000000 00:00 0 
7f9e72c9b000-7f9e72ca0000 r-xp 00000000 08:05 2232096                    /usr/lib/jvm/java-11-openjdk-amd64/lib/libjimage.so
7f9e72ca0000-7f9e72e9f000 ---p 00005000 08:05 2232096                    /usr/lib/jvm/java-11-openjdk-amd64/lib/libjimage.so
7f9e72e9f000-7f9e72ea0000 r--p 00004000 08:05 2232096                    /usr/lib/jvm/java-11-openjdk-amd64/lib/libjimage.so
7f9e72ea0000-7f9e72ea1000 rw-p 00005000 08:05 2232096                    /usr/lib/jvm/java-11-openjdk-amd64/lib/libjimage.so
7f9e72ea1000-7f9e72ea8000 r-xp 00000000 08:05 2248916                    /usr/lib/jvm/java-11-openjdk-amd64/lib/libzip.so
7f9e72ea8000-7f9e730a7000 ---p 00007000 08:05 2248916                    /usr/lib/jvm/java-11-openjdk-amd64/lib/libzip.so
7f9e730a7000-7f9e730a8000 r--p 00006000 08:05 2248916                    /usr/lib/jvm/java-11-openjdk-amd64/lib/libzip.so
7f9e730a8000-7f9e730a9000 rw-p 00007000 08:05 2248916                    /usr/lib/jvm/java-11-openjdk-amd64/lib/libzip.so
7f9e730a9000-7f9e730b4000 r-xp 00000000 08:05 795587                     /lib/x86_64-linux-gnu/libnss_files-2.27.so
7f9e730b4000-7f9e732b3000 ---p 0000b000 08:05 795587                     /lib/x86_64-linux-gnu/libnss_files-2.27.so
7f9e732b3000-7f9e732b4000 r--p 0000a000 08:05 795587                     /lib/x86_64-linux-gnu/libnss_files-2.27.so
7f9e732b4000-7f9e732b5000 rw-p 0000b000 08:05 795587                     /lib/x86_64-linux-gnu/libnss_files-2.27.so
7f9e732b5000-7f9e732bb000 rw-p 00000000 00:00 0 
7f9e732bb000-7f9e732d2000 r-xp 00000000 08:05 795584                     /lib/x86_64-linux-gnu/libnsl-2.27.so
7f9e732d2000-7f9e734d1000 ---p 00017000 08:05 795584                     /lib/x86_64-linux-gnu/libnsl-2.27.so
7f9e734d1000-7f9e734d2000 r--p 00016000 08:05 795584                     /lib/x86_64-linux-gnu/libnsl-2.27.so
7f9e734d2000-7f9e734d3000 rw-p 00017000 08:05 795584                     /lib/x86_64-linux-gnu/libnsl-2.27.so
7f9e734d3000-7f9e734d5000 rw-p 00000000 00:00 0 
7f9e734d5000-7f9e734e0000 r-xp 00000000 08:05 795589                     /lib/x86_64-linux-gnu/libnss_nis-2.27.so
7f9e734e0000-7f9e736df000 ---p 0000b000 08:05 795589                     /lib/x86_64-linux-gnu/libnss_nis-2.27.so
7f9e736df000-7f9e736e0000 r--p 0000a000 08:05 795589                     /lib/x86_64-linux-gnu/libnss_nis-2.27.so
7f9e736e0000-7f9e736e1000 rw-p 0000b000 08:05 795589                     /lib/x86_64-linux-gnu/libnss_nis-2.27.so
7f9e736e1000-7f9e736e9000 r-xp 00000000 08:05 795585                     /lib/x86_64-linux-gnu/libnss_compat-2.27.so
7f9e736e9000-7f9e738e9000 ---p 00008000 08:05 795585                     /lib/x86_64-linux-gnu/libnss_compat-2.27.so
7f9e738e9000-7f9e738ea000 r--p 00008000 08:05 795585                     /lib/x86_64-linux-gnu/libnss_compat-2.27.so
7f9e738ea000-7f9e738eb000 rw-p 00009000 08:05 795585                     /lib/x86_64-linux-gnu/libnss_compat-2.27.so
7f9e738eb000-7f9e73917000 r-xp 00000000 08:05 2232092                    /usr/lib/jvm/java-11-openjdk-amd64/lib/libjava.so
7f9e73917000-7f9e73b16000 ---p 0002c000 08:05 2232092                    /usr/lib/jvm/java-11-openjdk-amd64/lib/libjava.so
7f9e73b16000-7f9e73b17000 r--p 0002b000 08:05 2232092                    /usr/lib/jvm/java-11-openjdk-amd64/lib/libjava.so
7f9e73b17000-7f9e73b19000 rw-p 0002c000 08:05 2232092                    /usr/lib/jvm/java-11-openjdk-amd64/lib/libjava.so
7f9e73b19000-7f9e73b26000 r-xp 00000000 08:05 2248912                    /usr/lib/jvm/java-11-openjdk-amd64/lib/libverify.so
7f9e73b26000-7f9e73d25000 ---p 0000d000 08:05 2248912                    /usr/lib/jvm/java-11-openjdk-amd64/lib/libverify.so
7f9e73d25000-7f9e73d27000 r--p 0000c000 08:05 2248912                    /usr/lib/jvm/java-11-openjdk-amd64/lib/libverify.so
7f9e73d27000-7f9e73d28000 rw-p 0000e000 08:05 2248912                    /usr/lib/jvm/java-11-openjdk-amd64/lib/libverify.so
7f9e73d28000-7f9e73d2f000 r-xp 00000000 08:05 795594                     /lib/x86_64-linux-gnu/librt-2.27.so
7f9e73d2f000-7f9e73f2e000 ---p 00007000 08:05 795594                     /lib/x86_64-linux-gnu/librt-2.27.so
7f9e73f2e000-7f9e73f2f000 r--p 00006000 08:05 795594                     /lib/x86_64-linux-gnu/librt-2.27.so
7f9e73f2f000-7f9e73f30000 rw-p 00007000 08:05 795594                     /lib/x86_64-linux-gnu/librt-2.27.so
7f9e73f30000-7f9e73f47000 r-xp 00000000 08:05 791100                     /lib/x86_64-linux-gnu/libgcc_s.so.1
7f9e73f47000-7f9e74146000 ---p 00017000 08:05 791100                     /lib/x86_64-linux-gnu/libgcc_s.so.1
7f9e74146000-7f9e74147000 r--p 00016000 08:05 791100                     /lib/x86_64-linux-gnu/libgcc_s.so.1
7f9e74147000-7f9e74148000 rw-p 00017000 08:05 791100                     /lib/x86_64-linux-gnu/libgcc_s.so.1
7f9e74148000-7f9e742e5000 r-xp 00000000 08:05 795581                     /lib/x86_64-linux-gnu/libm-2.27.so
7f9e742e5000-7f9e744e4000 ---p 0019d000 08:05 795581                     /lib/x86_64-linux-gnu/libm-2.27.so
7f9e744e4000-7f9e744e5000 r--p 0019c000 08:05 795581                     /lib/x86_64-linux-gnu/libm-2.27.so
7f9e744e5000-7f9e744e6000 rw-p 0019d000 08:05 795581                     /lib/x86_64-linux-gnu/libm-2.27.so
7f9e744e6000-7f9e7465f000 r-xp 00000000 08:05 2230609                    /usr/lib/x86_64-linux-gnu/libstdc++.so.6.0.25
7f9e7465f000-7f9e7485f000 ---p 00179000 08:05 2230609                    /usr/lib/x86_64-linux-gnu/libstdc++.so.6.0.25
7f9e7485f000-7f9e74869000 r--p 00179000 08:05 2230609                    /usr/lib/x86_64-linux-gnu/libstdc++.so.6.0.25
7f9e74869000-7f9e7486b000 rw-p 00183000 08:05 2230609                    /usr/lib/x86_64-linux-gnu/libstdc++.so.6.0.25
7f9e7486b000-7f9e7486f000 rw-p 00000000 00:00 0 
7f9e7486f000-7f9e7580c000 r-xp 00000000 08:05 2248934                    /usr/lib/jvm/java-11-openjdk-amd64/lib/server/libjvm.so
7f9e7580c000-7f9e75a0c000 ---p 00f9d000 08:05 2248934                    /usr/lib/jvm/java-11-openjdk-amd64/lib/server/libjvm.so
7f9e75a0c000-7f9e75ad0000 r--p 00f9d000 08:05 2248934                    /usr/lib/jvm/java-11-openjdk-amd64/lib/server/libjvm.so
7f9e75ad0000-7f9e75b08000 rw-p 01061000 08:05 2248934                    /usr/lib/jvm/java-11-openjdk-amd64/lib/server/libjvm.so
7f9e75b08000-7f9e75b51000 rw-p 00000000 00:00 0 
7f9e75b51000-7f9e75b6b000 r-xp 00000000 08:05 795592                     /lib/x86_64-linux-gnu/libpthread-2.27.so
7f9e75b6b000-7f9e75d6a000 ---p 0001a000 08:05 795592                     /lib/x86_64-linux-gnu/libpthread-2.27.so
7f9e75d6a000-7f9e75d6b000 r--p 00019000 08:05 795592                     /lib/x86_64-linux-gnu/libpthread-2.27.so
7f9e75d6b000-7f9e75d6c000 rw-p 0001a000 08:05 795592                     /lib/x86_64-linux-gnu/libpthread-2.27.so
7f9e75d6c000-7f9e75d70000 rw-p 00000000 00:00 0 
7f9e75d70000-7f9e75d73000 r-xp 00000000 08:05 795580                     /lib/x86_64-linux-gnu/libdl-2.27.so
7f9e75d73000-7f9e75f72000 ---p 00003000 08:05 795580                     /lib/x86_64-linux-gnu/libdl-2.27.so
7f9e75f72000-7f9e75f73000 r--p 00002000 08:05 795580                     /lib/x86_64-linux-gnu/libdl-2.27.so
7f9e75f73000-7f9e75f74000 rw-p 00003000 08:05 795580                     /lib/x86_64-linux-gnu/libdl-2.27.so
7f9e75f74000-7f9e75f90000 r-xp 00000000 08:05 791382                     /lib/x86_64-linux-gnu/libz.so.1.2.11
7f9e75f90000-7f9e7618f000 ---p 0001c000 08:05 791382                     /lib/x86_64-linux-gnu/libz.so.1.2.11
7f9e7618f000-7f9e76190000 r--p 0001b000 08:05 791382                     /lib/x86_64-linux-gnu/libz.so.1.2.11
7f9e76190000-7f9e76191000 rw-p 0001c000 08:05 791382                     /lib/x86_64-linux-gnu/libz.so.1.2.11
7f9e76191000-7f9e76378000 r-xp 00000000 08:05 795577                     /lib/x86_64-linux-gnu/libc-2.27.so
7f9e76378000-7f9e76578000 ---p 001e7000 08:05 795577                     /lib/x86_64-linux-gnu/libc-2.27.so
7f9e76578000-7f9e7657c000 r--p 001e7000 08:05 795577                     /lib/x86_64-linux-gnu/libc-2.27.so
7f9e7657c000-7f9e7657e000 rw-p 001eb000 08:05 795577                     /lib/x86_64-linux-gnu/libc-2.27.so
7f9e7657e000-7f9e76582000 rw-p 00000000 00:00 0 
7f9e76582000-7f9e76591000 r-xp 00000000 08:05 2232075                    /usr/lib/jvm/java-11-openjdk-amd64/lib/jli/libjli.so
7f9e76591000-7f9e76790000 ---p 0000f000 08:05 2232075                    /usr/lib/jvm/java-11-openjdk-amd64/lib/jli/libjli.so
7f9e76790000-7f9e76791000 r--p 0000e000 08:05 2232075                    /usr/lib/jvm/java-11-openjdk-amd64/lib/jli/libjli.so
7f9e76791000-7f9e76792000 rw-p 0000f000 08:05 2232075                    /usr/lib/jvm/java-11-openjdk-amd64/lib/jli/libjli.so
7f9e76792000-7f9e767b9000 r-xp 00000000 08:05 795573                     /lib/x86_64-linux-gnu/ld-2.27.so
7f9e767d7000-7f9e767db000 ---p 00000000 00:00 0 
7f9e767db000-7f9e76894000 rw-p 00000000 00:00 0 
7f9e76894000-7f9e76898000 ---p 00000000 00:00 0 
7f9e76898000-7f9e76997000 rw-p 00000000 00:00 0 
7f9e769a0000-7f9e769a6000 rw-p 00000000 00:00 0 
7f9e769a6000-7f9e769ad000 ---p 00000000 00:00 0 
7f9e769ad000-7f9e769b5000 rw-s 00000000 08:05 3801526                    /tmp/hsperfdata_dd/3815
7f9e769b5000-7f9e769b6000 ---p 00000000 00:00 0 
7f9e769b6000-7f9e769b7000 r--p 00000000 00:00 0 
7f9e769b7000-7f9e769b9000 rw-p 00000000 00:00 0 
7f9e769b9000-7f9e769ba000 r--p 00027000 08:05 795573                     /lib/x86_64-linux-gnu/ld-2.27.so
7f9e769ba000-7f9e769bb000 rw-p 00028000 08:05 795573                     /lib/x86_64-linux-gnu/ld-2.27.so
7f9e769bb000-7f9e769bc000 rw-p 00000000 00:00 0 
7ffd249b5000-7ffd249d6000 rw-p 00000000 00:00 0                          [stack]
7ffd249d6000-7ffd249d9000 r--p 00000000 00:00 0                          [vvar]
7ffd249d9000-7ffd249db000 r-xp 00000000 00:00 0                          [vdso]
ffffffffff600000-ffffffffff601000 r-xp 00000000 00:00 0                  [vsyscall]


VM Arguments:
jvm_args: --add-modules=ALL-SYSTEM --add-opens=java.base/java.util=ALL-UNNAMED --add-opens=java.base/java.lang=ALL-UNNAMED -Declipse.application=org.eclipse.jdt.ls.core.id1 -Dosgi.bundles.defaultStartLevel=4 -Declipse.product=org.eclipse.jdt.ls.core.product -Xverify:none -Xmx1G -XX:+UseG1GC -XX:+UseStringDeduplication 
java_command: /home/dd/.vscode/extensions/redhat.java-0.37.0/server/plugins/org.eclipse.equinox.launcher_1.5.200.v20180922-1751.jar -configuration /home/dd/.vscode/extensions/redhat.java-0.37.0/server/config_linux -data /home/dd/.config/Code/User/workspaceStorage/a781280eae2b423a4e7dc34a2da1dc1e/redhat.java/jdt_ws
java_class_path (initial): /home/dd/.vscode/extensions/redhat.java-0.37.0/server/plugins/org.eclipse.equinox.launcher_1.5.200.v20180922-1751.jar
Launcher Type: SUN_STANDARD

Logging:
Log output configuration:
#0: stdout all=warning uptime,level,tags
#1: stderr all=off uptime,level,tags

Environment Variables:
PATH=/usr/local/sbin:/usr/local/bin:/usr/sbin:/usr/bin:/sbin:/bin:/usr/games:/usr/local/games:/snap/bin
USERNAME=dd
SHELL=/bin/bash
DISPLAY=:0

Signal Handlers:
SIGSEGV: [libjvm.so+0xd28b70], sa_mask[0]=11111111011111111101111111111110, sa_flags=SA_RESTART|SA_SIGINFO
SIGBUS: [libjvm.so+0xd28b70], sa_mask[0]=11111111011111111101111111111110, sa_flags=SA_RESTART|SA_SIGINFO
SIGFPE: [libjvm.so+0xd28b70], sa_mask[0]=11111111011111111101111111111110, sa_flags=SA_RESTART|SA_SIGINFO
SIGPIPE: [libjvm.so+0xb2a1f0], sa_mask[0]=11111111011111111101111111111110, sa_flags=SA_RESTART|SA_SIGINFO
SIGXFSZ: [libjvm.so+0xb2a1f0], sa_mask[0]=11111111011111111101111111111110, sa_flags=SA_RESTART|SA_SIGINFO
SIGILL: [libjvm.so+0xd28b70], sa_mask[0]=11111111011111111101111111111110, sa_flags=SA_RESTART|SA_SIGINFO
SIGUSR2: [libjvm.so+0xb2a030], sa_mask[0]=00000000000000000000000000000000, sa_flags=SA_RESTART|SA_SIGINFO
SIGHUP: [libjvm.so+0xb2a180], sa_mask[0]=11111111011111111101111111111110, sa_flags=SA_RESTART|SA_SIGINFO
SIGINT: [libjvm.so+0xb2a180], sa_mask[0]=11111111011111111101111111111110, sa_flags=SA_RESTART|SA_SIGINFO
SIGTERM: [libjvm.so+0xb2a180], sa_mask[0]=11111111011111111101111111111110, sa_flags=SA_RESTART|SA_SIGINFO
SIGQUIT: [libjvm.so+0xb2a180], sa_mask[0]=11111111011111111101111111111110, sa_flags=SA_RESTART|SA_SIGINFO


---------------  S Y S T E M  ---------------

OS:DISTRIB_ID=Ubuntu
DISTRIB_RELEASE=18.04
DISTRIB_CODENAME=bionic
DISTRIB_DESCRIPTION="Ubuntu 18.04.1 LTS"
uname:Linux 4.15.0-39-generic #42-Ubuntu SMP Tue Oct 23 15:48:01 UTC 2018 x86_64
libc:glibc 2.27 NPTL 2.27 
rlimit: STACK 8192k, CORE 0k, NPROC 13317, NOFILE 1048576, AS infinity, DATA infinity, FSIZE infinity
load average:5,31 3,22 2,64

/proc/meminfo:
MemTotal:        3469904 kB
MemFree:          129008 kB
MemAvailable:      86856 kB
Buffers:            8064 kB
Cached:           156476 kB
SwapCached:            0 kB
Active:          2953796 kB
Inactive:         124856 kB
Active(anon):    2916428 kB
Inactive(anon):    57484 kB
Active(file):      37368 kB
Inactive(file):    67372 kB
Unevictable:          92 kB
Mlocked:              92 kB
SwapTotal:             0 kB
SwapFree:              0 kB
Dirty:               616 kB
Writeback:             0 kB
AnonPages:       2914412 kB
Mapped:           127804 kB
Shmem:             59592 kB
Slab:             105636 kB
SReclaimable:      43668 kB
SUnreclaim:        61968 kB
KernelStack:       17440 kB
PageTables:        68644 kB
NFS_Unstable:          0 kB
Bounce:                0 kB
WritebackTmp:          0 kB
CommitLimit:     1734952 kB
Committed_AS:    9456456 kB
VmallocTotal:   34359738367 kB
VmallocUsed:           0 kB
VmallocChunk:          0 kB
HardwareCorrupted:     0 kB
AnonHugePages:         0 kB
ShmemHugePages:        0 kB
ShmemPmdMapped:        0 kB
CmaTotal:              0 kB
CmaFree:               0 kB
HugePages_Total:       0
HugePages_Free:        0
HugePages_Rsvd:        0
HugePages_Surp:        0
Hugepagesize:       2048 kB
DirectMap4k:      347644 kB
DirectMap2M:     3268608 kB
DirectMap1G:           0 kB

container (cgroup) information:
container_type: cgroupv1
cpu_cpuset_cpus: 0-3
cpu_memory_nodes: 0
active_processor_count: 4
cpu_quota: -1
cpu_period: 100000
cpu_shares: -1
memory_limit_in_bytes: -1
memory_and_swap_limit_in_bytes: -2
memory_soft_limit_in_bytes: -1
memory_usage_in_bytes: 3152760832
memory_max_usage_in_bytes: 3919872


CPU:total 4 (initial active 4) (4 cores per cpu, 1 threads per core) family 22 model 0 stepping 1, cmov, cx8, fxsr, mmx, sse, sse2, sse3, ssse3, sse4.1, sse4.2, popcnt, avx, aes, clmul, mmxext, 3dnowpref, lzcnt, sse4a, tsc, tscinvbit, tscinv, bmi1
CPU Model and flags from /proc/cpuinfo:
model name	: AMD E2-3800 APU with Radeon(TM) HD Graphics
flags		: fpu vme de pse tsc msr pae mce cx8 apic sep mtrr pge mca cmov pat pse36 clflush mmx fxsr sse sse2 ht syscall nx mmxext fxsr_opt pdpe1gb rdtscp lm constant_tsc rep_good nopl nonstop_tsc cpuid extd_apicid aperfmperf pni pclmulqdq monitor ssse3 cx16 sse4_1 sse4_2 movbe popcnt aes xsave avx f16c lahf_lm cmp_legacy svm extapic cr8_legacy abm sse4a misalignsse 3dnowprefetch osvw ibs skinit wdt topoext perfctr_nb bpext perfctr_llc hw_pstate proc_feedback ssbd vmmcall bmi1 xsaveopt arat npt lbrv svm_lock nrip_save tsc_scale flushbyasid decodeassists pausefilter pfthreshold overflow_recov

Memory: 4k page, physical 3469904k(129008k free), swap 0k(0k free)

vm_info: OpenJDK 64-Bit Server VM (10.0.2+13-Ubuntu-1ubuntu0.18.04.4) for linux-amd64 JRE (10.0.2+13-Ubuntu-1ubuntu0.18.04.4), built on Nov 13 2018 12:53:39 by "buildd" with gcc 7.3.0

END.
